#
# There is insufficient memory for the Java Runtime Environment to continue.
# Native memory allocation (malloc) failed to allocate 32744 bytes. Error detail: Chunk::new
# Possible reasons:
#   The system is out of physical RAM or swap space
#   This process is running with CompressedOops enabled, and the Java Heap may be blocking the growth of the native heap
# Possible solutions:
#   Reduce memory load on the system
#   Increase physical memory or swap space
#   Check if swap backing store is full
#   Decrease Java heap size (-Xmx/-Xms)
#   Decrease number of Java threads
#   Decrease Java thread stack sizes (-Xss)
#   Set larger code cache with -XX:ReservedCodeCacheSize=
#   JVM is running with Unscaled Compressed Oops mode in which the Java heap is
#     placed in the first 4GB address space. The Java Heap base address is the
#     maximum limit for the native heap growth. Please use -XX:HeapBaseMinAddress
#     to set the Java Heap base and to place the Java Heap above 4GB virtual address.
# This output file may be truncated or incomplete.
#
#  Out of Memory Error (arena.cpp:149), pid=34676, tid=33780
#
# JRE version:  (23.0+27) (build )
# Java VM: OpenJDK 64-Bit Server VM (23-ea+27-2275, mixed mode, tiered, compressed oops, compressed class ptrs, g1 gc, windows-amd64)
# No core dump will be written. Minidumps are not enabled by default on client versions of Windows
#

---------------  S U M M A R Y ------------

Command Line: -Dclassworlds.conf=C:\Program Files\Java\maven\apache-maven-3.9.8\bin\m2.conf -Dmaven.home=C:\Program Files\Java\maven\apache-maven-3.9.8 -Dlibrary.jansi.path=C:\Program Files\Java\maven\apache-maven-3.9.8\lib\jansi-native -Dmaven.multiModuleProjectDirectory=c:\Users\nmene\Desktop\Inventarios\inventario org.codehaus.plexus.classworlds.launcher.Launcher -q help:effective-pom -Doutput=c:\Users\nmene\Desktop\Inventarios\inventario\effective-pom.xml -f c:/Users/nmene/Desktop/Inventarios/inventario/pom.xml

Host: AMD Ryzen 5 2500U with Radeon Vega Mobile Gfx  , 8 cores, 6G,  Windows 11 , 64 bit Build 22621 (10.0.22621.3958)
Time: Fri Aug 23 15:30:16 2024 Hora estándar central (México) elapsed time: 0.114189 seconds (0d 0h 0m 0s)

---------------  T H R E A D  ---------------

Current thread (0x00000136ebe80250):  JavaThread "Unknown thread" [_thread_in_vm, id=33780, stack(0x00000017d7000000,0x00000017d7100000) (1024K)]

Stack: [0x00000017d7000000,0x00000017d7100000]
Native frames: (J=compiled Java code, j=interpreted, Vv=VM code, C=native code)
V  [jvm.dll+0x6e0959]  (no source info available)
V  [jvm.dll+0x87d843]  (no source info available)
V  [jvm.dll+0x87fcce]  (no source info available)
V  [jvm.dll+0x8803a3]  (no source info available)
V  [jvm.dll+0x27af76]  (no source info available)
V  [jvm.dll+0xbc07f]  (no source info available)
V  [jvm.dll+0xbc2db]  (no source info available)
V  [jvm.dll+0x209926]  (no source info available)
V  [jvm.dll+0x21218d]  (no source info available)
V  [jvm.dll+0x21241a]  (no source info available)
V  [jvm.dll+0x212e41]  (no source info available)
V  [jvm.dll+0x2080ee]  (no source info available)
V  [jvm.dll+0x5be57f]  (no source info available)
V  [jvm.dll+0x219afb]  (no source info available)
V  [jvm.dll+0x7f2ef0]  (no source info available)
V  [jvm.dll+0x7f3f96]  (no source info available)
V  [jvm.dll+0x7f45a4]  (no source info available)
V  [jvm.dll+0x7f4228]  (no source info available)
V  [jvm.dll+0x87b838]  (no source info available)
V  [jvm.dll+0x87b5e1]  (no source info available)
V  [jvm.dll+0x7f2190]  (no source info available)
V  [jvm.dll+0x8426bb]  (no source info available)
V  [jvm.dll+0x843ffd]  (no source info available)
V  [jvm.dll+0x3b9729]  (no source info available)
V  [jvm.dll+0x82cfed]  (no source info available)
V  [jvm.dll+0x454bee]  (no source info available)
