#
# There is insufficient memory for the Java Runtime Environment to continue.
# Native memory allocation (mmap) failed to map 117440512 bytes. Error detail: G1 virtual space
# Possible reasons:
#   The system is out of physical RAM or swap space
#   This process is running with CompressedOops enabled, and the Java Heap may be blocking the growth of the native heap
# Possible solutions:
#   Reduce memory load on the system
#   Increase physical memory or swap space
#   Check if swap backing store is full
#   Decrease Java heap size (-Xmx/-Xms)
#   Decrease number of Java threads
#   Decrease Java thread stack sizes (-Xss)
#   Set larger code cache with -XX:ReservedCodeCacheSize=
#   JVM is running with Unscaled Compressed Oops mode in which the Java heap is
#     placed in the first 4GB address space. The Java Heap base address is the
#     maximum limit for the native heap growth. Please use -XX:HeapBaseMinAddress
#     to set the Java Heap base and to place the Java Heap above 4GB virtual address.
# This output file may be truncated or incomplete.
#
#  Out of Memory Error (os_windows.cpp:3703), pid=22880, tid=29680
#
# JRE version:  (23.0+27) (build )
# Java VM: OpenJDK 64-Bit Server VM (23-ea+27-2275, mixed mode, sharing, tiered, compressed oops, compressed class ptrs, g1 gc, windows-amd64)
# No core dump will be written. Minidumps are not enabled by default on client versions of Windows
#

---------------  S U M M A R Y ------------

Command Line: -Dclassworlds.conf=C:\Program Files\Java\maven\apache-maven-3.9.8\bin\m2.conf -Dmaven.home=C:\Program Files\Java\maven\apache-maven-3.9.8 -Dlibrary.jansi.path=C:\Program Files\Java\maven\apache-maven-3.9.8\lib\jansi-native -Dmaven.multiModuleProjectDirectory=c:\Users\nmene\Desktop\Inventarios\inventario org.codehaus.plexus.classworlds.launcher.Launcher -q help:effective-pom -Doutput=c:\Users\nmene\Desktop\Inventarios\inventario\effective-pom.xml -f c:/Users/nmene/Desktop/Inventarios/inventario/pom.xml

Host: AMD Ryzen 5 2500U with Radeon Vega Mobile Gfx  , 8 cores, 6G,  Windows 11 , 64 bit Build 22621 (10.0.22621.3958)
Time: Fri Aug 23 15:29:50 2024 Hora estándar central (México) elapsed time: 0.130249 seconds (0d 0h 0m 0s)

---------------  T H R E A D  ---------------

Current thread (0x0000018f7754f9c0):  JavaThread "Unknown thread" [_thread_in_vm, id=29680, stack(0x0000000cc7c00000,0x0000000cc7d00000) (1024K)]

Stack: [0x0000000cc7c00000,0x0000000cc7d00000]
Native frames: (J=compiled Java code, j=interpreted, Vv=VM code, C=native code)
V  [jvm.dll+0x6e0959]  (no source info available)
V  [jvm.dll+0x87d843]  (no source info available)
V  [jvm.dll+0x87fcce]  (no source info available)
V  [jvm.dll+0x8803a3]  (no source info available)
V  [jvm.dll+0x27af76]  (no source info available)
V  [jvm.dll+0x6dd265]  (no source info available)
V  [jvm.dll+0x6d10ea]  (no source info available)
V  [jvm.dll+0x35b4aa]  (no source info available)
V  [jvm.dll+0x3638b6]  (no source info available)
V  [jvm.dll+0x34fe1e]  (no source info available)
V  [jvm.dll+0x3500b8]  (no source info available)
V  [jvm.dll+0x328a8c]  (no source info available)
V  [jvm.dll+0x32972e]  (no source info available)
V  [jvm.dll+0x844115]  (no source info available)
V  [jvm.dll+0x3b9818]  (no source info available)
V  [jvm.dll+0x82cf0c]  (no source info available)
V  [jvm.dll+0x454bee]  (no source info available)
V  [jvm.dll+0x456a71]  (no source info available)
C  [jli.dll+0x52a3]  (no source info available)
C  [ucrtbase.dll+0x29333]  (no source info available)
C  [KERNEL32.DLL+0x1257d]  (no source info available)
C  [ntdll.dll+0x5af28]  (no source info available)

Lock stack of current Java thread (top to bottom):


---------------  P R O C E S S  ---------------

Threads class SMR info:
_java_thread_list=0x00007ff812623618, length=0, elements={
}

Java Threads: ( => current thread )
Total: 0

Other Threads:
  0x0000018f7990d680 WorkerThread "GC Thread#0"                     [id=24140, stack(0x0000000cc7e00000,0x0000000cc7f00000) (1024K)]
  0x0000018f79920d00 ConcurrentGCThread "G1 Main Marker"            [id=30312, stack(0x0000000cc7f00000,0x0000000cc8000000) (1024K)]
  0x0000018f79922b20 WorkerThread "G1 Conc#0"                       [id=8188, stack(0x0000000cc8000000,0x0000000cc8100000) (1024K)]

[error occurred during error reporting (printing all threads), id 0xc0000005, EXCEPTION_ACCESS_VIOLATION (0xc0000005) at pc=0x00007ff811d6c07a]
VM state: not at safepoint (not fully initialized)

VM Mutex/Monitor currently owned by a thread:  ([mutex/lock_event])
[0x00007ff8126a3a00] Heap_lock - owner thread: 0x0000018f7754f9c0

Heap address: 0x0000000090c00000, size: 1780 MB, Compressed Oops mode: 32-bit

CDS archive(s) mapped at: [0x0000000000000000-0x0000000000000000-0x0000000000000000), size 0, SharedBaseAddress: 0x0000000800000000, ArchiveRelocationMode: 1.
Narrow klass base: 0x0000000000000000, Narrow klass shift: 0, Narrow klass range: 0x0

GC Precious Log:
 CardTable entry size: 512
 Card Set container configuration: InlinePtr #cards 5 size 8 Array Of Cards #cards 10 size 36 Howl #buckets 4 coarsen threshold 1843 Howl Bitmap #cards 512 size 80 coarsen threshold 460 Card regions per heap region 1 cards per card region 2048

Heap:
 garbage-first heap   total reserved 1822720K, committed 0K, used 0K [0x0000000090c00000, 0x0000000100000000)
  region size 1024K, 0 young (0K), 0 survivors (0K)

[error occurred during error reporting (printing heap information), id 0xc0000005, EXCEPTION_ACCESS_VIOLATION (0xc0000005) at pc=0x00007ff81216c3e9]
GC Heap History (0 events):
No events

Dll operation events (1 events):
Event: 0.056 Loaded shared library C:\Program Files\Java\jdk-23\bin\java.dll

Deoptimization events (0 events):
No events

Classes loaded (0 events):
No events

Classes unloaded (0 events):
No events

Classes redefined (0 events):
No events

Internal exceptions (0 events):
No events

VM Operations (0 events):
No events

Memory protections (0 events):
No events

Nmethod flushes (0 events):
No events

Events (0 events):
No events


Dynamic libraries:
0x00007ff62fbc0000 - 0x00007ff62fbce000 	C:\Program Files\Java\jdk-23\bin\java.exe
0x00007ff84f6b0000 - 0x00007ff84f8c7000 	C:\Windows\SYSTEM32\ntdll.dll
0x00007ff84dc30000 - 0x00007ff84dcf4000 	C:\Windows\System32\KERNEL32.DLL
0x00007ff84d030000 - 0x00007ff84d3dd000 	C:\Windows\System32\KERNELBASE.dll
0x00007ff84ceb0000 - 0x00007ff84cfc1000 	C:\Windows\System32\ucrtbase.dll
0x00007ff848850000 - 0x00007ff848867000 	C:\Program Files\Java\jdk-23\bin\jli.dll
0x00007ff84efc0000 - 0x00007ff84f16e000 	C:\Windows\System32\USER32.dll
0x00007ff84cfd0000 - 0x00007ff84cff6000 	C:\Windows\System32\win32u.dll
0x00007ff84ebe0000 - 0x00007ff84ec09000 	C:\Windows\System32\GDI32.dll
0x00007ff84cd10000 - 0x00007ff84ce29000 	C:\Windows\System32\gdi32full.dll
0x00007ff84ca90000 - 0x00007ff84cb2a000 	C:\Windows\System32\msvcp_win.dll
0x00007ff848890000 - 0x00007ff8488ab000 	C:\Program Files\Java\jdk-23\bin\VCRUNTIME140.dll
0x00007ff82daf0000 - 0x00007ff82dd83000 	C:\Windows\WinSxS\amd64_microsoft.windows.common-controls_6595b64144ccf1df_6.0.22621.3672_none_2713b9d173822955\COMCTL32.dll
0x00007ff84e760000 - 0x00007ff84e807000 	C:\Windows\System32\msvcrt.dll
0x00007ff84eb40000 - 0x00007ff84eb71000 	C:\Windows\System32\IMM32.DLL
0x00007ff848b70000 - 0x00007ff848b7c000 	C:\Program Files\Java\jdk-23\bin\vcruntime140_1.dll
0x00007ff843a10000 - 0x00007ff843a9e000 	C:\Program Files\Java\jdk-23\bin\msvcp140.dll
0x00007ff811a30000 - 0x00007ff81277f000 	C:\Program Files\Java\jdk-23\bin\server\jvm.dll
0x00007ff84ec10000 - 0x00007ff84ecc2000 	C:\Windows\System32\ADVAPI32.dll
0x00007ff84d770000 - 0x00007ff84d819000 	C:\Windows\System32\sechost.dll
0x00007ff84d000000 - 0x00007ff84d028000 	C:\Windows\System32\bcrypt.dll
0x00007ff84e9e0000 - 0x00007ff84eaf4000 	C:\Windows\System32\RPCRT4.dll
0x00007ff84e670000 - 0x00007ff84e6e1000 	C:\Windows\System32\WS2_32.dll
0x00007ff84c890000 - 0x00007ff84c8dd000 	C:\Windows\SYSTEM32\POWRPROF.dll
0x00007ff847720000 - 0x00007ff847754000 	C:\Windows\SYSTEM32\WINMM.dll
0x00007ff844a80000 - 0x00007ff844a8a000 	C:\Windows\SYSTEM32\VERSION.dll
0x00007ff84c870000 - 0x00007ff84c883000 	C:\Windows\SYSTEM32\UMPDC.dll
0x00007ff84b9c0000 - 0x00007ff84b9d8000 	C:\Windows\SYSTEM32\kernel.appcore.dll
0x00007ff848880000 - 0x00007ff84888a000 	C:\Program Files\Java\jdk-23\bin\jimage.dll
0x00007ff8397a0000 - 0x00007ff8399d2000 	C:\Windows\SYSTEM32\DBGHELP.DLL
0x00007ff84d3e0000 - 0x00007ff84d76d000 	C:\Windows\System32\combase.dll
0x00007ff84ed30000 - 0x00007ff84ee07000 	C:\Windows\System32\OLEAUT32.dll
0x00007ff838bc0000 - 0x00007ff838bf2000 	C:\Windows\SYSTEM32\dbgcore.DLL
0x00007ff84ce30000 - 0x00007ff84ceab000 	C:\Windows\System32\bcryptPrimitives.dll
0x00007ff848830000 - 0x00007ff84884e000 	C:\Program Files\Java\jdk-23\bin\java.dll
0x00007ff84ee10000 - 0x00007ff84efb5000 	C:\Windows\System32\ole32.dll
0x00007ff84de00000 - 0x00007ff84e668000 	C:\Windows\System32\SHELL32.dll

dbghelp: loaded successfully - version: 4.0.5 - missing functions: none
symbol engine: initialized successfully - sym options: 0x614 - pdb path: .;C:\Program Files\Java\jdk-23\bin;C:\Windows\SYSTEM32;C:\Windows\WinSxS\amd64_microsoft.windows.common-controls_6595b64144ccf1df_6.0.22621.3672_none_2713b9d173822955;C:\Program Files\Java\jdk-23\bin\server

VM Arguments:
jvm_args: -Dclassworlds.conf=C:\Program Files\Java\maven\apache-maven-3.9.8\bin\m2.conf -Dmaven.home=C:\Program Files\Java\maven\apache-maven-3.9.8 -Dlibrary.jansi.path=C:\Program Files\Java\maven\apache-maven-3.9.8\lib\jansi-native -Dmaven.multiModuleProjectDirectory=c:\Users\nmene\Desktop\Inventarios\inventario 
java_command: org.codehaus.plexus.classworlds.launcher.Launcher -q help:effective-pom -Doutput=c:\Users\nmene\Desktop\Inventarios\inventario\effective-pom.xml -f c:/Users/nmene/Desktop/Inventarios/inventario/pom.xml
java_class_path (initial): C:\Program Files\Java\maven\apache-maven-3.9.8\boot\plexus-classworlds-2.8.0.jar
Launcher Type: SUN_STANDARD

[Global flags]
     intx CICompilerCount                          = 4                                         {product} {ergonomic}
     uint ConcGCThreads                            = 2                                         {product} {ergonomic}
     uint G1ConcRefinementThreads                  = 8                                         {product} {ergonomic}
   size_t G1HeapRegionSize                         = 1048576                                   {product} {ergonomic}
   size_t InitialHeapSize                          = 117440512                                 {product} {ergonomic}
   size_t MarkStackSize                            = 4194304                                   {product} {ergonomic}
   size_t MarkStackSizeMax                         = 536870912                                 {product} {ergonomic}
   size_t MaxHeapSize                              = 1866465280                                {product} {ergonomic}
   size_t MinHeapDeltaBytes                        = 1048576                                   {product} {ergonomic}
   size_t MinHeapSize                              = 8388608                                   {product} {ergonomic}
    uintx NonNMethodCodeHeapSize                   = 5832704                                {pd product} {ergonomic}
    uintx NonProfiledCodeHeapSize                  = 122945536                              {pd product} {ergonomic}
    uintx ProfiledCodeHeapSize                     = 122880000                              {pd product} {ergonomic}
    uintx ReservedCodeCacheSize                    = 251658240                              {pd product} {ergonomic}
     bool SegmentedCodeCache                       = true                                      {product} {ergonomic}
   size_t SoftMaxHeapSize                          = 1866465280                             {manageable} {ergonomic}
     bool UseCompressedOops                        = true                           {product lp64_product} {ergonomic}
     bool UseG1GC                                  = true                                      {product} {ergonomic}
     bool UseLargePagesIndividualAllocation        = false                                  {pd product} {ergonomic}

Logging:
Log output configuration:
 #0: stdout all=warning uptime,level,tags foldmultilines=false
 #1: stderr all=off uptime,level,tags foldmultilines=false

Environment Variables:
JAVA_HOME=C:\Program Files\Java\jdk-23
PATH=C:\Windows\system32;C:\Windows;C:\Windows\System32\Wbem;C:\Windows\System32\WindowsPowerShell\v1.0\;C:\Windows\System32\OpenSSH\;C:\Program Files\Git\cmd;C:\Program Files\nodejs\;C:\Program Files\Docker\Docker\resources\bin;C:\Program Files\Java\maven\apache-maven-3.9.8\bin;C:\Program Files\MySQL\MySQL Shell 8.0\bin\;C:\Users\nmene\AppData\Local\Microsoft\WindowsApps;C:\Users\nmene\AppData\Local\Programs\Microsoft VS Code\bin;C:\Program Files\Java\jdk-23\bin;C:\Users\nmene\AppData\Roaming\npm
USERNAME=nmene
OS=Windows_NT
PROCESSOR_IDENTIFIER=AMD64 Family 23 Model 17 Stepping 0, AuthenticAMD
TMP=C:\Users\nmene\AppData\Local\Temp
TEMP=C:\Users\nmene\AppData\Local\Temp




Periodic native trim disabled

---------------  S Y S T E M  ---------------

OS:
 Windows 11 , 64 bit Build 22621 (10.0.22621.3958)
OS uptime: 2 days 21:44 hours
Hyper-V role detected

CPU: total 8 (initial active 8) (8 cores per cpu, 2 threads per core) family 23 model 17 stepping 0 microcode 0x0, cx8, cmov, fxsr, ht, mmx, 3dnowpref, sse, sse2, sse3, ssse3, sse4a, sse4.1, sse4.2, popcnt, lzcnt, tsc, tscinvbit, avx, avx2, aes, clmul, bmi1, bmi2, adx, sha, fma, vzeroupper, clflush, clflushopt, hv, rdtscp, f16c
Processor Information for the first 8 processors :
  Max Mhz: 2000, Current Mhz: 2000, Mhz Limit: 2000

Memory: 4k page, system-wide physical 7117M (387M free)
TotalPageFile size 21313M (AvailPageFile size 138M)
current process WorkingSet (physical memory assigned to process): 12M, peak: 12M
current process commit charge ("private bytes"): 60M, peak: 172M

vm_info: OpenJDK 64-Bit Server VM (23-ea+27-2275) for windows-amd64 JRE (23-ea+27-2275), built on 2024-06-13T08:24:49Z with MS VC++ 17.6 (VS2022)

END.
