#
# There is insufficient memory for the Java Runtime Environment to continue.
# Native memory allocation (mmap) failed to map 286261248 bytes. Error detail: G1 virtual space
# Possible reasons:
#   The system is out of physical RAM or swap space
#   This process is running with CompressedOops enabled, and the Java Heap may be blocking the growth of the native heap
# Possible solutions:
#   Reduce memory load on the system
#   Increase physical memory or swap space
#   Check if swap backing store is full
#   Decrease Java heap size (-Xmx/-Xms)
#   Decrease number of Java threads
#   Decrease Java thread stack sizes (-Xss)
#   Set larger code cache with -XX:ReservedCodeCacheSize=
#   JVM is running with Unscaled Compressed Oops mode in which the Java heap is
#     placed in the first 4GB address space. The Java Heap base address is the
#     maximum limit for the native heap growth. Please use -XX:HeapBaseMinAddress
#     to set the Java Heap base and to place the Java Heap above 4GB virtual address.
# This output file may be truncated or incomplete.
#
#  Out of Memory Error (os_windows.cpp:3613), pid=19160, tid=6864
#
# JRE version: OpenJDK Runtime Environment Temurin-17.0.11+9 (17.0.11+9) (build 17.0.11+9)
# Java VM: OpenJDK 64-Bit Server VM Temurin-17.0.11+9 (17.0.11+9, mixed mode, tiered, compressed oops, compressed class ptrs, g1 gc, windows-amd64)
# No core dump will be written. Minidumps are not enabled by default on client versions of Windows
#

---------------  S U M M A R Y ------------

Command Line: -XX:+ShowCodeDetailsInExceptionMessages com.inventarios.inventario.InventarioApplication

Host: AMD Ryzen 5 2500U with Radeon Vega Mobile Gfx  , 8 cores, 6G,  Windows 11 , 64 bit Build 22621 (10.0.22621.3958)
Time: Thu Aug 29 08:14:33 2024 Hora estándar central (México) elapsed time: 8.364372 seconds (0d 0h 0m 8s)

---------------  T H R E A D  ---------------

Current thread (0x0000018a636bb0a0):  VMThread "VM Thread" [stack: 0x0000005775e00000,0x0000005775f00000] [id=6864]

Stack: [0x0000005775e00000,0x0000005775f00000]
Native frames: (J=compiled Java code, j=interpreted, Vv=VM code, C=native code)
V  [jvm.dll+0x67d429]
V  [jvm.dll+0x834b7a]
V  [jvm.dll+0x83663e]
V  [jvm.dll+0x836ca3]
V  [jvm.dll+0x247dbf]
V  [jvm.dll+0x67a269]
V  [jvm.dll+0x66ecda]
V  [jvm.dll+0x30797b]
V  [jvm.dll+0x30ee26]
V  [jvm.dll+0x35e80e]
V  [jvm.dll+0x35ea3f]
V  [jvm.dll+0x2de6b8]
V  [jvm.dll+0x2dcac4]
V  [jvm.dll+0x2dc0cc]
V  [jvm.dll+0x31facb]
V  [jvm.dll+0x83b19b]
V  [jvm.dll+0x83bed2]
V  [jvm.dll+0x83c3ed]
V  [jvm.dll+0x83c7c4]
V  [jvm.dll+0x83c890]
V  [jvm.dll+0x7e410a]
V  [jvm.dll+0x67c315]
C  [ucrtbase.dll+0x29333]
C  [KERNEL32.DLL+0x1257d]
C  [ntdll.dll+0x5af28]

VM_Operation (0x00000057777feb90): G1CollectForAllocation, mode: safepoint, requested by thread 0x0000018a6b2d4090


---------------  P R O C E S S  ---------------

Threads class SMR info:
_java_thread_list=0x0000018a694e51b0, length=28, elements={
0x0000018a4aa514a0, 0x0000018a6315e1f0, 0x0000018a636d2830, 0x0000018a6371c630,
0x0000018a6371d000, 0x0000018a6371fef0, 0x0000018a637211e0, 0x0000018a637221f0,
0x0000018a63726410, 0x0000018a63730d40, 0x0000018a6389c7c0, 0x0000018a638998b0,
0x0000018a639bf710, 0x0000018a682f19f0, 0x0000018a63a0cbd0, 0x0000018a6a5374c0,
0x0000018a6b2d4090, 0x0000018a699121e0, 0x0000018a69913110, 0x0000018a69914f70,
0x0000018a69915480, 0x0000018a69914040, 0x0000018a69915990, 0x0000018a699126f0,
0x0000018a69913620, 0x0000018a69913b30, 0x0000018a69912c00, 0x0000018a69914a60
}

Java Threads: ( => current thread )
  0x0000018a4aa514a0 JavaThread "main" [_thread_blocked, id=28788, stack(0x0000005775800000,0x0000005775900000)]
  0x0000018a6315e1f0 JavaThread "Reference Handler" daemon [_thread_blocked, id=24556, stack(0x0000005775f00000,0x0000005776000000)]
  0x0000018a636d2830 JavaThread "Finalizer" daemon [_thread_blocked, id=32208, stack(0x0000005776000000,0x0000005776100000)]
  0x0000018a6371c630 JavaThread "Signal Dispatcher" daemon [_thread_blocked, id=24156, stack(0x0000005776100000,0x0000005776200000)]
  0x0000018a6371d000 JavaThread "Attach Listener" daemon [_thread_blocked, id=5140, stack(0x0000005776200000,0x0000005776300000)]
  0x0000018a6371fef0 JavaThread "Service Thread" daemon [_thread_blocked, id=4864, stack(0x0000005776300000,0x0000005776400000)]
  0x0000018a637211e0 JavaThread "Monitor Deflation Thread" daemon [_thread_blocked, id=16684, stack(0x0000005776400000,0x0000005776500000)]
  0x0000018a637221f0 JavaThread "C2 CompilerThread0" daemon [_thread_in_native, id=11064, stack(0x0000005776500000,0x0000005776600000)]
  0x0000018a63726410 JavaThread "C1 CompilerThread0" daemon [_thread_blocked, id=9324, stack(0x0000005776600000,0x0000005776700000)]
  0x0000018a63730d40 JavaThread "Sweeper thread" daemon [_thread_blocked, id=32872, stack(0x0000005776700000,0x0000005776800000)]
  0x0000018a6389c7c0 JavaThread "Notification Thread" daemon [_thread_blocked, id=6636, stack(0x0000005776800000,0x0000005776900000)]
  0x0000018a638998b0 JavaThread "Common-Cleaner" daemon [_thread_blocked, id=5868, stack(0x0000005776a00000,0x0000005776b00000)]
  0x0000018a639bf710 JavaThread "C2 CompilerThread1" daemon [_thread_blocked, id=10156, stack(0x0000005776b00000,0x0000005776c00000)]
  0x0000018a682f19f0 JavaThread "C2 CompilerThread2" daemon [_thread_blocked, id=11896, stack(0x0000005776c00000,0x0000005776d00000)]
  0x0000018a63a0cbd0 JavaThread "ClassGraph-worker-0" daemon [_thread_blocked, id=31500, stack(0x0000005777100000,0x0000005777200000)]
  0x0000018a6a5374c0 JavaThread "ClassGraph-worker-1" daemon [_thread_blocked, id=23476, stack(0x0000005777600000,0x0000005777700000)]
  0x0000018a6b2d4090 JavaThread "ClassGraph-worker-2" daemon [_thread_blocked, id=31944, stack(0x0000005777700000,0x0000005777800000)]
  0x0000018a699121e0 JavaThread "ClassGraph-worker-3" daemon [_thread_blocked, id=5212, stack(0x0000005777800000,0x0000005777900000)]
  0x0000018a69913110 JavaThread "ClassGraph-worker-4" daemon [_thread_blocked, id=33080, stack(0x0000005777900000,0x0000005777a00000)]
  0x0000018a69914f70 JavaThread "ClassGraph-worker-5" daemon [_thread_blocked, id=33304, stack(0x0000005777a00000,0x0000005777b00000)]
  0x0000018a69915480 JavaThread "ClassGraph-worker-6" daemon [_thread_blocked, id=21048, stack(0x0000005777b00000,0x0000005777c00000)]
  0x0000018a69914040 JavaThread "ClassGraph-worker-7" daemon [_thread_blocked, id=23412, stack(0x0000005777c00000,0x0000005777d00000)]
  0x0000018a69915990 JavaThread "ClassGraph-worker-8" daemon [_thread_blocked, id=30752, stack(0x0000005777d00000,0x0000005777e00000)]
  0x0000018a699126f0 JavaThread "ClassGraph-worker-9" daemon [_thread_blocked, id=33276, stack(0x0000005777e00000,0x0000005777f00000)]
  0x0000018a69913620 JavaThread "ClassGraph-worker-10" daemon [_thread_blocked, id=28364, stack(0x0000005777f00000,0x0000005778000000)]
  0x0000018a69913b30 JavaThread "ClassGraph-worker-11" daemon [_thread_blocked, id=21824, stack(0x0000005778000000,0x0000005778100000)]
  0x0000018a69912c00 JavaThread "ClassGraph-worker-12" daemon [_thread_blocked, id=28660, stack(0x0000005778100000,0x0000005778200000)]
  0x0000018a69914a60 JavaThread "ClassGraph-worker-13" daemon [_thread_blocked, id=32260, stack(0x0000005778200000,0x0000005778300000)]

Other Threads:
=>0x0000018a636bb0a0 VMThread "VM Thread" [stack: 0x0000005775e00000,0x0000005775f00000] [id=6864]
  0x0000018a63899460 WatcherThread [stack: 0x0000005776900000,0x0000005776a00000] [id=30392]
  0x0000018a4aaad620 GCTaskThread "GC Thread#0" [stack: 0x0000005775900000,0x0000005775a00000] [id=29124]
  0x0000018a68fff040 GCTaskThread "GC Thread#1" [stack: 0x0000005776d00000,0x0000005776e00000] [id=26180]
  0x0000018a69053b80 GCTaskThread "GC Thread#2" [stack: 0x0000005776e00000,0x0000005776f00000] [id=30996]
  0x0000018a69063880 GCTaskThread "GC Thread#3" [stack: 0x0000005776f00000,0x0000005777000000] [id=4352]
  0x0000018a69063b40 GCTaskThread "GC Thread#4" [stack: 0x0000005777000000,0x0000005777100000] [id=21620]
  0x0000018a6925e850 GCTaskThread "GC Thread#5" [stack: 0x0000005777200000,0x0000005777300000] [id=4156]
  0x0000018a697fccb0 GCTaskThread "GC Thread#6" [stack: 0x0000005777300000,0x0000005777400000] [id=26132]
  0x0000018a69344480 GCTaskThread "GC Thread#7" [stack: 0x0000005777400000,0x0000005777500000] [id=25768]
  0x0000018a4aabc300 ConcurrentGCThread "G1 Main Marker" [stack: 0x0000005775a00000,0x0000005775b00000] [id=23648]
  0x0000018a4aabcc30 ConcurrentGCThread "G1 Conc#0" [stack: 0x0000005775b00000,0x0000005775c00000] [id=24220]
  0x0000018a694e9020 ConcurrentGCThread "G1 Conc#1" [stack: 0x0000005777500000,0x0000005777600000] [id=31280]
  0x0000018a4aae7410 ConcurrentGCThread "G1 Refine#0" [stack: 0x0000005775c00000,0x0000005775d00000] [id=30792]
  0x0000018a6b0881f0 ConcurrentGCThread "G1 Refine#1" [stack: 0x0000005778300000,0x0000005778400000] [id=10620]
  0x0000018a691a4cc0 ConcurrentGCThread "G1 Refine#2" [stack: 0x0000005778400000,0x0000005778500000] [id=27616]
  0x0000018a63aae9d0 ConcurrentGCThread "G1 Refine#3" [stack: 0x0000005778500000,0x0000005778600000] [id=30976]
  0x0000018a4aae7af0 ConcurrentGCThread "G1 Service" [stack: 0x0000005775d00000,0x0000005775e00000] [id=29640]

Threads with active compile tasks:
C2 CompilerThread0     8418 4587       4       io.github.classgraph.Classfile::readMethods (1551 bytes)
C2 CompilerThread1     8418 4646       4       io.github.classgraph.Classfile::extendScanningUpwardsFromAnnotationParameterValues (166 bytes)
C2 CompilerThread2     8419 4651       4       io.github.classgraph.Classfile::readClassAttributes (893 bytes)

VM state: at safepoint (normal execution)

VM Mutex/Monitor currently owned by a thread:  ([mutex/lock_event])
[0x0000018a4aa4ce10] Threads_lock - owner thread: 0x0000018a636bb0a0
[0x0000018a4aa4bee0] Heap_lock - owner thread: 0x0000018a6b2d4090

Heap address: 0x0000000090c00000, size: 1780 MB, Compressed Oops mode: 32-bit

CDS archive(s) not mapped
Compressed class space mapped at: 0x0000000100000000-0x0000000140000000, reserved size: 1073741824
Narrow klass base: 0x0000000000000000, Narrow klass shift: 3, Narrow klass range: 0x140000000

GC Precious Log:
 CPUs: 8 total, 8 available
 Memory: 7117M
 Large Page Support: Disabled
 NUMA Support: Disabled
 Compressed Oops: Enabled (32-bit)
 Heap Region Size: 1M
 Heap Min Capacity: 8M
 Heap Initial Capacity: 112M
 Heap Max Capacity: 1780M
 Pre-touch: Disabled
 Parallel Workers: 8
 Concurrent Workers: 2
 Concurrent Refinement Workers: 8
 Periodic GC: Disabled

Heap:
 garbage-first heap   total 284672K, used 90557K [0x0000000090c00000, 0x0000000100000000)
  region size 1024K, 18 young (18432K), 18 survivors (18432K)
 Metaspace       used 37965K, committed 38400K, reserved 1114112K
  class space    used 4599K, committed 4800K, reserved 1048576K

Heap Regions: E=young(eden), S=young(survivor), O=old, HS=humongous(starts), HC=humongous(continues), CS=collection set, F=free, OA=open archive, CA=closed archive, TAMS=top-at-mark-start (previous, next)
|   0|0x0000000090c00000, 0x0000000090d00000, 0x0000000090d00000|100%|HS|  |TAMS 0x0000000090d00000, 0x0000000090c00000| Complete 
|   1|0x0000000090d00000, 0x0000000090e00000, 0x0000000090e00000|100%| O|  |TAMS 0x0000000090e00000, 0x0000000090d00000| Untracked 
|   2|0x0000000090e00000, 0x0000000090f00000, 0x0000000090f00000|100%| O|  |TAMS 0x0000000090f00000, 0x0000000090e00000| Untracked 
|   3|0x0000000090f00000, 0x0000000091000000, 0x0000000091000000|100%| O|  |TAMS 0x0000000091000000, 0x0000000090f00000| Untracked 
|   4|0x0000000091000000, 0x0000000091100000, 0x0000000091100000|100%| O|  |TAMS 0x0000000091100000, 0x0000000091000000| Untracked 
|   5|0x0000000091100000, 0x0000000091200000, 0x0000000091200000|100%| O|  |TAMS 0x0000000091200000, 0x0000000091100000| Untracked 
|   6|0x0000000091200000, 0x0000000091300000, 0x0000000091300000|100%| O|  |TAMS 0x0000000091300000, 0x0000000091200000| Untracked 
|   7|0x0000000091300000, 0x00000000913d0600, 0x0000000091400000| 81%| O|  |TAMS 0x00000000913d0600, 0x0000000091300000| Untracked 
|   8|0x0000000091400000, 0x0000000091500000, 0x0000000091500000|100%| O|  |TAMS 0x0000000091500000, 0x0000000091400000| Untracked 
|   9|0x0000000091500000, 0x0000000091600000, 0x0000000091600000|100%| O|  |TAMS 0x0000000091600000, 0x0000000091500000| Untracked 
|  10|0x0000000091600000, 0x0000000091700000, 0x0000000091700000|100%| O|  |TAMS 0x0000000091700000, 0x0000000091600000| Untracked 
|  11|0x0000000091700000, 0x0000000091800000, 0x0000000091800000|100%| O|  |TAMS 0x0000000091800000, 0x0000000091700000| Untracked 
|  12|0x0000000091800000, 0x0000000091900000, 0x0000000091900000|100%| O|  |TAMS 0x0000000091900000, 0x0000000091800000| Untracked 
|  13|0x0000000091900000, 0x0000000091a00000, 0x0000000091a00000|100%| O|  |TAMS 0x0000000091a00000, 0x0000000091900000| Untracked 
|  14|0x0000000091a00000, 0x0000000091b00000, 0x0000000091b00000|100%| O|  |TAMS 0x0000000091b00000, 0x0000000091a00000| Untracked 
|  15|0x0000000091b00000, 0x0000000091c00000, 0x0000000091c00000|100%| O|  |TAMS 0x0000000091c00000, 0x0000000091b00000| Untracked 
|  16|0x0000000091c00000, 0x0000000091d00000, 0x0000000091d00000|100%| O|  |TAMS 0x0000000091d00000, 0x0000000091c00000| Untracked 
|  17|0x0000000091d00000, 0x0000000091e00000, 0x0000000091e00000|100%| O|  |TAMS 0x0000000091e00000, 0x0000000091d00000| Untracked 
|  18|0x0000000091e00000, 0x0000000091f00000, 0x0000000091f00000|100%| O|  |TAMS 0x0000000091f00000, 0x0000000091e00000| Untracked 
|  19|0x0000000091f00000, 0x0000000092000000, 0x0000000092000000|100%| O|  |TAMS 0x0000000092000000, 0x0000000091f00000| Untracked 
|  20|0x0000000092000000, 0x0000000092100000, 0x0000000092100000|100%| O|  |TAMS 0x0000000092100000, 0x0000000092000000| Untracked 
|  21|0x0000000092100000, 0x0000000092200000, 0x0000000092200000|100%| O|  |TAMS 0x0000000092200000, 0x0000000092100000| Untracked 
|  22|0x0000000092200000, 0x0000000092300000, 0x0000000092300000|100%| O|  |TAMS 0x0000000092300000, 0x0000000092200000| Untracked 
|  23|0x0000000092300000, 0x0000000092400000, 0x0000000092400000|100%| O|  |TAMS 0x0000000092400000, 0x0000000092300000| Untracked 
|  24|0x0000000092400000, 0x0000000092500000, 0x0000000092500000|100%| O|  |TAMS 0x0000000092500000, 0x0000000092400000| Untracked 
|  25|0x0000000092500000, 0x0000000092600000, 0x0000000092600000|100%| O|  |TAMS 0x0000000092600000, 0x0000000092500000| Untracked 
|  26|0x0000000092600000, 0x0000000092700000, 0x0000000092700000|100%| O|  |TAMS 0x0000000092700000, 0x0000000092600000| Untracked 
|  27|0x0000000092700000, 0x0000000092800000, 0x0000000092800000|100%| O|  |TAMS 0x0000000092800000, 0x0000000092700000| Untracked 
|  28|0x0000000092800000, 0x0000000092900000, 0x0000000092900000|100%| O|  |TAMS 0x0000000092900000, 0x0000000092800000| Untracked 
|  29|0x0000000092900000, 0x0000000092a00000, 0x0000000092a00000|100%| O|  |TAMS 0x0000000092a00000, 0x0000000092900000| Untracked 
|  30|0x0000000092a00000, 0x0000000092b00000, 0x0000000092b00000|100%| O|  |TAMS 0x0000000092b00000, 0x0000000092a00000| Untracked 
|  31|0x0000000092b00000, 0x0000000092c00000, 0x0000000092c00000|100%| O|  |TAMS 0x0000000092c00000, 0x0000000092b00000| Untracked 
|  32|0x0000000092c00000, 0x0000000092d00000, 0x0000000092d00000|100%| O|  |TAMS 0x0000000092d00000, 0x0000000092c00000| Untracked 
|  33|0x0000000092d00000, 0x0000000092e00000, 0x0000000092e00000|100%| O|  |TAMS 0x0000000092e00000, 0x0000000092d00000| Untracked 
|  34|0x0000000092e00000, 0x0000000092f00000, 0x0000000092f00000|100%| O|  |TAMS 0x0000000092f00000, 0x0000000092e00000| Untracked 
|  35|0x0000000092f00000, 0x0000000093000000, 0x0000000093000000|100%| O|  |TAMS 0x0000000093000000, 0x0000000092f00000| Untracked 
|  36|0x0000000093000000, 0x0000000093100000, 0x0000000093100000|100%| O|  |TAMS 0x0000000093100000, 0x0000000093000000| Untracked 
|  37|0x0000000093100000, 0x0000000093200000, 0x0000000093200000|100%| O|  |TAMS 0x0000000093200000, 0x0000000093100000| Untracked 
|  38|0x0000000093200000, 0x0000000093300000, 0x0000000093300000|100%| O|  |TAMS 0x0000000093300000, 0x0000000093200000| Untracked 
|  39|0x0000000093300000, 0x0000000093400000, 0x0000000093400000|100%| O|  |TAMS 0x0000000093400000, 0x0000000093300000| Untracked 
|  40|0x0000000093400000, 0x0000000093500000, 0x0000000093500000|100%| O|  |TAMS 0x0000000093400000, 0x0000000093400000| Untracked 
|  41|0x0000000093500000, 0x0000000093600000, 0x0000000093600000|100%| O|  |TAMS 0x0000000093500000, 0x0000000093500000| Untracked 
|  42|0x0000000093600000, 0x0000000093700000, 0x0000000093700000|100%| O|  |TAMS 0x0000000093600000, 0x0000000093600000| Untracked 
|  43|0x0000000093700000, 0x0000000093800000, 0x0000000093800000|100%| O|  |TAMS 0x0000000093700000, 0x0000000093700000| Untracked 
|  44|0x0000000093800000, 0x0000000093900000, 0x0000000093900000|100%| O|  |TAMS 0x0000000093800000, 0x0000000093800000| Untracked 
|  45|0x0000000093900000, 0x0000000093a00000, 0x0000000093a00000|100%| O|  |TAMS 0x0000000093900000, 0x0000000093900000| Untracked 
|  46|0x0000000093a00000, 0x0000000093b00000, 0x0000000093b00000|100%|HS|  |TAMS 0x0000000093a00000, 0x0000000093a00000| Complete 
|  47|0x0000000093b00000, 0x0000000093c00000, 0x0000000093c00000|100%| O|  |TAMS 0x0000000093b00000, 0x0000000093b00000| Untracked 
|  48|0x0000000093c00000, 0x0000000093d00000, 0x0000000093d00000|100%| O|  |TAMS 0x0000000093c00000, 0x0000000093c00000| Untracked 
|  49|0x0000000093d00000, 0x0000000093e00000, 0x0000000093e00000|100%| O|  |TAMS 0x0000000093d00000, 0x0000000093d00000| Untracked 
|  50|0x0000000093e00000, 0x0000000093f00000, 0x0000000093f00000|100%| O|  |TAMS 0x0000000093e00000, 0x0000000093e00000| Untracked 
|  51|0x0000000093f00000, 0x0000000094000000, 0x0000000094000000|100%| O|  |TAMS 0x0000000093f00000, 0x0000000093f00000| Untracked 
|  52|0x0000000094000000, 0x0000000094100000, 0x0000000094100000|100%| O|  |TAMS 0x0000000094000000, 0x0000000094000000| Untracked 
|  53|0x0000000094100000, 0x0000000094200000, 0x0000000094200000|100%| O|  |TAMS 0x0000000094100000, 0x0000000094100000| Untracked 
|  54|0x0000000094200000, 0x0000000094300000, 0x0000000094300000|100%| O|  |TAMS 0x0000000094200000, 0x0000000094200000| Untracked 
|  55|0x0000000094300000, 0x0000000094400000, 0x0000000094400000|100%| O|  |TAMS 0x0000000094300000, 0x0000000094300000| Untracked 
|  56|0x0000000094400000, 0x0000000094500000, 0x0000000094500000|100%| O|  |TAMS 0x0000000094400000, 0x0000000094400000| Untracked 
|  57|0x0000000094500000, 0x0000000094600000, 0x0000000094600000|100%| O|  |TAMS 0x0000000094500000, 0x0000000094500000| Untracked 
|  58|0x0000000094600000, 0x0000000094700000, 0x0000000094700000|100%| O|  |TAMS 0x0000000094600000, 0x0000000094600000| Untracked 
|  59|0x0000000094700000, 0x0000000094800000, 0x0000000094800000|100%| O|  |TAMS 0x0000000094700000, 0x0000000094700000| Untracked 
|  60|0x0000000094800000, 0x0000000094900000, 0x0000000094900000|100%| O|  |TAMS 0x0000000094800000, 0x0000000094800000| Untracked 
|  61|0x0000000094900000, 0x0000000094a00000, 0x0000000094a00000|100%| O|  |TAMS 0x0000000094900000, 0x0000000094900000| Untracked 
|  62|0x0000000094a00000, 0x0000000094b00000, 0x0000000094b00000|100%| O|  |TAMS 0x0000000094a00000, 0x0000000094a00000| Untracked 
|  63|0x0000000094b00000, 0x0000000094c00000, 0x0000000094c00000|100%| O|  |TAMS 0x0000000094b00000, 0x0000000094b00000| Untracked 
|  64|0x0000000094c00000, 0x0000000094d00000, 0x0000000094d00000|100%| O|  |TAMS 0x0000000094c00000, 0x0000000094c00000| Untracked 
|  65|0x0000000094d00000, 0x0000000094e00000, 0x0000000094e00000|100%| O|  |TAMS 0x0000000094d00000, 0x0000000094d00000| Untracked 
|  66|0x0000000094e00000, 0x0000000094f00000, 0x0000000094f00000|100%| O|  |TAMS 0x0000000094e00000, 0x0000000094e00000| Untracked 
|  67|0x0000000094f00000, 0x0000000095000000, 0x0000000095000000|100%| O|  |TAMS 0x0000000094f00000, 0x0000000094f00000| Untracked 
|  68|0x0000000095000000, 0x0000000095100000, 0x0000000095100000|100%| O|  |TAMS 0x0000000095000000, 0x0000000095000000| Untracked 
|  69|0x0000000095100000, 0x0000000095200000, 0x0000000095200000|100%| O|  |TAMS 0x0000000095100000, 0x0000000095100000| Untracked 
|  70|0x0000000095200000, 0x0000000095300000, 0x0000000095300000|100%| O|  |TAMS 0x0000000095200000, 0x0000000095200000| Untracked 
|  71|0x0000000095300000, 0x0000000095350e00, 0x0000000095400000| 31%| O|  |TAMS 0x0000000095300000, 0x0000000095300000| Untracked 
|  72|0x0000000095400000, 0x0000000095400000, 0x0000000095500000|  0%| F|  |TAMS 0x0000000095400000, 0x0000000095400000| Untracked 
|  73|0x0000000095500000, 0x0000000095500000, 0x0000000095600000|  0%| F|  |TAMS 0x0000000095500000, 0x0000000095500000| Untracked 
|  74|0x0000000095600000, 0x0000000095600000, 0x0000000095700000|  0%| F|  |TAMS 0x0000000095600000, 0x0000000095600000| Untracked 
|  75|0x0000000095700000, 0x0000000095700000, 0x0000000095800000|  0%| F|  |TAMS 0x0000000095700000, 0x0000000095700000| Untracked 
|  76|0x0000000095800000, 0x0000000095800000, 0x0000000095900000|  0%| F|  |TAMS 0x0000000095800000, 0x0000000095800000| Untracked 
|  77|0x0000000095900000, 0x0000000095900000, 0x0000000095a00000|  0%| F|  |TAMS 0x0000000095900000, 0x0000000095900000| Untracked 
|  78|0x0000000095a00000, 0x0000000095a00000, 0x0000000095b00000|  0%| F|  |TAMS 0x0000000095a00000, 0x0000000095a00000| Untracked 
|  79|0x0000000095b00000, 0x0000000095b00000, 0x0000000095c00000|  0%| F|  |TAMS 0x0000000095b00000, 0x0000000095b00000| Untracked 
|  80|0x0000000095c00000, 0x0000000095c00000, 0x0000000095d00000|  0%| F|  |TAMS 0x0000000095c00000, 0x0000000095c00000| Untracked 
|  81|0x0000000095d00000, 0x0000000095d00000, 0x0000000095e00000|  0%| F|  |TAMS 0x0000000095d00000, 0x0000000095d00000| Untracked 
|  82|0x0000000095e00000, 0x0000000095e00000, 0x0000000095f00000|  0%| F|  |TAMS 0x0000000095e00000, 0x0000000095e00000| Untracked 
|  83|0x0000000095f00000, 0x0000000095f00000, 0x0000000096000000|  0%| F|  |TAMS 0x0000000095f00000, 0x0000000095f00000| Untracked 
|  84|0x0000000096000000, 0x0000000096000000, 0x0000000096100000|  0%| F|  |TAMS 0x0000000096000000, 0x0000000096000000| Untracked 
|  85|0x0000000096100000, 0x0000000096100000, 0x0000000096200000|  0%| F|  |TAMS 0x0000000096100000, 0x0000000096100000| Untracked 
|  86|0x0000000096200000, 0x0000000096200000, 0x0000000096300000|  0%| F|  |TAMS 0x0000000096200000, 0x0000000096200000| Untracked 
|  87|0x0000000096300000, 0x0000000096300000, 0x0000000096400000|  0%| F|  |TAMS 0x0000000096300000, 0x0000000096300000| Untracked 
|  88|0x0000000096400000, 0x0000000096400000, 0x0000000096500000|  0%| F|  |TAMS 0x0000000096400000, 0x0000000096400000| Untracked 
|  89|0x0000000096500000, 0x0000000096500000, 0x0000000096600000|  0%| F|  |TAMS 0x0000000096500000, 0x0000000096500000| Untracked 
|  90|0x0000000096600000, 0x0000000096600000, 0x0000000096700000|  0%| F|  |TAMS 0x0000000096600000, 0x0000000096600000| Untracked 
|  91|0x0000000096700000, 0x0000000096700000, 0x0000000096800000|  0%| F|  |TAMS 0x0000000096700000, 0x0000000096700000| Untracked 
|  92|0x0000000096800000, 0x0000000096800000, 0x0000000096900000|  0%| F|  |TAMS 0x0000000096800000, 0x0000000096800000| Untracked 
|  93|0x0000000096900000, 0x0000000096900000, 0x0000000096a00000|  0%| F|  |TAMS 0x0000000096900000, 0x0000000096900000| Untracked 
|  94|0x0000000096a00000, 0x0000000096a00000, 0x0000000096b00000|  0%| F|  |TAMS 0x0000000096a00000, 0x0000000096a00000| Untracked 
|  95|0x0000000096b00000, 0x0000000096b00000, 0x0000000096c00000|  0%| F|  |TAMS 0x0000000096b00000, 0x0000000096b00000| Untracked 
|  96|0x0000000096c00000, 0x0000000096c00000, 0x0000000096d00000|  0%| F|  |TAMS 0x0000000096c00000, 0x0000000096c00000| Untracked 
|  97|0x0000000096d00000, 0x0000000096d00000, 0x0000000096e00000|  0%| F|  |TAMS 0x0000000096d00000, 0x0000000096d00000| Untracked 
|  98|0x0000000096e00000, 0x0000000096e00000, 0x0000000096f00000|  0%| F|  |TAMS 0x0000000096e00000, 0x0000000096e00000| Untracked 
|  99|0x0000000096f00000, 0x0000000096f00000, 0x0000000097000000|  0%| F|  |TAMS 0x0000000096f00000, 0x0000000096f00000| Untracked 
| 100|0x0000000097000000, 0x0000000097000000, 0x0000000097100000|  0%| F|  |TAMS 0x0000000097000000, 0x0000000097000000| Untracked 
| 101|0x0000000097100000, 0x0000000097100000, 0x0000000097200000|  0%| F|  |TAMS 0x0000000097100000, 0x0000000097100000| Untracked 
| 102|0x0000000097200000, 0x0000000097200000, 0x0000000097300000|  0%| F|  |TAMS 0x0000000097200000, 0x0000000097200000| Untracked 
| 103|0x0000000097300000, 0x0000000097300000, 0x0000000097400000|  0%| F|  |TAMS 0x0000000097300000, 0x0000000097300000| Untracked 
| 104|0x0000000097400000, 0x0000000097400000, 0x0000000097500000|  0%| F|  |TAMS 0x0000000097400000, 0x0000000097400000| Untracked 
| 105|0x0000000097500000, 0x0000000097500000, 0x0000000097600000|  0%| F|  |TAMS 0x0000000097500000, 0x0000000097500000| Untracked 
| 106|0x0000000097600000, 0x0000000097600000, 0x0000000097700000|  0%| F|  |TAMS 0x0000000097600000, 0x0000000097600000| Untracked 
| 107|0x0000000097700000, 0x0000000097700000, 0x0000000097800000|  0%| F|  |TAMS 0x0000000097700000, 0x0000000097700000| Untracked 
| 108|0x0000000097800000, 0x0000000097800000, 0x0000000097900000|  0%| F|  |TAMS 0x0000000097800000, 0x0000000097800000| Untracked 
| 109|0x0000000097900000, 0x0000000097900000, 0x0000000097a00000|  0%| F|  |TAMS 0x0000000097900000, 0x0000000097900000| Untracked 
| 110|0x0000000097a00000, 0x0000000097a00000, 0x0000000097b00000|  0%| F|  |TAMS 0x0000000097a00000, 0x0000000097a00000| Untracked 
| 111|0x0000000097b00000, 0x0000000097b00000, 0x0000000097c00000|  0%| F|  |TAMS 0x0000000097b00000, 0x0000000097b00000| Untracked 
| 112|0x0000000097c00000, 0x0000000097c00000, 0x0000000097d00000|  0%| F|  |TAMS 0x0000000097c00000, 0x0000000097c00000| Untracked 
| 113|0x0000000097d00000, 0x0000000097d00000, 0x0000000097e00000|  0%| F|  |TAMS 0x0000000097d00000, 0x0000000097d00000| Untracked 
| 114|0x0000000097e00000, 0x0000000097e4e300, 0x0000000097f00000| 30%| S|CS|TAMS 0x0000000097e00000, 0x0000000097e00000| Complete 
| 115|0x0000000097f00000, 0x0000000098000000, 0x0000000098000000|100%| S|CS|TAMS 0x0000000097f00000, 0x0000000097f00000| Complete 
| 116|0x0000000098000000, 0x0000000098100000, 0x0000000098100000|100%| S|CS|TAMS 0x0000000098000000, 0x0000000098000000| Complete 
| 117|0x0000000098100000, 0x0000000098200000, 0x0000000098200000|100%| S|CS|TAMS 0x0000000098100000, 0x0000000098100000| Complete 
| 118|0x0000000098200000, 0x0000000098300000, 0x0000000098300000|100%| S|CS|TAMS 0x0000000098200000, 0x0000000098200000| Complete 
| 119|0x0000000098300000, 0x0000000098400000, 0x0000000098400000|100%| S|CS|TAMS 0x0000000098300000, 0x0000000098300000| Complete 
| 120|0x0000000098400000, 0x0000000098500000, 0x0000000098500000|100%| S|CS|TAMS 0x0000000098400000, 0x0000000098400000| Complete 
| 121|0x0000000098500000, 0x0000000098600000, 0x0000000098600000|100%| S|CS|TAMS 0x0000000098500000, 0x0000000098500000| Complete 
| 122|0x0000000098600000, 0x0000000098700000, 0x0000000098700000|100%| S|CS|TAMS 0x0000000098600000, 0x0000000098600000| Complete 
| 123|0x0000000098700000, 0x0000000098800000, 0x0000000098800000|100%| S|CS|TAMS 0x0000000098700000, 0x0000000098700000| Complete 
| 124|0x0000000098800000, 0x0000000098900000, 0x0000000098900000|100%| S|CS|TAMS 0x0000000098800000, 0x0000000098800000| Complete 
| 125|0x0000000098900000, 0x0000000098a00000, 0x0000000098a00000|100%| S|CS|TAMS 0x0000000098900000, 0x0000000098900000| Complete 
| 126|0x0000000098a00000, 0x0000000098b00000, 0x0000000098b00000|100%| S|CS|TAMS 0x0000000098a00000, 0x0000000098a00000| Complete 
| 127|0x0000000098b00000, 0x0000000098c00000, 0x0000000098c00000|100%| S|CS|TAMS 0x0000000098b00000, 0x0000000098b00000| Complete 
| 128|0x0000000098c00000, 0x0000000098d00000, 0x0000000098d00000|100%| S|CS|TAMS 0x0000000098c00000, 0x0000000098c00000| Complete 
| 129|0x0000000098d00000, 0x0000000098e00000, 0x0000000098e00000|100%| S|CS|TAMS 0x0000000098d00000, 0x0000000098d00000| Complete 
| 130|0x0000000098e00000, 0x0000000098e00000, 0x0000000098f00000|  0%| F|  |TAMS 0x0000000098e00000, 0x0000000098e00000| Untracked 
| 131|0x0000000098f00000, 0x0000000098f00000, 0x0000000099000000|  0%| F|  |TAMS 0x0000000098f00000, 0x0000000098f00000| Untracked 
| 132|0x0000000099000000, 0x0000000099000000, 0x0000000099100000|  0%| F|  |TAMS 0x0000000099000000, 0x0000000099000000| Untracked 
| 133|0x0000000099100000, 0x0000000099100000, 0x0000000099200000|  0%| F|  |TAMS 0x0000000099100000, 0x0000000099100000| Untracked 
| 134|0x0000000099200000, 0x0000000099200000, 0x0000000099300000|  0%| F|  |TAMS 0x0000000099200000, 0x0000000099200000| Untracked 
| 135|0x0000000099300000, 0x0000000099300000, 0x0000000099400000|  0%| F|  |TAMS 0x0000000099300000, 0x0000000099300000| Untracked 
| 136|0x0000000099400000, 0x0000000099400000, 0x0000000099500000|  0%| F|  |TAMS 0x0000000099400000, 0x0000000099400000| Untracked 
| 137|0x0000000099500000, 0x0000000099500000, 0x0000000099600000|  0%| F|  |TAMS 0x0000000099500000, 0x0000000099500000| Untracked 
| 138|0x0000000099600000, 0x0000000099600000, 0x0000000099700000|  0%| F|  |TAMS 0x0000000099600000, 0x0000000099600000| Untracked 
| 139|0x0000000099700000, 0x0000000099700000, 0x0000000099800000|  0%| F|  |TAMS 0x0000000099700000, 0x0000000099700000| Untracked 
| 140|0x0000000099800000, 0x0000000099900000, 0x0000000099900000|100%| S|CS|TAMS 0x0000000099800000, 0x0000000099800000| Complete 
| 141|0x0000000099900000, 0x0000000099a00000, 0x0000000099a00000|100%| S|CS|TAMS 0x0000000099900000, 0x0000000099900000| Complete 
| 142|0x0000000099a00000, 0x0000000099a00000, 0x0000000099b00000|  0%| F|  |TAMS 0x0000000099a00000, 0x0000000099a00000| Untracked 
| 143|0x0000000099b00000, 0x0000000099b00000, 0x0000000099c00000|  0%| F|  |TAMS 0x0000000099b00000, 0x0000000099b00000| Untracked 
| 144|0x0000000099c00000, 0x0000000099c00000, 0x0000000099d00000|  0%| F|  |TAMS 0x0000000099c00000, 0x0000000099c00000| Untracked 
| 145|0x0000000099d00000, 0x0000000099d00000, 0x0000000099e00000|  0%| F|  |TAMS 0x0000000099d00000, 0x0000000099d00000| Untracked 
| 146|0x0000000099e00000, 0x0000000099e00000, 0x0000000099f00000|  0%| F|  |TAMS 0x0000000099e00000, 0x0000000099e00000| Untracked 
| 147|0x0000000099f00000, 0x0000000099f00000, 0x000000009a000000|  0%| F|  |TAMS 0x0000000099f00000, 0x0000000099f00000| Untracked 
| 148|0x000000009a000000, 0x000000009a000000, 0x000000009a100000|  0%| F|  |TAMS 0x000000009a000000, 0x000000009a000000| Untracked 
| 149|0x000000009a100000, 0x000000009a100000, 0x000000009a200000|  0%| F|  |TAMS 0x000000009a100000, 0x000000009a100000| Untracked 
| 150|0x000000009a200000, 0x000000009a200000, 0x000000009a300000|  0%| F|  |TAMS 0x000000009a200000, 0x000000009a200000| Untracked 
| 151|0x000000009a300000, 0x000000009a300000, 0x000000009a400000|  0%| F|  |TAMS 0x000000009a300000, 0x000000009a300000| Untracked 
| 152|0x000000009a400000, 0x000000009a400000, 0x000000009a500000|  0%| F|  |TAMS 0x000000009a400000, 0x000000009a400000| Untracked 
| 153|0x000000009a500000, 0x000000009a500000, 0x000000009a600000|  0%| F|  |TAMS 0x000000009a500000, 0x000000009a500000| Untracked 
| 154|0x000000009a600000, 0x000000009a600000, 0x000000009a700000|  0%| F|  |TAMS 0x000000009a600000, 0x000000009a600000| Untracked 
| 155|0x000000009a700000, 0x000000009a700000, 0x000000009a800000|  0%| F|  |TAMS 0x000000009a700000, 0x000000009a700000| Untracked 
| 156|0x000000009a800000, 0x000000009a800000, 0x000000009a900000|  0%| F|  |TAMS 0x000000009a800000, 0x000000009a800000| Untracked 
| 157|0x000000009a900000, 0x000000009a900000, 0x000000009aa00000|  0%| F|  |TAMS 0x000000009a900000, 0x000000009a900000| Untracked 
| 158|0x000000009aa00000, 0x000000009aa00000, 0x000000009ab00000|  0%| F|  |TAMS 0x000000009aa00000, 0x000000009aa00000| Untracked 
| 159|0x000000009ab00000, 0x000000009ab00000, 0x000000009ac00000|  0%| F|  |TAMS 0x000000009ab00000, 0x000000009ab00000| Untracked 
| 160|0x000000009ac00000, 0x000000009ac00000, 0x000000009ad00000|  0%| F|  |TAMS 0x000000009ac00000, 0x000000009ac00000| Untracked 
| 161|0x000000009ad00000, 0x000000009ad00000, 0x000000009ae00000|  0%| F|  |TAMS 0x000000009ad00000, 0x000000009ad00000| Untracked 
| 162|0x000000009ae00000, 0x000000009ae00000, 0x000000009af00000|  0%| F|  |TAMS 0x000000009ae00000, 0x000000009ae00000| Untracked 
| 163|0x000000009af00000, 0x000000009af00000, 0x000000009b000000|  0%| F|  |TAMS 0x000000009af00000, 0x000000009af00000| Untracked 
| 164|0x000000009b000000, 0x000000009b000000, 0x000000009b100000|  0%| F|  |TAMS 0x000000009b000000, 0x000000009b000000| Untracked 
| 165|0x000000009b100000, 0x000000009b100000, 0x000000009b200000|  0%| F|  |TAMS 0x000000009b100000, 0x000000009b100000| Untracked 
| 166|0x000000009b200000, 0x000000009b200000, 0x000000009b300000|  0%| F|  |TAMS 0x000000009b200000, 0x000000009b200000| Untracked 
| 167|0x000000009b300000, 0x000000009b300000, 0x000000009b400000|  0%| F|  |TAMS 0x000000009b300000, 0x000000009b300000| Untracked 
| 168|0x000000009b400000, 0x000000009b400000, 0x000000009b500000|  0%| F|  |TAMS 0x000000009b400000, 0x000000009b400000| Untracked 
| 169|0x000000009b500000, 0x000000009b500000, 0x000000009b600000|  0%| F|  |TAMS 0x000000009b500000, 0x000000009b500000| Untracked 
| 170|0x000000009b600000, 0x000000009b600000, 0x000000009b700000|  0%| F|  |TAMS 0x000000009b600000, 0x000000009b600000| Untracked 
| 171|0x000000009b700000, 0x000000009b700000, 0x000000009b800000|  0%| F|  |TAMS 0x000000009b700000, 0x000000009b700000| Untracked 
| 172|0x000000009b800000, 0x000000009b800000, 0x000000009b900000|  0%| F|  |TAMS 0x000000009b800000, 0x000000009b800000| Untracked 
| 173|0x000000009b900000, 0x000000009b900000, 0x000000009ba00000|  0%| F|  |TAMS 0x000000009b900000, 0x000000009b900000| Untracked 
| 174|0x000000009ba00000, 0x000000009ba00000, 0x000000009bb00000|  0%| F|  |TAMS 0x000000009ba00000, 0x000000009ba00000| Untracked 
| 175|0x000000009bb00000, 0x000000009bb00000, 0x000000009bc00000|  0%| F|  |TAMS 0x000000009bb00000, 0x000000009bb00000| Untracked 
| 176|0x000000009bc00000, 0x000000009bc00000, 0x000000009bd00000|  0%| F|  |TAMS 0x000000009bc00000, 0x000000009bc00000| Untracked 
| 177|0x000000009bd00000, 0x000000009bd00000, 0x000000009be00000|  0%| F|  |TAMS 0x000000009bd00000, 0x000000009bd00000| Untracked 
| 178|0x000000009be00000, 0x000000009be00000, 0x000000009bf00000|  0%| F|  |TAMS 0x000000009be00000, 0x000000009be00000| Untracked 
| 179|0x000000009bf00000, 0x000000009bf00000, 0x000000009c000000|  0%| F|  |TAMS 0x000000009bf00000, 0x000000009bf00000| Untracked 
| 180|0x000000009c000000, 0x000000009c000000, 0x000000009c100000|  0%| F|  |TAMS 0x000000009c000000, 0x000000009c000000| Untracked 
| 181|0x000000009c100000, 0x000000009c100000, 0x000000009c200000|  0%| F|  |TAMS 0x000000009c100000, 0x000000009c100000| Untracked 
| 182|0x000000009c200000, 0x000000009c200000, 0x000000009c300000|  0%| F|  |TAMS 0x000000009c200000, 0x000000009c200000| Untracked 
| 183|0x000000009c300000, 0x000000009c300000, 0x000000009c400000|  0%| F|  |TAMS 0x000000009c300000, 0x000000009c300000| Untracked 
| 184|0x000000009c400000, 0x000000009c400000, 0x000000009c500000|  0%| F|  |TAMS 0x000000009c400000, 0x000000009c400000| Untracked 
| 185|0x000000009c500000, 0x000000009c500000, 0x000000009c600000|  0%| F|  |TAMS 0x000000009c500000, 0x000000009c500000| Untracked 
| 186|0x000000009c600000, 0x000000009c600000, 0x000000009c700000|  0%| F|  |TAMS 0x000000009c600000, 0x000000009c600000| Untracked 
| 187|0x000000009c700000, 0x000000009c700000, 0x000000009c800000|  0%| F|  |TAMS 0x000000009c700000, 0x000000009c700000| Untracked 
| 188|0x000000009c800000, 0x000000009c800000, 0x000000009c900000|  0%| F|  |TAMS 0x000000009c800000, 0x000000009c800000| Untracked 
| 189|0x000000009c900000, 0x000000009c900000, 0x000000009ca00000|  0%| F|  |TAMS 0x000000009c900000, 0x000000009c900000| Untracked 
| 190|0x000000009ca00000, 0x000000009ca00000, 0x000000009cb00000|  0%| F|  |TAMS 0x000000009ca00000, 0x000000009ca00000| Untracked 
| 191|0x000000009cb00000, 0x000000009cb00000, 0x000000009cc00000|  0%| F|  |TAMS 0x000000009cb00000, 0x000000009cb00000| Untracked 
| 192|0x000000009cc00000, 0x000000009cc00000, 0x000000009cd00000|  0%| F|  |TAMS 0x000000009cc00000, 0x000000009cc00000| Untracked 
| 193|0x000000009cd00000, 0x000000009cd00000, 0x000000009ce00000|  0%| F|  |TAMS 0x000000009cd00000, 0x000000009cd00000| Untracked 
| 194|0x000000009ce00000, 0x000000009ce00000, 0x000000009cf00000|  0%| F|  |TAMS 0x000000009ce00000, 0x000000009ce00000| Untracked 
| 195|0x000000009cf00000, 0x000000009cf00000, 0x000000009d000000|  0%| F|  |TAMS 0x000000009cf00000, 0x000000009cf00000| Untracked 
| 196|0x000000009d000000, 0x000000009d000000, 0x000000009d100000|  0%| F|  |TAMS 0x000000009d000000, 0x000000009d000000| Untracked 
| 197|0x000000009d100000, 0x000000009d100000, 0x000000009d200000|  0%| F|  |TAMS 0x000000009d100000, 0x000000009d100000| Untracked 
| 198|0x000000009d200000, 0x000000009d200000, 0x000000009d300000|  0%| F|  |TAMS 0x000000009d200000, 0x000000009d200000| Untracked 
| 199|0x000000009d300000, 0x000000009d300000, 0x000000009d400000|  0%| F|  |TAMS 0x000000009d300000, 0x000000009d300000| Untracked 
| 200|0x000000009d400000, 0x000000009d400000, 0x000000009d500000|  0%| F|  |TAMS 0x000000009d400000, 0x000000009d400000| Untracked 
| 201|0x000000009d500000, 0x000000009d500000, 0x000000009d600000|  0%| F|  |TAMS 0x000000009d500000, 0x000000009d500000| Untracked 
| 202|0x000000009d600000, 0x000000009d600000, 0x000000009d700000|  0%| F|  |TAMS 0x000000009d600000, 0x000000009d600000| Untracked 
| 203|0x000000009d700000, 0x000000009d700000, 0x000000009d800000|  0%| F|  |TAMS 0x000000009d700000, 0x000000009d700000| Untracked 
| 204|0x000000009d800000, 0x000000009d800000, 0x000000009d900000|  0%| F|  |TAMS 0x000000009d800000, 0x000000009d800000| Untracked 
| 205|0x000000009d900000, 0x000000009d900000, 0x000000009da00000|  0%| F|  |TAMS 0x000000009d900000, 0x000000009d900000| Untracked 
| 206|0x000000009da00000, 0x000000009da00000, 0x000000009db00000|  0%| F|  |TAMS 0x000000009da00000, 0x000000009da00000| Untracked 
| 207|0x000000009db00000, 0x000000009db00000, 0x000000009dc00000|  0%| F|  |TAMS 0x000000009db00000, 0x000000009db00000| Untracked 
| 208|0x000000009dc00000, 0x000000009dc00000, 0x000000009dd00000|  0%| F|  |TAMS 0x000000009dc00000, 0x000000009dc00000| Untracked 
| 209|0x000000009dd00000, 0x000000009dd00000, 0x000000009de00000|  0%| F|  |TAMS 0x000000009dd00000, 0x000000009dd00000| Untracked 
| 210|0x000000009de00000, 0x000000009de00000, 0x000000009df00000|  0%| F|  |TAMS 0x000000009de00000, 0x000000009de00000| Untracked 
| 211|0x000000009df00000, 0x000000009df00000, 0x000000009e000000|  0%| F|  |TAMS 0x000000009df00000, 0x000000009df00000| Untracked 
| 212|0x000000009e000000, 0x000000009e000000, 0x000000009e100000|  0%| F|  |TAMS 0x000000009e000000, 0x000000009e000000| Untracked 
| 213|0x000000009e100000, 0x000000009e100000, 0x000000009e200000|  0%| F|  |TAMS 0x000000009e100000, 0x000000009e100000| Untracked 
| 214|0x000000009e200000, 0x000000009e200000, 0x000000009e300000|  0%| F|  |TAMS 0x000000009e200000, 0x000000009e200000| Untracked 
| 215|0x000000009e300000, 0x000000009e300000, 0x000000009e400000|  0%| F|  |TAMS 0x000000009e300000, 0x000000009e300000| Untracked 
| 216|0x000000009e400000, 0x000000009e400000, 0x000000009e500000|  0%| F|  |TAMS 0x000000009e400000, 0x000000009e400000| Untracked 
| 217|0x000000009e500000, 0x000000009e500000, 0x000000009e600000|  0%| F|  |TAMS 0x000000009e500000, 0x000000009e500000| Untracked 
| 218|0x000000009e600000, 0x000000009e600000, 0x000000009e700000|  0%| F|  |TAMS 0x000000009e600000, 0x000000009e600000| Untracked 
| 219|0x000000009e700000, 0x000000009e700000, 0x000000009e800000|  0%| F|  |TAMS 0x000000009e700000, 0x000000009e700000| Untracked 
| 220|0x000000009e800000, 0x000000009e800000, 0x000000009e900000|  0%| F|  |TAMS 0x000000009e800000, 0x000000009e800000| Untracked 
| 221|0x000000009e900000, 0x000000009e900000, 0x000000009ea00000|  0%| F|  |TAMS 0x000000009e900000, 0x000000009e900000| Untracked 
| 222|0x000000009ea00000, 0x000000009ea00000, 0x000000009eb00000|  0%| F|  |TAMS 0x000000009ea00000, 0x000000009ea00000| Untracked 
| 223|0x000000009eb00000, 0x000000009eb00000, 0x000000009ec00000|  0%| F|  |TAMS 0x000000009eb00000, 0x000000009eb00000| Untracked 
| 224|0x000000009ec00000, 0x000000009ec00000, 0x000000009ed00000|  0%| F|  |TAMS 0x000000009ec00000, 0x000000009ec00000| Untracked 
| 225|0x000000009ed00000, 0x000000009ed00000, 0x000000009ee00000|  0%| F|  |TAMS 0x000000009ed00000, 0x000000009ed00000| Untracked 
| 226|0x000000009ee00000, 0x000000009ee00000, 0x000000009ef00000|  0%| F|  |TAMS 0x000000009ee00000, 0x000000009ee00000| Untracked 
| 227|0x000000009ef00000, 0x000000009ef00000, 0x000000009f000000|  0%| F|  |TAMS 0x000000009ef00000, 0x000000009ef00000| Untracked 
| 228|0x000000009f000000, 0x000000009f000000, 0x000000009f100000|  0%| F|  |TAMS 0x000000009f000000, 0x000000009f000000| Untracked 
| 229|0x000000009f100000, 0x000000009f100000, 0x000000009f200000|  0%| F|  |TAMS 0x000000009f100000, 0x000000009f100000| Untracked 
| 230|0x000000009f200000, 0x000000009f200000, 0x000000009f300000|  0%| F|  |TAMS 0x000000009f200000, 0x000000009f200000| Untracked 
| 231|0x000000009f300000, 0x000000009f300000, 0x000000009f400000|  0%| F|  |TAMS 0x000000009f300000, 0x000000009f300000| Untracked 
| 232|0x000000009f400000, 0x000000009f400000, 0x000000009f500000|  0%| F|  |TAMS 0x000000009f400000, 0x000000009f400000| Untracked 
| 233|0x000000009f500000, 0x000000009f500000, 0x000000009f600000|  0%| F|  |TAMS 0x000000009f500000, 0x000000009f500000| Untracked 
| 234|0x000000009f600000, 0x000000009f600000, 0x000000009f700000|  0%| F|  |TAMS 0x000000009f600000, 0x000000009f600000| Untracked 
| 235|0x000000009f700000, 0x000000009f700000, 0x000000009f800000|  0%| F|  |TAMS 0x000000009f700000, 0x000000009f700000| Untracked 
| 236|0x000000009f800000, 0x000000009f800000, 0x000000009f900000|  0%| F|  |TAMS 0x000000009f800000, 0x000000009f800000| Untracked 
| 237|0x000000009f900000, 0x000000009f900000, 0x000000009fa00000|  0%| F|  |TAMS 0x000000009f900000, 0x000000009f900000| Untracked 
| 238|0x000000009fa00000, 0x000000009fa00000, 0x000000009fb00000|  0%| F|  |TAMS 0x000000009fa00000, 0x000000009fa00000| Untracked 
| 239|0x000000009fb00000, 0x000000009fb00000, 0x000000009fc00000|  0%| F|  |TAMS 0x000000009fb00000, 0x000000009fb00000| Untracked 
| 240|0x000000009fc00000, 0x000000009fc00000, 0x000000009fd00000|  0%| F|  |TAMS 0x000000009fc00000, 0x000000009fc00000| Untracked 
| 241|0x000000009fd00000, 0x000000009fd00000, 0x000000009fe00000|  0%| F|  |TAMS 0x000000009fd00000, 0x000000009fd00000| Untracked 
| 242|0x000000009fe00000, 0x000000009fe00000, 0x000000009ff00000|  0%| F|  |TAMS 0x000000009fe00000, 0x000000009fe00000| Untracked 
| 243|0x000000009ff00000, 0x000000009ff00000, 0x00000000a0000000|  0%| F|  |TAMS 0x000000009ff00000, 0x000000009ff00000| Untracked 
| 244|0x00000000a0000000, 0x00000000a0000000, 0x00000000a0100000|  0%| F|  |TAMS 0x00000000a0000000, 0x00000000a0000000| Untracked 
| 245|0x00000000a0100000, 0x00000000a0100000, 0x00000000a0200000|  0%| F|  |TAMS 0x00000000a0100000, 0x00000000a0100000| Untracked 
| 246|0x00000000a0200000, 0x00000000a0200000, 0x00000000a0300000|  0%| F|  |TAMS 0x00000000a0200000, 0x00000000a0200000| Untracked 
| 247|0x00000000a0300000, 0x00000000a0300000, 0x00000000a0400000|  0%| F|  |TAMS 0x00000000a0300000, 0x00000000a0300000| Untracked 
| 248|0x00000000a0400000, 0x00000000a0400000, 0x00000000a0500000|  0%| F|  |TAMS 0x00000000a0400000, 0x00000000a0400000| Untracked 
| 249|0x00000000a0500000, 0x00000000a0500000, 0x00000000a0600000|  0%| F|  |TAMS 0x00000000a0500000, 0x00000000a0500000| Untracked 
| 250|0x00000000a0600000, 0x00000000a0600000, 0x00000000a0700000|  0%| F|  |TAMS 0x00000000a0600000, 0x00000000a0600000| Untracked 
| 251|0x00000000a0700000, 0x00000000a0700000, 0x00000000a0800000|  0%| F|  |TAMS 0x00000000a0700000, 0x00000000a0700000| Untracked 
| 252|0x00000000a0800000, 0x00000000a0800000, 0x00000000a0900000|  0%| F|  |TAMS 0x00000000a0800000, 0x00000000a0800000| Untracked 
| 253|0x00000000a0900000, 0x00000000a0900000, 0x00000000a0a00000|  0%| F|  |TAMS 0x00000000a0900000, 0x00000000a0900000| Untracked 
| 254|0x00000000a0a00000, 0x00000000a0a00000, 0x00000000a0b00000|  0%| F|  |TAMS 0x00000000a0a00000, 0x00000000a0a00000| Untracked 
| 255|0x00000000a0b00000, 0x00000000a0b00000, 0x00000000a0c00000|  0%| F|  |TAMS 0x00000000a0b00000, 0x00000000a0b00000| Untracked 
| 256|0x00000000a0c00000, 0x00000000a0c00000, 0x00000000a0d00000|  0%| F|  |TAMS 0x00000000a0c00000, 0x00000000a0c00000| Untracked 
| 257|0x00000000a0d00000, 0x00000000a0d00000, 0x00000000a0e00000|  0%| F|  |TAMS 0x00000000a0d00000, 0x00000000a0d00000| Untracked 
| 258|0x00000000a0e00000, 0x00000000a0e00000, 0x00000000a0f00000|  0%| F|  |TAMS 0x00000000a0e00000, 0x00000000a0e00000| Untracked 
| 259|0x00000000a0f00000, 0x00000000a0f00000, 0x00000000a1000000|  0%| F|  |TAMS 0x00000000a0f00000, 0x00000000a0f00000| Untracked 
| 260|0x00000000a1000000, 0x00000000a1000000, 0x00000000a1100000|  0%| F|  |TAMS 0x00000000a1000000, 0x00000000a1000000| Untracked 
| 261|0x00000000a1100000, 0x00000000a1100000, 0x00000000a1200000|  0%| F|  |TAMS 0x00000000a1100000, 0x00000000a1100000| Untracked 
| 262|0x00000000a1200000, 0x00000000a1200000, 0x00000000a1300000|  0%| F|  |TAMS 0x00000000a1200000, 0x00000000a1200000| Untracked 
| 263|0x00000000a1300000, 0x00000000a1300000, 0x00000000a1400000|  0%| F|  |TAMS 0x00000000a1300000, 0x00000000a1300000| Untracked 
| 264|0x00000000a1400000, 0x00000000a1400000, 0x00000000a1500000|  0%| F|  |TAMS 0x00000000a1400000, 0x00000000a1400000| Untracked 
| 265|0x00000000a1500000, 0x00000000a1500000, 0x00000000a1600000|  0%| F|  |TAMS 0x00000000a1500000, 0x00000000a1500000| Untracked 
| 266|0x00000000a1600000, 0x00000000a1600000, 0x00000000a1700000|  0%| F|  |TAMS 0x00000000a1600000, 0x00000000a1600000| Untracked 
| 267|0x00000000a1700000, 0x00000000a1700000, 0x00000000a1800000|  0%| F|  |TAMS 0x00000000a1700000, 0x00000000a1700000| Untracked 
| 268|0x00000000a1800000, 0x00000000a1800000, 0x00000000a1900000|  0%| F|  |TAMS 0x00000000a1800000, 0x00000000a1800000| Untracked 
| 269|0x00000000a1900000, 0x00000000a1900000, 0x00000000a1a00000|  0%| F|  |TAMS 0x00000000a1900000, 0x00000000a1900000| Untracked 
| 270|0x00000000a1a00000, 0x00000000a1a00000, 0x00000000a1b00000|  0%| F|  |TAMS 0x00000000a1a00000, 0x00000000a1a00000| Untracked 
| 271|0x00000000a1b00000, 0x00000000a1b00000, 0x00000000a1c00000|  0%| F|  |TAMS 0x00000000a1b00000, 0x00000000a1b00000| Untracked 
| 272|0x00000000a1c00000, 0x00000000a1c00000, 0x00000000a1d00000|  0%| F|  |TAMS 0x00000000a1c00000, 0x00000000a1c00000| Untracked 
| 273|0x00000000a1d00000, 0x00000000a1d00000, 0x00000000a1e00000|  0%| F|  |TAMS 0x00000000a1d00000, 0x00000000a1d00000| Untracked 
| 274|0x00000000a1e00000, 0x00000000a1e00000, 0x00000000a1f00000|  0%| F|  |TAMS 0x00000000a1e00000, 0x00000000a1e00000| Untracked 
| 275|0x00000000a1f00000, 0x00000000a1f00000, 0x00000000a2000000|  0%| F|  |TAMS 0x00000000a1f00000, 0x00000000a1f00000| Untracked 
| 276|0x00000000a2000000, 0x00000000a2000000, 0x00000000a2100000|  0%| F|  |TAMS 0x00000000a2000000, 0x00000000a2000000| Untracked 
| 277|0x00000000a2100000, 0x00000000a2100000, 0x00000000a2200000|  0%| F|  |TAMS 0x00000000a2100000, 0x00000000a2100000| Untracked 

Card table byte_map: [0x0000018a5cd90000,0x0000018a5d110000] _byte_map_base: 0x0000018a5c90a000

Marking Bits (Prev, Next): (CMBitMap*) 0x0000018a4aaadb50, (CMBitMap*) 0x0000018a4aaadb90
 Prev Bits: [0x0000018a5d490000, 0x0000018a5f060000)
 Next Bits: [0x0000018a5f060000, 0x0000018a60c30000)

Polling page: 0x0000018a489c0000

Metaspace:

Usage:
  Non-class:     32.58 MB used.
      Class:      4.49 MB used.
       Both:     37.08 MB used.

Virtual space:
  Non-class space:       64.00 MB reserved,      32.81 MB ( 51%) committed,  1 nodes.
      Class space:        1.00 GB reserved,       4.69 MB ( <1%) committed,  1 nodes.
             Both:        1.06 GB reserved,      37.50 MB (  3%) committed. 

Chunk freelists:
   Non-Class:  14.34 MB
       Class:  11.25 MB
        Both:  25.59 MB

MaxMetaspaceSize: unlimited
CompressedClassSpaceSize: 1.00 GB
Initial GC threshold: 21.00 MB
Current GC threshold: 62.31 MB
CDS: off
MetaspaceReclaimPolicy: balanced
 - commit_granule_bytes: 65536.
 - commit_granule_words: 8192.
 - virtual_space_node_default_size: 8388608.
 - enlarge_chunks_in_place: 1.
 - new_chunks_are_fully_committed: 0.
 - uncommit_free_chunks: 1.
 - use_allocation_guard: 0.
 - handle_deallocations: 1.


Internal statistics:

num_allocs_failed_limit: 8.
num_arena_births: 552.
num_arena_deaths: 0.
num_vsnodes_births: 2.
num_vsnodes_deaths: 0.
num_space_committed: 600.
num_space_uncommitted: 0.
num_chunks_returned_to_freelist: 8.
num_chunks_taken_from_freelist: 1658.
num_chunk_merges: 8.
num_chunk_splits: 1116.
num_chunks_enlarged: 816.
num_inconsistent_stats: 0.

CodeHeap 'non-profiled nmethods': size=120000Kb used=2412Kb max_used=2828Kb free=117587Kb
 bounds [0x0000018a551a0000, 0x0000018a55470000, 0x0000018a5c6d0000]
CodeHeap 'profiled nmethods': size=120000Kb used=8103Kb max_used=10451Kb free=111896Kb
 bounds [0x0000018a4d6d0000, 0x0000018a4e110000, 0x0000018a54c00000]
CodeHeap 'non-nmethods': size=5760Kb used=1227Kb max_used=1304Kb free=4532Kb
 bounds [0x0000018a54c00000, 0x0000018a54e70000, 0x0000018a551a0000]
 total_blobs=4355 nmethods=3820 adapters=446
 compilation: enabled
              stopped_count=0, restarted_count=0
 full_count=0

Compilation events (20 events):
Event: 7.667 Thread 0x0000018a639bf710 nmethod 4644 0x0000018a55287410 code [0x0000018a55287640, 0x0000018a55289270]
Event: 7.667 Thread 0x0000018a639bf710 4649       4       io.github.classgraph.Classfile::readFields (785 bytes)
Event: 7.836 Thread 0x0000018a63726410 4653       3       java.nio.file.Path::toFile (36 bytes)
Event: 7.837 Thread 0x0000018a63726410 nmethod 4653 0x0000018a4d801390 code [0x0000018a4d8015a0, 0x0000018a4d801c28]
Event: 7.865 Thread 0x0000018a63726410 4654   !   3       io.github.classgraph.Classfile::readConstantPoolEntries (948 bytes)
Event: 7.876 Thread 0x0000018a63726410 nmethod 4654 0x0000018a4e052f90 code [0x0000018a4e0539c0, 0x0000018a4e059508]
Event: 7.945 Thread 0x0000018a682f19f0 nmethod 4640 0x0000018a552fcc10 code [0x0000018a552fd0e0, 0x0000018a552ffc10]
Event: 7.946 Thread 0x0000018a682f19f0 4656   !   4       io.github.classgraph.Classfile::readConstantPoolEntries (948 bytes)
Event: 8.046 Thread 0x0000018a682f19f0 nmethod 4656 0x0000018a553abc10 code [0x0000018a553abee0, 0x0000018a553ad898]
Event: 8.046 Thread 0x0000018a682f19f0 4651       4       io.github.classgraph.Classfile::readClassAttributes (893 bytes)
Event: 8.289 Thread 0x0000018a639bf710 nmethod 4649 0x0000018a55361290 code [0x0000018a55361860, 0x0000018a55367f18]
Event: 8.290 Thread 0x0000018a639bf710 4645       4       java.util.concurrent.ConcurrentLinkedQueue::poll (84 bytes)
Event: 8.303 Thread 0x0000018a639bf710 nmethod 4645 0x0000018a55211690 code [0x0000018a55211820, 0x0000018a55211d78]
Event: 8.303 Thread 0x0000018a639bf710 4646       4       io.github.classgraph.Classfile::extendScanningUpwardsFromAnnotationParameterValues (166 bytes)
Event: 8.319 Thread 0x0000018a63726410 4661       3       io.github.classgraph.FieldInfoList::<init> (5 bytes)
Event: 8.319 Thread 0x0000018a63726410 nmethod 4661 0x0000018a4d743790 code [0x0000018a4d743960, 0x0000018a4d743d78]
Event: 8.319 Thread 0x0000018a63726410 4662       3       io.github.classgraph.Classfile::readFields (785 bytes)
Event: 8.328 Thread 0x0000018a63726410 nmethod 4662 0x0000018a4daf7690 code [0x0000018a4daf7f00, 0x0000018a4dafc8a8]
Event: 8.329 Thread 0x0000018a63726410 4663       3       io.github.classgraph.Classfile::extendScanningUpwards (587 bytes)
Event: 8.332 Thread 0x0000018a63726410 nmethod 4663 0x0000018a4d7d5210 code [0x0000018a4d7d57a0, 0x0000018a4d7d8888]

GC Heap History (20 events):
Event: 6.552 GC heap after
{Heap after GC invocations=15 (full 0):
 garbage-first heap   total 88064K, used 31482K [0x0000000090c00000, 0x0000000100000000)
  region size 1024K, 2 young (2048K), 2 survivors (2048K)
 Metaspace       used 37421K, committed 37888K, reserved 1114112K
  class space    used 4557K, committed 4800K, reserved 1048576K
}
Event: 6.782 GC heap before
{Heap before GC invocations=16 (full 0):
 garbage-first heap   total 88064K, used 61178K [0x0000000090c00000, 0x0000000100000000)
  region size 1024K, 32 young (32768K), 2 survivors (2048K)
 Metaspace       used 37735K, committed 38208K, reserved 1114112K
  class space    used 4586K, committed 4800K, reserved 1048576K
}
Event: 6.804 GC heap after
{Heap after GC invocations=17 (full 0):
 garbage-first heap   total 88064K, used 40539K [0x0000000090c00000, 0x0000000100000000)
  region size 1024K, 4 young (4096K), 4 survivors (4096K)
 Metaspace       used 37735K, committed 38208K, reserved 1114112K
  class space    used 4586K, committed 4800K, reserved 1048576K
}
Event: 6.855 GC heap before
{Heap before GC invocations=17 (full 0):
 garbage-first heap   total 88064K, used 62043K [0x0000000090c00000, 0x0000000100000000)
  region size 1024K, 26 young (26624K), 4 survivors (4096K)
 Metaspace       used 37833K, committed 38272K, reserved 1114112K
  class space    used 4591K, committed 4800K, reserved 1048576K
}
Event: 6.866 GC heap after
{Heap after GC invocations=18 (full 0):
 garbage-first heap   total 88064K, used 43169K [0x0000000090c00000, 0x0000000100000000)
  region size 1024K, 3 young (3072K), 3 survivors (3072K)
 Metaspace       used 37833K, committed 38272K, reserved 1114112K
  class space    used 4591K, committed 4800K, reserved 1048576K
}
Event: 6.921 GC heap before
{Heap before GC invocations=18 (full 0):
 garbage-first heap   total 88064K, used 63649K [0x0000000090c00000, 0x0000000100000000)
  region size 1024K, 24 young (24576K), 3 survivors (3072K)
 Metaspace       used 37845K, committed 38272K, reserved 1114112K
  class space    used 4591K, committed 4800K, reserved 1048576K
}
Event: 6.928 GC heap after
{Heap after GC invocations=19 (full 0):
 garbage-first heap   total 88064K, used 44865K [0x0000000090c00000, 0x0000000100000000)
  region size 1024K, 2 young (2048K), 2 survivors (2048K)
 Metaspace       used 37845K, committed 38272K, reserved 1114112K
  class space    used 4591K, committed 4800K, reserved 1048576K
}
Event: 7.020 GC heap before
{Heap before GC invocations=20 (full 0):
 garbage-first heap   total 104448K, used 66369K [0x0000000090c00000, 0x0000000100000000)
  region size 1024K, 24 young (24576K), 2 survivors (2048K)
 Metaspace       used 37864K, committed 38272K, reserved 1114112K
  class space    used 4591K, committed 4800K, reserved 1048576K
}
Event: 7.028 GC heap after
{Heap after GC invocations=21 (full 0):
 garbage-first heap   total 104448K, used 46813K [0x0000000090c00000, 0x0000000100000000)
  region size 1024K, 3 young (3072K), 3 survivors (3072K)
 Metaspace       used 37864K, committed 38272K, reserved 1114112K
  class space    used 4591K, committed 4800K, reserved 1048576K
}
Event: 7.103 GC heap before
{Heap before GC invocations=21 (full 0):
 garbage-first heap   total 104448K, used 76509K [0x0000000090c00000, 0x0000000100000000)
  region size 1024K, 33 young (33792K), 3 survivors (3072K)
 Metaspace       used 37954K, committed 38400K, reserved 1114112K
  class space    used 4597K, committed 4800K, reserved 1048576K
}
Event: 7.110 GC heap after
{Heap after GC invocations=22 (full 0):
 garbage-first heap   total 104448K, used 48868K [0x0000000090c00000, 0x0000000100000000)
  region size 1024K, 5 young (5120K), 5 survivors (5120K)
 Metaspace       used 37954K, committed 38400K, reserved 1114112K
  class space    used 4597K, committed 4800K, reserved 1048576K
}
Event: 7.173 GC heap before
{Heap before GC invocations=22 (full 0):
 garbage-first heap   total 104448K, used 78564K [0x0000000090c00000, 0x0000000100000000)
  region size 1024K, 35 young (35840K), 5 survivors (5120K)
 Metaspace       used 37955K, committed 38400K, reserved 1114112K
  class space    used 4597K, committed 4800K, reserved 1048576K
}
Event: 7.187 GC heap after
{Heap after GC invocations=23 (full 0):
 garbage-first heap   total 284672K, used 51458K [0x0000000090c00000, 0x0000000100000000)
  region size 1024K, 5 young (5120K), 5 survivors (5120K)
 Metaspace       used 37955K, committed 38400K, reserved 1114112K
  class space    used 4597K, committed 4800K, reserved 1048576K
}
Event: 7.434 GC heap before
{Heap before GC invocations=23 (full 0):
 garbage-first heap   total 284672K, used 185602K [0x0000000090c00000, 0x0000000100000000)
  region size 1024K, 137 young (140288K), 5 survivors (5120K)
 Metaspace       used 37964K, committed 38400K, reserved 1114112K
  class space    used 4599K, committed 4800K, reserved 1048576K
}
Event: 7.450 GC heap after
{Heap after GC invocations=24 (full 0):
 garbage-first heap   total 284672K, used 62168K [0x0000000090c00000, 0x0000000100000000)
  region size 1024K, 16 young (16384K), 16 survivors (16384K)
 Metaspace       used 37964K, committed 38400K, reserved 1114112K
  class space    used 4599K, committed 4800K, reserved 1048576K
}
Event: 7.673 GC heap before
{Heap before GC invocations=24 (full 0):
 garbage-first heap   total 284672K, used 206552K [0x0000000090c00000, 0x0000000100000000)
  region size 1024K, 157 young (160768K), 16 survivors (16384K)
 Metaspace       used 37964K, committed 38400K, reserved 1114112K
  class space    used 4599K, committed 4800K, reserved 1048576K
}
Event: 7.697 GC heap after
{Heap after GC invocations=25 (full 0):
 garbage-first heap   total 284672K, used 73572K [0x0000000090c00000, 0x0000000100000000)
  region size 1024K, 12 young (12288K), 12 survivors (12288K)
 Metaspace       used 37964K, committed 38400K, reserved 1114112K
  class space    used 4599K, committed 4800K, reserved 1048576K
}
Event: 7.980 GC heap before
{Heap before GC invocations=25 (full 0):
 garbage-first heap   total 284672K, used 213860K [0x0000000090c00000, 0x0000000100000000)
  region size 1024K, 150 young (153600K), 12 survivors (12288K)
 Metaspace       used 37965K, committed 38400K, reserved 1114112K
  class space    used 4599K, committed 4800K, reserved 1048576K
}
Event: 7.997 GC heap after
{Heap after GC invocations=26 (full 0):
 garbage-first heap   total 284672K, used 83077K [0x0000000090c00000, 0x0000000100000000)
  region size 1024K, 10 young (10240K), 10 survivors (10240K)
 Metaspace       used 37965K, committed 38400K, reserved 1114112K
  class space    used 4599K, committed 4800K, reserved 1048576K
}
Event: 8.339 GC heap before
{Heap before GC invocations=26 (full 0):
 garbage-first heap   total 284672K, used 221317K [0x0000000090c00000, 0x0000000100000000)
  region size 1024K, 146 young (149504K), 10 survivors (10240K)
 Metaspace       used 37965K, committed 38400K, reserved 1114112K
  class space    used 4599K, committed 4800K, reserved 1048576K
}

Dll operation events (8 events):
Event: 0.011 Loaded shared library C:\Users\nmene\.vscode\extensions\redhat.java-1.33.0-win32-x64\jre\17.0.11-win32-x86_64\bin\java.dll
Event: 0.242 Loaded shared library C:\Users\nmene\.vscode\extensions\redhat.java-1.33.0-win32-x64\jre\17.0.11-win32-x86_64\bin\net.dll
Event: 0.246 Loaded shared library C:\Users\nmene\.vscode\extensions\redhat.java-1.33.0-win32-x64\jre\17.0.11-win32-x86_64\bin\nio.dll
Event: 0.257 Loaded shared library C:\Users\nmene\.vscode\extensions\redhat.java-1.33.0-win32-x64\jre\17.0.11-win32-x86_64\bin\zip.dll
Event: 0.430 Loaded shared library C:\Users\nmene\.vscode\extensions\redhat.java-1.33.0-win32-x64\jre\17.0.11-win32-x86_64\bin\jimage.dll
Event: 2.234 Loaded shared library C:\Users\nmene\.vscode\extensions\redhat.java-1.33.0-win32-x64\jre\17.0.11-win32-x86_64\bin\sunmscapi.dll
Event: 5.825 Loaded shared library C:\Users\nmene\.vscode\extensions\redhat.java-1.33.0-win32-x64\jre\17.0.11-win32-x86_64\bin\management.dll
Event: 5.829 Loaded shared library C:\Users\nmene\.vscode\extensions\redhat.java-1.33.0-win32-x64\jre\17.0.11-win32-x86_64\bin\management_ext.dll

Deoptimization events (20 events):
Event: 8.007 Thread 0x0000018a69915990 DEOPT PACKING pc=0x0000018a4e05872c sp=0x0000005777dfecb0
Event: 8.007 Thread 0x0000018a69915990 DEOPT UNPACKING pc=0x0000018a54c57143 sp=0x0000005777dfe250 mode 0
Event: 8.019 Thread 0x0000018a69915990 DEOPT PACKING pc=0x0000018a4e05872c sp=0x0000005777dfecb0
Event: 8.019 Thread 0x0000018a69915990 DEOPT UNPACKING pc=0x0000018a54c57143 sp=0x0000005777dfe250 mode 0
Event: 8.023 Thread 0x0000018a69915990 DEOPT PACKING pc=0x0000018a4e032c60 sp=0x0000005777dfec60
Event: 8.023 Thread 0x0000018a69915990 DEOPT UNPACKING pc=0x0000018a54c57143 sp=0x0000005777dfe0f0 mode 0
Event: 8.030 Thread 0x0000018a6a5374c0 DEOPT PACKING pc=0x0000018a4e05872c sp=0x00000057776ff000
Event: 8.030 Thread 0x0000018a6a5374c0 DEOPT UNPACKING pc=0x0000018a54c57143 sp=0x00000057776fe5a0 mode 0
Event: 8.040 Thread 0x0000018a69914a60 DEOPT PACKING pc=0x0000018a4e05872c sp=0x00000057782fed10
Event: 8.040 Thread 0x0000018a69914a60 DEOPT UNPACKING pc=0x0000018a54c57143 sp=0x00000057782fe2b0 mode 0
Event: 8.041 Thread 0x0000018a69913b30 DEOPT PACKING pc=0x0000018a4e032c60 sp=0x00000057780fe900
Event: 8.041 Thread 0x0000018a69913b30 DEOPT UNPACKING pc=0x0000018a54c57143 sp=0x00000057780fdd90 mode 0
Event: 8.313 Thread 0x0000018a69914f70 Uncommon trap: trap_request=0xffffff45 fr.pc=0x0000018a553631e4 relative=0x0000000000001984
Event: 8.313 Thread 0x0000018a69914f70 Uncommon trap: reason=unstable_if action=reinterpret pc=0x0000018a553631e4 method=io.github.classgraph.Classfile.readFields()V @ 448 c2
Event: 8.313 Thread 0x0000018a69914f70 DEOPT PACKING pc=0x0000018a553631e4 sp=0x0000005777afe8e0
Event: 8.313 Thread 0x0000018a69914f70 DEOPT UNPACKING pc=0x0000018a54c569a3 sp=0x0000005777afe878 mode 2
Event: 8.325 Thread 0x0000018a699121e0 Uncommon trap: trap_request=0xffffff45 fr.pc=0x0000018a552fee40 relative=0x0000000000001d60
Event: 8.325 Thread 0x0000018a699121e0 Uncommon trap: reason=unstable_if action=reinterpret pc=0x0000018a552fee40 method=io.github.classgraph.Classfile.extendScanningUpwards(Lnonapi/io/github/classgraph/utils/LogNode;)V @ 4 c2
Event: 8.325 Thread 0x0000018a699121e0 DEOPT PACKING pc=0x0000018a552fee40 sp=0x00000057778fe9c0
Event: 8.325 Thread 0x0000018a699121e0 DEOPT UNPACKING pc=0x0000018a54c569a3 sp=0x00000057778fe9a0 mode 2

Classes unloaded (0 events):
No events

Classes redefined (0 events):
No events

Internal exceptions (20 events):
Event: 4.816 Thread 0x0000018a4aa514a0 Exception <a 'java/lang/NoClassDefFoundError'{0x00000000927c6928}: org/jooq/DSLContext> (0x00000000927c6928) 
thrown [s\src\hotspot\share\classfile\systemDictionary.cpp, line 245]
Event: 4.818 Thread 0x0000018a4aa514a0 Exception <a 'java/lang/NoClassDefFoundError'{0x00000000927de230}: org/springframework/batch/core/repository/JobRepository> (0x00000000927de230) 
thrown [s\src\hotspot\share\classfile\systemDictionary.cpp, line 245]
Event: 4.818 Thread 0x0000018a4aa514a0 Exception <a 'java/lang/NoClassDefFoundError'{0x00000000927df708}: org/quartz/Scheduler> (0x00000000927df708) 
thrown [s\src\hotspot\share\classfile\systemDictionary.cpp, line 245]
Event: 4.818 Thread 0x0000018a4aa514a0 Exception <a 'java/lang/NoClassDefFoundError'{0x00000000927e1030}: org/springframework/session/jdbc/JdbcIndexedSessionRepository> (0x00000000927e1030) 
thrown [s\src\hotspot\share\classfile\systemDictionary.cpp, line 245]
Event: 5.026 Thread 0x0000018a4aa514a0 Exception <a 'java/lang/NoSuchMethodError'{0x00000000976300f8}: 'java.lang.Object java.lang.invoke.DirectMethodHandle$Holder.invokeSpecialIFC(java.lang.Object, java.lang.Object, java.lang.Object)'> (0x00000000976300f8) 
thrown [s\src\hotspot\share\interpreter\linkResolver.cpp, line 759]
Event: 5.257 Thread 0x0000018a4aa514a0 Exception <a 'java/lang/NoSuchMethodError'{0x0000000093492a10}: 'void java.lang.invoke.DirectMethodHandle$Holder.invokeInterface(java.lang.Object, java.lang.Object, int)'> (0x0000000093492a10) 
thrown [s\src\hotspot\share\interpreter\linkResolver.cpp, line 759]
Event: 5.271 Thread 0x0000018a4aa514a0 Exception <a 'java/lang/IncompatibleClassChangeError'{0x00000000934e30d0}: Found class java.lang.Object, but interface was expected> (0x00000000934e30d0) 
thrown [s\src\hotspot\share\interpreter\linkResolver.cpp, line 826]
Event: 5.273 Thread 0x0000018a4aa514a0 Exception <a 'java/lang/NoSuchMethodError'{0x00000000934f3c08}: 'int java.lang.invoke.DirectMethodHandle$Holder.invokeSpecialIFC(java.lang.Object, java.lang.Object, java.lang.Object)'> (0x00000000934f3c08) 
thrown [s\src\hotspot\share\interpreter\linkResolver.cpp, line 759]
Event: 5.279 Thread 0x0000018a4aa514a0 Exception <a 'java/lang/NoSuchMethodError'{0x000000009330c8d8}: 'void java.lang.invoke.DirectMethodHandle$Holder.invokeStatic(java.lang.Object, int, java.lang.Object)'> (0x000000009330c8d8) 
thrown [s\src\hotspot\share\interpreter\linkResolver.cpp, line 759]
Event: 5.288 Thread 0x0000018a4aa514a0 Exception <a 'java/lang/NoSuchMethodError'{0x0000000093347f58}: 'void java.lang.invoke.DirectMethodHandle$Holder.invokeVirtual(java.lang.Object, java.lang.Object, int)'> (0x0000000093347f58) 
thrown [s\src\hotspot\share\interpreter\linkResolver.cpp, line 759]
Event: 5.289 Thread 0x0000018a4aa514a0 Exception <a 'java/lang/NoSuchMethodError'{0x000000009334e1a0}: 'void java.lang.invoke.DirectMethodHandle$Holder.invokeStatic(java.lang.Object, java.lang.Object, java.lang.Object, int, java.lang.Object)'> (0x000000009334e1a0) 
thrown [s\src\hotspot\share\interpreter\linkResolver.cpp, line 759]
Event: 5.290 Thread 0x0000018a4aa514a0 Exception <a 'java/lang/NoSuchMethodError'{0x00000000933556a8}: 'java.lang.Object java.lang.invoke.DirectMethodHandle$Holder.newInvokeSpecial(java.lang.Object, java.lang.Object, java.lang.Object, int)'> (0x00000000933556a8) 
thrown [s\src\hotspot\share\interpreter\linkResolver.cpp, line 759]
Event: 5.290 Thread 0x0000018a4aa514a0 Exception <a 'java/lang/NoSuchMethodError'{0x0000000093359990}: 'java.lang.Object java.lang.invoke.DirectMethodHandle$Holder.invokeSpecial(java.lang.Object, java.lang.Object, java.lang.Object, java.lang.Object, int)'> (0x0000000093359990) 
thrown [s\src\hotspot\share\interpreter\linkResolver.cpp, line 759]
Event: 5.291 Thread 0x0000018a4aa514a0 Exception <a 'java/lang/NoSuchMethodError'{0x000000009335d798}: 'java.lang.Object java.lang.invoke.Invokers$Holder.linkToTargetMethod(java.lang.Object, java.lang.Object, int, java.lang.Object)'> (0x000000009335d798) 
thrown [s\src\hotspot\share\interpreter\linkResolver.cpp, line 759]
Event: 5.447 Thread 0x0000018a4aa514a0 Exception <a 'java/lang/NoSuchMethodError'{0x0000000092f8cb08}: 'java.lang.Object java.lang.invoke.DirectMethodHandle$Holder.invokeStaticInit(java.lang.Object, int, int, int, int)'> (0x0000000092f8cb08) 
thrown [s\src\hotspot\share\interpreter\linkResolver.cpp, line 759]
Event: 5.555 Thread 0x0000018a4aa514a0 Exception <a 'java/lang/NoSuchMethodError'{0x0000000092e7ed28}: 'java.lang.Object java.lang.invoke.DirectMethodHandle$Holder.invokeStaticInit(java.lang.Object, java.lang.Object, int, int, int, int)'> (0x0000000092e7ed28) 
thrown [s\src\hotspot\share\interpreter\linkResolver.cpp, line 759]
Event: 5.763 Thread 0x0000018a4aa514a0 Exception <a 'java/lang/NoSuchMethodError'{0x00000000929ddba0}: 'java.lang.Object java.lang.invoke.DirectMethodHandle$Holder.invokeSpecial(java.lang.Object, java.lang.Object, long, java.lang.Object, java.lang.Object, java.lang.Object, java.lang.Object, java.lang.Object, java.lang.Object)'> (0x00000000929ddba0) 
thrown [s\src\hotspot\share\interpreter\linkResolver.cpp, line 759]
Event: 5.764 Thread 0x0000018a4aa514a0 Exception <a 'java/lang/NoSuchMethodError'{0x00000000929e26c8}: 'java.lang.Object java.lang.invoke.DelegatingMethodHandle$Holder.reinvoke_L(java.lang.Object, long, java.lang.Object, java.lang.Object, java.lang.Object, java.lang.Object, java.lang.Object, java.lang.Object)'> (0x00000000929e26c8) 
thrown [s\src\hotspot\share\interpreter\linkResolver.cpp, line 759]
Event: 5.807 Thread 0x0000018a4aa514a0 Implicit null exception at 0x0000018a5523af24 to 0x0000018a5523c624
Event: 5.923 Thread 0x0000018a4aa514a0 Exception <a 'java/lang/NoSuchMethodError'{0x0000000097749a68}: 'int java.lang.invoke.DirectMethodHandle$Holder.invokeInterface(java.lang.Object, java.lang.Object, java.lang.Object, java.lang.Object)'> (0x0000000097749a68) 
thrown [s\src\hotspot\share\interpreter\linkResolver.cpp, line 759]

VM Operations (20 events):
Event: 7.110 Executing VM operation: G1CollectForAllocation done
Event: 7.172 Executing VM operation: G1CollectForAllocation
Event: 7.187 Executing VM operation: G1CollectForAllocation done
Event: 7.322 Executing VM operation: HandshakeAllThreads
Event: 7.323 Executing VM operation: HandshakeAllThreads done
Event: 7.339 Executing VM operation: HandshakeAllThreads
Event: 7.339 Executing VM operation: HandshakeAllThreads done
Event: 7.360 Executing VM operation: HandshakeAllThreads
Event: 7.360 Executing VM operation: HandshakeAllThreads done
Event: 7.434 Executing VM operation: G1CollectForAllocation
Event: 7.450 Executing VM operation: G1CollectForAllocation done
Event: 7.673 Executing VM operation: G1CollectForAllocation
Event: 7.697 Executing VM operation: G1CollectForAllocation done
Event: 7.980 Executing VM operation: G1CollectForAllocation
Event: 7.980 Executing VM operation: G1CollectForAllocation done
Event: 7.980 Executing VM operation: G1CollectForAllocation
Event: 7.997 Executing VM operation: G1CollectForAllocation done
Event: 8.338 Executing VM operation: G1CollectForAllocation
Event: 8.339 Executing VM operation: G1CollectForAllocation done
Event: 8.339 Executing VM operation: G1CollectForAllocation

Events (20 events):
Event: 7.372 Thread 0x0000018a63730d40 flushing nmethod 0x0000018a4e084610
Event: 7.373 Thread 0x0000018a63730d40 flushing nmethod 0x0000018a4e095490
Event: 7.373 Thread 0x0000018a63730d40 flushing nmethod 0x0000018a4e095810
Event: 7.373 Thread 0x0000018a63730d40 flushing nmethod 0x0000018a4e095d90
Event: 7.373 Thread 0x0000018a63730d40 flushing nmethod 0x0000018a4e096310
Event: 7.373 Thread 0x0000018a63730d40 flushing nmethod 0x0000018a4e097b10
Event: 7.373 Thread 0x0000018a63730d40 flushing nmethod 0x0000018a4e098910
Event: 7.373 Thread 0x0000018a63730d40 flushing nmethod 0x0000018a4e099990
Event: 7.373 Thread 0x0000018a63730d40 flushing nmethod 0x0000018a4e09a510
Event: 7.373 Thread 0x0000018a63730d40 flushing nmethod 0x0000018a4e09ad10
Event: 7.373 Thread 0x0000018a63730d40 flushing nmethod 0x0000018a4e09b290
Event: 7.373 Thread 0x0000018a63730d40 flushing nmethod 0x0000018a4e09b910
Event: 7.373 Thread 0x0000018a63730d40 flushing nmethod 0x0000018a4e09d290
Event: 7.373 Thread 0x0000018a63730d40 flushing nmethod 0x0000018a4e09d910
Event: 7.373 Thread 0x0000018a63730d40 flushing nmethod 0x0000018a4e09dd10
Event: 7.373 Thread 0x0000018a63730d40 flushing nmethod 0x0000018a4e0a1f10
Event: 7.373 Thread 0x0000018a63730d40 flushing nmethod 0x0000018a4e0baf90
Event: 7.373 Thread 0x0000018a63730d40 flushing nmethod 0x0000018a4e0c8e90
Event: 7.373 Thread 0x0000018a63730d40 flushing nmethod 0x0000018a4e0cc790
Event: 7.373 Thread 0x0000018a63730d40 flushing nmethod 0x0000018a4e0dd590


Dynamic libraries:
0x00007ff7869e0000 - 0x00007ff7869ee000 	C:\Users\nmene\.vscode\extensions\redhat.java-1.33.0-win32-x64\jre\17.0.11-win32-x86_64\bin\java.exe
0x00007fffa9ad0000 - 0x00007fffa9ce7000 	C:\Windows\SYSTEM32\ntdll.dll
0x00007fffa88a0000 - 0x00007fffa8964000 	C:\Windows\System32\KERNEL32.DLL
0x00007fffa7300000 - 0x00007fffa76ad000 	C:\Windows\System32\KERNELBASE.dll
0x00007fffa6df0000 - 0x00007fffa6f01000 	C:\Windows\System32\ucrtbase.dll
0x00007fff62490000 - 0x00007fff624a7000 	C:\Users\nmene\.vscode\extensions\redhat.java-1.33.0-win32-x64\jre\17.0.11-win32-x86_64\bin\jli.dll
0x00007fff62230000 - 0x00007fff6224b000 	C:\Users\nmene\.vscode\extensions\redhat.java-1.33.0-win32-x64\jre\17.0.11-win32-x86_64\bin\VCRUNTIME140.dll
0x00007fffa7dd0000 - 0x00007fffa7f7e000 	C:\Windows\System32\USER32.dll
0x00007fffa70f0000 - 0x00007fffa7116000 	C:\Windows\System32\win32u.dll
0x00007fff87c30000 - 0x00007fff87ec3000 	C:\Windows\WinSxS\amd64_microsoft.windows.common-controls_6595b64144ccf1df_6.0.22621.3672_none_2713b9d173822955\COMCTL32.dll
0x00007fffa8970000 - 0x00007fffa8999000 	C:\Windows\System32\GDI32.dll
0x00007fffa9750000 - 0x00007fffa97f7000 	C:\Windows\System32\msvcrt.dll
0x00007fffa7120000 - 0x00007fffa7239000 	C:\Windows\System32\gdi32full.dll
0x00007fffa7760000 - 0x00007fffa77fa000 	C:\Windows\System32\msvcp_win.dll
0x00007fffa8140000 - 0x00007fffa8171000 	C:\Windows\System32\IMM32.DLL
0x00007fff624b0000 - 0x00007fff624bc000 	C:\Users\nmene\.vscode\extensions\redhat.java-1.33.0-win32-x64\jre\17.0.11-win32-x86_64\bin\vcruntime140_1.dll
0x00007fff61020000 - 0x00007fff610ad000 	C:\Users\nmene\.vscode\extensions\redhat.java-1.33.0-win32-x64\jre\17.0.11-win32-x86_64\bin\msvcp140.dll
0x00007fff603b0000 - 0x00007fff61012000 	C:\Users\nmene\.vscode\extensions\redhat.java-1.33.0-win32-x64\jre\17.0.11-win32-x86_64\bin\server\jvm.dll
0x00007fffa8b60000 - 0x00007fffa8c12000 	C:\Windows\System32\ADVAPI32.dll
0x00007fffa99e0000 - 0x00007fffa9a89000 	C:\Windows\System32\sechost.dll
0x00007fffa76b0000 - 0x00007fffa76d8000 	C:\Windows\System32\bcrypt.dll
0x00007fffa8700000 - 0x00007fffa8814000 	C:\Windows\System32\RPCRT4.dll
0x00007fffa6cb0000 - 0x00007fffa6cfd000 	C:\Windows\SYSTEM32\POWRPROF.dll
0x00007fffa2b60000 - 0x00007fffa2b94000 	C:\Windows\SYSTEM32\WINMM.dll
0x00007fff62220000 - 0x00007fff62229000 	C:\Windows\SYSTEM32\WSOCK32.dll
0x00007fffa7d50000 - 0x00007fffa7dc1000 	C:\Windows\System32\WS2_32.dll
0x00007fffa00e0000 - 0x00007fffa00ea000 	C:\Windows\SYSTEM32\VERSION.dll
0x00007fffa6c90000 - 0x00007fffa6ca3000 	C:\Windows\SYSTEM32\UMPDC.dll
0x00007fffa5d80000 - 0x00007fffa5d98000 	C:\Windows\SYSTEM32\kernel.appcore.dll
0x00007fff624e0000 - 0x00007fff624ea000 	C:\Users\nmene\.vscode\extensions\redhat.java-1.33.0-win32-x64\jre\17.0.11-win32-x86_64\bin\jimage.dll
0x00007fff95000000 - 0x00007fff95232000 	C:\Windows\SYSTEM32\DBGHELP.DLL
0x00007fffa7930000 - 0x00007fffa7cbd000 	C:\Windows\System32\combase.dll
0x00007fffa8600000 - 0x00007fffa86d7000 	C:\Windows\System32\OLEAUT32.dll
0x00007fff94bd0000 - 0x00007fff94c02000 	C:\Windows\SYSTEM32\dbgcore.DLL
0x00007fffa76e0000 - 0x00007fffa775b000 	C:\Windows\System32\bcryptPrimitives.dll
0x00007fffa3cf0000 - 0x00007fffa3d15000 	C:\Users\nmene\.vscode\extensions\redhat.java-1.33.0-win32-x64\jre\17.0.11-win32-x86_64\bin\java.dll
0x00007fff624c0000 - 0x00007fff624d8000 	C:\Users\nmene\.vscode\extensions\redhat.java-1.33.0-win32-x64\jre\17.0.11-win32-x86_64\bin\zip.dll
0x00007fffa8c20000 - 0x00007fffa9488000 	C:\Windows\System32\SHELL32.dll
0x00007fffa4cf0000 - 0x00007fffa55ee000 	C:\Windows\SYSTEM32\windows.storage.dll
0x00007fffa4bb0000 - 0x00007fffa4cef000 	C:\Windows\SYSTEM32\wintypes.dll
0x00007fffa9800000 - 0x00007fffa98f9000 	C:\Windows\System32\SHCORE.dll
0x00007fffa8820000 - 0x00007fffa887e000 	C:\Windows\System32\shlwapi.dll
0x00007fffa6d20000 - 0x00007fffa6d41000 	C:\Windows\SYSTEM32\profapi.dll
0x00007fff612f0000 - 0x00007fff61309000 	C:\Users\nmene\.vscode\extensions\redhat.java-1.33.0-win32-x64\jre\17.0.11-win32-x86_64\bin\net.dll
0x00007fffa2e60000 - 0x00007fffa2f96000 	C:\Windows\SYSTEM32\WINHTTP.dll
0x00007fffa6250000 - 0x00007fffa62b9000 	C:\Windows\system32\mswsock.dll
0x00007fff612d0000 - 0x00007fff612e6000 	C:\Users\nmene\.vscode\extensions\redhat.java-1.33.0-win32-x64\jre\17.0.11-win32-x86_64\bin\nio.dll
0x00007fffa3490000 - 0x00007fffa349e000 	C:\Users\nmene\.vscode\extensions\redhat.java-1.33.0-win32-x64\jre\17.0.11-win32-x86_64\bin\sunmscapi.dll
0x00007fffa6f10000 - 0x00007fffa7077000 	C:\Windows\System32\CRYPT32.dll
0x00007fffa66b0000 - 0x00007fffa66de000 	C:\Windows\SYSTEM32\ncrypt.dll
0x00007fffa6670000 - 0x00007fffa66a7000 	C:\Windows\SYSTEM32\NTASN1.dll
0x00007fffa64e0000 - 0x00007fffa64fb000 	C:\Windows\SYSTEM32\CRYPTSP.dll
0x00007fffa5d40000 - 0x00007fffa5d75000 	C:\Windows\system32\rsaenh.dll
0x00007fffa6320000 - 0x00007fffa6348000 	C:\Windows\SYSTEM32\USERENV.dll
0x00007fffa64d0000 - 0x00007fffa64dc000 	C:\Windows\SYSTEM32\CRYPTBASE.dll
0x00007fffa5890000 - 0x00007fffa58bd000 	C:\Windows\SYSTEM32\IPHLPAPI.DLL
0x00007fffa8130000 - 0x00007fffa8139000 	C:\Windows\System32\NSI.dll
0x00007fffa2ff0000 - 0x00007fffa3009000 	C:\Windows\SYSTEM32\dhcpcsvc6.DLL
0x00007fffa2e40000 - 0x00007fffa2e5f000 	C:\Windows\SYSTEM32\dhcpcsvc.DLL
0x00007fffa58c0000 - 0x00007fffa59b8000 	C:\Windows\SYSTEM32\DNSAPI.dll
0x00007fff625b0000 - 0x00007fff625b9000 	C:\Users\nmene\.vscode\extensions\redhat.java-1.33.0-win32-x64\jre\17.0.11-win32-x86_64\bin\management.dll
0x00007fff625a0000 - 0x00007fff625ab000 	C:\Users\nmene\.vscode\extensions\redhat.java-1.33.0-win32-x64\jre\17.0.11-win32-x86_64\bin\management_ext.dll
0x00007fffa9740000 - 0x00007fffa9748000 	C:\Windows\System32\PSAPI.DLL

dbghelp: loaded successfully - version: 4.0.5 - missing functions: none
symbol engine: initialized successfully - sym options: 0x614 - pdb path: .;C:\Users\nmene\.vscode\extensions\redhat.java-1.33.0-win32-x64\jre\17.0.11-win32-x86_64\bin;C:\Windows\SYSTEM32;C:\Windows\WinSxS\amd64_microsoft.windows.common-controls_6595b64144ccf1df_6.0.22621.3672_none_2713b9d173822955;C:\Users\nmene\.vscode\extensions\redhat.java-1.33.0-win32-x64\jre\17.0.11-win32-x86_64\bin\server

VM Arguments:
jvm_args: -XX:+ShowCodeDetailsInExceptionMessages 
java_command: com.inventarios.inventario.InventarioApplication
java_class_path (initial): C:\Users\nmene\Desktop\Inventarios\inventario\target\classes;C:\Users\nmene\.m2\repository\org\springframework\boot\spring-boot-starter-data-jpa\3.3.3\spring-boot-starter-data-jpa-3.3.3.jar;C:\Users\nmene\.m2\repository\org\springframework\boot\spring-boot-starter-aop\3.3.3\spring-boot-starter-aop-3.3.3.jar;C:\Users\nmene\.m2\repository\org\springframework\spring-aop\6.1.12\spring-aop-6.1.12.jar;C:\Users\nmene\.m2\repository\org\aspectj\aspectjweaver\1.9.22.1\aspectjweaver-1.9.22.1.jar;C:\Users\nmene\.m2\repository\org\springframework\boot\spring-boot-starter-jdbc\3.3.3\spring-boot-starter-jdbc-3.3.3.jar;C:\Users\nmene\.m2\repository\com\zaxxer\HikariCP\5.1.0\HikariCP-5.1.0.jar;C:\Users\nmene\.m2\repository\org\springframework\spring-jdbc\6.1.12\spring-jdbc-6.1.12.jar;C:\Users\nmene\.m2\repository\org\hibernate\orm\hibernate-core\6.5.2.Final\hibernate-core-6.5.2.Final.jar;C:\Users\nmene\.m2\repository\jakarta\persistence\jakarta.persistence-api\3.1.0\jakarta.persistence-api-3.1.0.jar;C:\Users\nmene\.m2\repository\jakarta\transaction\jakarta.transaction-api\2.0.1\jakarta.transaction-api-2.0.1.jar;C:\Users\nmene\.m2\repository\org\jboss\logging\jboss-logging\3.5.3.Final\jboss-logging-3.5.3.Final.jar;C:\Users\nmene\.m2\repository\org\hibernate\common\hibernate-commons-annotations\6.0.6.Final\hibernate-commons-annotations-6.0.6.Final.jar;C:\Users\nmene\.m2\repository\io\smallrye\jandex\3.1.2\jandex-3.1.2.jar;C:\Users\nmene\.m2\repository\com\fasterxml\classmate\1.7.0\classmate-1.7.0.jar;C:\Users\nmene\.m2\repository\net\bytebuddy\byte-buddy\1.14.19\byte-buddy-1.14.19.jar;C:\Users\nmene\.m2\repository\org\glassfish\jaxb\jaxb-runtime\4.0.5\jaxb-runtime-4.0.5.jar;C:\Users\nmene\.m2\repository\org\glassfish\jaxb\jaxb-core\4.0.5\jaxb-core-4.0.5.jar;C:\Users\nmene\.m2\repository\org\eclipse\angus\angus-activation\2.0.2\angus-activation-2.0.2.jar;C:\Users\nmene\.m2\repository\org\glassfish\jaxb\txw2\4.0.5\txw2-4.0.5.jar;C:\Users\nmene\.m2\repositor
Launcher Type: SUN_STANDARD

[Global flags]
     intx CICompilerCount                          = 4                                         {product} {ergonomic}
     uint ConcGCThreads                            = 2                                         {product} {ergonomic}
     uint G1ConcRefinementThreads                  = 8                                         {product} {ergonomic}
   size_t G1HeapRegionSize                         = 1048576                                   {product} {ergonomic}
    uintx GCDrainStackTargetSize                   = 64                                        {product} {ergonomic}
   size_t InitialHeapSize                          = 117440512                                 {product} {ergonomic}
   size_t MarkStackSize                            = 4194304                                   {product} {ergonomic}
   size_t MaxHeapSize                              = 1866465280                                {product} {ergonomic}
   size_t MaxNewSize                               = 1119879168                                {product} {ergonomic}
   size_t MinHeapDeltaBytes                        = 1048576                                   {product} {ergonomic}
   size_t MinHeapSize                              = 8388608                                   {product} {ergonomic}
    uintx NonNMethodCodeHeapSize                   = 5839372                                {pd product} {ergonomic}
    uintx NonProfiledCodeHeapSize                  = 122909434                              {pd product} {ergonomic}
    uintx ProfiledCodeHeapSize                     = 122909434                              {pd product} {ergonomic}
    uintx ReservedCodeCacheSize                    = 251658240                              {pd product} {ergonomic}
     bool SegmentedCodeCache                       = true                                      {product} {ergonomic}
     bool ShowCodeDetailsInExceptionMessages       = true                                   {manageable} {command line}
   size_t SoftMaxHeapSize                          = 1866465280                             {manageable} {ergonomic}
     bool UseCompressedClassPointers               = true                           {product lp64_product} {ergonomic}
     bool UseCompressedOops                        = true                           {product lp64_product} {ergonomic}
     bool UseG1GC                                  = true                                      {product} {ergonomic}
     bool UseLargePagesIndividualAllocation        = false                                  {pd product} {ergonomic}

Logging:
Log output configuration:
 #0: stdout all=warning uptime,level,tags
 #1: stderr all=off uptime,level,tags

Environment Variables:
JAVA_HOME=C:\Program Files\Java\jdk-23
PATH=C:\Windows\system32;C:\Windows;C:\Windows\System32\Wbem;C:\Windows\System32\WindowsPowerShell\v1.0\;C:\Windows\System32\OpenSSH\;C:\Program Files\Git\cmd;C:\Program Files\nodejs\;C:\Program Files\Docker\Docker\resources\bin;C:\Program Files\Java\maven\apache-maven-3.9.8\bin;C:\Program Files\MySQL\MySQL Shell 8.0\bin\;C:\Users\nmene\AppData\Local\Microsoft\WindowsApps;C:\Users\nmene\AppData\Local\Programs\Microsoft VS Code\bin;C:\Program Files\Java\jdk-23\bin;C:\Users\nmene\AppData\Roaming\npm
USERNAME=nmene
LANG=en_US.UTF-8
OS=Windows_NT
PROCESSOR_IDENTIFIER=AMD64 Family 23 Model 17 Stepping 0, AuthenticAMD
TMP=C:\Users\nmene\AppData\Local\Temp
TEMP=C:\Users\nmene\AppData\Local\Temp



Periodic native trim disabled


---------------  S Y S T E M  ---------------

OS:
 Windows 11 , 64 bit Build 22621 (10.0.22621.3958)
OS uptime: 2 days 22:56 hours
Hyper-V role detected

CPU: total 8 (initial active 8) (8 cores per cpu, 2 threads per core) family 23 model 17 stepping 0 microcode 0x0, cx8, cmov, fxsr, ht, mmx, 3dnowpref, sse, sse2, sse3, ssse3, sse4a, sse4.1, sse4.2, popcnt, lzcnt, tsc, tscinvbit, avx, avx2, aes, clmul, bmi1, bmi2, adx, sha, fma, vzeroupper, clflush, clflushopt, hv
Processor Information for all 8 processors :
  Max Mhz: 2000, Current Mhz: 2000, Mhz Limit: 2000

Memory: 4k page, system-wide physical 7117M (511M free)
TotalPageFile size 21313M (AvailPageFile size 222M)
current process WorkingSet (physical memory assigned to process): 439M, peak: 440M
current process commit charge ("private bytes"): 489M, peak: 762M

vm_info: OpenJDK 64-Bit Server VM (17.0.11+9) for windows-amd64 JRE (17.0.11+9), built on Apr 17 2024 06:07:48 by "admin" with MS VC++ 16.10 / 16.11 (VS2019)

END.
