#
# There is insufficient memory for the Java Runtime Environment to continue.
# Native memory allocation (malloc) failed to allocate 1503856 bytes. Error detail: Chunk::new
# Possible reasons:
#   The system is out of physical RAM or swap space
#   This process is running with CompressedOops enabled, and the Java Heap may be blocking the growth of the native heap
# Possible solutions:
#   Reduce memory load on the system
#   Increase physical memory or swap space
#   Check if swap backing store is full
#   Decrease Java heap size (-Xmx/-Xms)
#   Decrease number of Java threads
#   Decrease Java thread stack sizes (-Xss)
#   Set larger code cache with -XX:ReservedCodeCacheSize=
#   JVM is running with Unscaled Compressed Oops mode in which the Java heap is
#     placed in the first 4GB address space. The Java Heap base address is the
#     maximum limit for the native heap growth. Please use -XX:HeapBaseMinAddress
#     to set the Java Heap base and to place the Java Heap above 4GB virtual address.
# This output file may be truncated or incomplete.
#
#  Out of Memory Error (arena.cpp:191), pid=28952, tid=28708
#
# JRE version: OpenJDK Runtime Environment Temurin-17.0.11+9 (17.0.11+9) (build 17.0.11+9)
# Java VM: OpenJDK 64-Bit Server VM Temurin-17.0.11+9 (17.0.11+9, mixed mode, tiered, compressed oops, compressed class ptrs, parallel gc, windows-amd64)
# No core dump will be written. Minidumps are not enabled by default on client versions of Windows
#

---------------  S U M M A R Y ------------

Command Line: --add-modules=ALL-SYSTEM --add-opens=java.base/java.util=ALL-UNNAMED --add-opens=java.base/java.lang=ALL-UNNAMED --add-opens=java.base/sun.nio.fs=ALL-UNNAMED -Declipse.application=org.eclipse.jdt.ls.core.id1 -Dosgi.bundles.defaultStartLevel=4 -Declipse.product=org.eclipse.jdt.ls.core.product -Djava.import.generatesMetadataFilesAtProjectRoot=false -DDetectVMInstallationsJob.disabled=true -Dfile.encoding=utf8 -XX:+UseParallelGC -XX:GCTimeRatio=4 -XX:AdaptiveSizePolicyWeight=90 -Dsun.zip.disableMemoryMapping=true -Xmx1G -Xms100m -Xlog:disable -javaagent:c:\Users\nmene\.vscode\extensions\redhat.java-1.33.0-win32-x64\lombok\lombok-1.18.33.jar -XX:+HeapDumpOnOutOfMemoryError -XX:HeapDumpPath=c:\Users\nmene\AppData\Roaming\Code\User\workspaceStorage\0b17c0107c2e625a2752672e5ec378a0\redhat.java -Daether.dependencyCollector.impl=bf c:\Users\nmene\.vscode\extensions\redhat.java-1.33.0-win32-x64\server\plugins\org.eclipse.equinox.launcher_1.6.900.v20240613-2009.jar -configuration c:\Users\nmene\AppData\Roaming\Code\User\globalStorage\redhat.java\1.33.0\config_win -data c:\Users\nmene\AppData\Roaming\Code\User\workspaceStorage\0b17c0107c2e625a2752672e5ec378a0\redhat.java\jdt_ws --pipe=\\.\pipe\lsp-abb43ab850c947c63bf7f312a2a5909a-sock

Host: AMD Ryzen 5 2500U with Radeon Vega Mobile Gfx  , 8 cores, 6G,  Windows 11 , 64 bit Build 22621 (10.0.22621.3958)
Time: Fri Aug 23 14:51:11 2024 Hora estándar central (México) elapsed time: 441.255093 seconds (0d 0h 7m 21s)

---------------  T H R E A D  ---------------

Current thread (0x000001f5a3c2a970):  JavaThread "C2 CompilerThread0" daemon [_thread_in_native, id=28708, stack(0x000000e67f000000,0x000000e67f100000)]


Current CompileTask:
C2: 441255 16198       4       org.codehaus.plexus.util.xml.Xpp3Dom::mergeIntoXpp3Dom (518 bytes)

Stack: [0x000000e67f000000,0x000000e67f100000]
Native frames: (J=compiled Java code, j=interpreted, Vv=VM code, C=native code)
V  [jvm.dll+0x67d429]
V  [jvm.dll+0x834b7a]
V  [jvm.dll+0x83663e]
V  [jvm.dll+0x836ca3]
V  [jvm.dll+0x247dbf]
V  [jvm.dll+0xac534]
V  [jvm.dll+0xacb7c]
V  [jvm.dll+0x3665f2]
V  [jvm.dll+0x330bba]
V  [jvm.dll+0x33005a]
V  [jvm.dll+0x21a471]
V  [jvm.dll+0x2198b1]
V  [jvm.dll+0x1a534d]
V  [jvm.dll+0x2295cd]
V  [jvm.dll+0x22779c]
V  [jvm.dll+0x7e9d07]
V  [jvm.dll+0x7e410a]
V  [jvm.dll+0x67c315]
C  [ucrtbase.dll+0x29333]
C  [KERNEL32.DLL+0x1257d]
C  [ntdll.dll+0x5af28]


---------------  P R O C E S S  ---------------

Threads class SMR info:
_java_thread_list=0x000001f5a56704f0, length=66, elements={
0x000001f58ac80e70, 0x000001f58ad2d1e0, 0x000001f58ad2e950, 0x000001f59eb0e470,
0x000001f5a3c21020, 0x000001f5a3c21c80, 0x000001f5a3c22e80, 0x000001f5a3c2a970,
0x000001f5a3c2ba20, 0x000001f5a3c35ea0, 0x000001f5a3d34500, 0x000001f5a3f52460,
0x000001f5a54ec380, 0x000001f5a54eb960, 0x000001f5a54e9b00, 0x000001f5a54ec890,
0x000001f5a54ebe70, 0x000001f5a54ea010, 0x000001f5a520bdf0, 0x000001f5a520d740,
0x000001f5a5209f90, 0x000001f5a520f090, 0x000001f5a520a4a0, 0x000001f5a520a9b0,
0x000001f5a520e670, 0x000001f5a520c300, 0x000001f5a520c810, 0x000001f5a520aec0,
0x000001f5a5209a80, 0x000001f5a520cd20, 0x000001f5a520ffc0, 0x000001f5a52104d0,
0x000001f5a520e160, 0x000001f5a5209060, 0x000001f5a54e95f0, 0x000001f5a3c9b980,
0x000001f5a3c9c8b0, 0x000001f5a3c9cdc0, 0x000001f5a3c9be90, 0x000001f5a3c9e200,
0x000001f5a3c9d7e0, 0x000001f5a3c9d2d0, 0x000001f5a3c9dcf0, 0x000001f5a5c30d70,
0x000001f5a5c321b0, 0x000001f5a5c31ca0, 0x000001f5a5c2ef10, 0x000001f5a5c2f930,
0x000001f5a5c33b00, 0x000001f5a5c2ea00, 0x000001f5a5c2dfe0, 0x000001f5a5c34010,
0x000001f5a5c35960, 0x000001f5a5c2fe40, 0x000001f5a54eaa30, 0x000001f5a54e90e0,
0x000001f5a520f5a0, 0x000001f5a520fab0, 0x000001f5a52109e0, 0x000001f5a5c34520,
0x000001f5a999a050, 0x000001f5a3c9b470, 0x000001f5aaf9b3e0, 0x000001f5aafa1410,
0x000001f5aaf9a9c0, 0x000001f5aafa04e0
}

Java Threads: ( => current thread )
  0x000001f58ac80e70 JavaThread "main" [_thread_blocked, id=33236, stack(0x000000e67e700000,0x000000e67e800000)]
  0x000001f58ad2d1e0 JavaThread "Reference Handler" daemon [_thread_blocked, id=34328, stack(0x000000e67ea00000,0x000000e67eb00000)]
  0x000001f58ad2e950 JavaThread "Finalizer" daemon [_thread_blocked, id=33952, stack(0x000000e67eb00000,0x000000e67ec00000)]
  0x000001f59eb0e470 JavaThread "Signal Dispatcher" daemon [_thread_blocked, id=15400, stack(0x000000e67ec00000,0x000000e67ed00000)]
  0x000001f5a3c21020 JavaThread "Attach Listener" daemon [_thread_blocked, id=33004, stack(0x000000e67ed00000,0x000000e67ee00000)]
  0x000001f5a3c21c80 JavaThread "Service Thread" daemon [_thread_blocked, id=27428, stack(0x000000e67ee00000,0x000000e67ef00000)]
  0x000001f5a3c22e80 JavaThread "Monitor Deflation Thread" daemon [_thread_blocked, id=31472, stack(0x000000e67ef00000,0x000000e67f000000)]
=>0x000001f5a3c2a970 JavaThread "C2 CompilerThread0" daemon [_thread_in_native, id=28708, stack(0x000000e67f000000,0x000000e67f100000)]
  0x000001f5a3c2ba20 JavaThread "C1 CompilerThread0" daemon [_thread_blocked, id=33376, stack(0x000000e67f100000,0x000000e67f200000)]
  0x000001f5a3c35ea0 JavaThread "Sweeper thread" daemon [_thread_blocked, id=27608, stack(0x000000e67f200000,0x000000e67f300000)]
  0x000001f5a3d34500 JavaThread "Common-Cleaner" daemon [_thread_blocked, id=27124, stack(0x000000e67f300000,0x000000e67f400000)]
  0x000001f5a3f52460 JavaThread "Notification Thread" daemon [_thread_blocked, id=34520, stack(0x000000e67f400000,0x000000e67f500000)]
  0x000001f5a54ec380 JavaThread "Active Thread: Equinox Container: 0e21335b-9bf9-4945-9881-878fbb9785d9" [_thread_blocked, id=27180, stack(0x000000e67fe00000,0x000000e67ff00000)]
  0x000001f5a54eb960 JavaThread "Framework Event Dispatcher: Equinox Container: 0e21335b-9bf9-4945-9881-878fbb9785d9" daemon [_thread_blocked, id=33700, stack(0x000000e67ff00000,0x000000e680000000)]
  0x000001f5a54e9b00 JavaThread "Start Level: Equinox Container: 0e21335b-9bf9-4945-9881-878fbb9785d9" daemon [_thread_blocked, id=31404, stack(0x000000e600000000,0x000000e600100000)]
  0x000001f5a54ec890 JavaThread "Bundle File Closer" daemon [_thread_blocked, id=34640, stack(0x000000e600200000,0x000000e600300000)]
  0x000001f5a54ebe70 JavaThread "SCR Component Actor" daemon [_thread_blocked, id=21340, stack(0x000000e600300000,0x000000e600400000)]
  0x000001f5a54ea010 JavaThread "Worker-JM" [_thread_blocked, id=34128, stack(0x000000e600500000,0x000000e600600000)]
  0x000001f5a520bdf0 JavaThread "Java indexing" daemon [_thread_blocked, id=32708, stack(0x000000e600b00000,0x000000e600c00000)]
  0x000001f5a520d740 JavaThread "JNA Cleaner" daemon [_thread_blocked, id=21372, stack(0x000000e600d00000,0x000000e600e00000)]
  0x000001f5a5209f90 JavaThread "Thread-2" daemon [_thread_in_native, id=25832, stack(0x000000e600800000,0x000000e600900000)]
  0x000001f5a520f090 JavaThread "Thread-3" daemon [_thread_in_native, id=16660, stack(0x000000e600900000,0x000000e600a00000)]
  0x000001f5a520a4a0 JavaThread "Thread-4" daemon [_thread_in_native, id=33008, stack(0x000000e600e00000,0x000000e600f00000)]
  0x000001f5a520a9b0 JavaThread "Thread-5" daemon [_thread_in_native, id=32900, stack(0x000000e600f00000,0x000000e601000000)]
  0x000001f5a520e670 JavaThread "Thread-6" daemon [_thread_in_native, id=30700, stack(0x000000e601000000,0x000000e601100000)]
  0x000001f5a520c300 JavaThread "Thread-7" daemon [_thread_in_native, id=25576, stack(0x000000e601100000,0x000000e601200000)]
  0x000001f5a520c810 JavaThread "Thread-8" daemon [_thread_in_native, id=33536, stack(0x000000e601200000,0x000000e601300000)]
  0x000001f5a520aec0 JavaThread "Thread-9" daemon [_thread_in_native, id=13620, stack(0x000000e601300000,0x000000e601400000)]
  0x000001f5a5209a80 JavaThread "Thread-10" daemon [_thread_in_native, id=25668, stack(0x000000e601400000,0x000000e601500000)]
  0x000001f5a520cd20 JavaThread "pool-2-thread-1" [_thread_blocked, id=33472, stack(0x000000e601500000,0x000000e601600000)]
  0x000001f5a520ffc0 JavaThread "WorkspaceEventsHandler" [_thread_blocked, id=32656, stack(0x000000e601800000,0x000000e601900000)]
  0x000001f5a52104d0 JavaThread "pool-1-thread-1" [_thread_blocked, id=31060, stack(0x000000e601900000,0x000000e601a00000)]
  0x000001f5a520e160 JavaThread "Worker-5" [_thread_blocked, id=34196, stack(0x000000e601700000,0x000000e601800000)]
  0x000001f5a5209060 JavaThread "Compiler Source File Reader" daemon [_thread_blocked, id=6576, stack(0x000000e601b00000,0x000000e601c00000)]
  0x000001f5a54e95f0 JavaThread "ForkJoinPool.commonPool-worker-3" daemon [_thread_blocked, id=14424, stack(0x000000e601e00000,0x000000e601f00000)]
  0x000001f5a3c9b980 JavaThread "ForkJoinPool.commonPool-worker-4" daemon [_thread_blocked, id=26776, stack(0x000000e602000000,0x000000e602100000)]
  0x000001f5a3c9c8b0 JavaThread "ForkJoinPool.commonPool-worker-5" daemon [_thread_blocked, id=32712, stack(0x000000e602100000,0x000000e602200000)]
  0x000001f5a3c9cdc0 JavaThread "ForkJoinPool.commonPool-worker-6" daemon [_thread_blocked, id=31296, stack(0x000000e602200000,0x000000e602300000)]
  0x000001f5a3c9be90 JavaThread "ForkJoinPool.commonPool-worker-7" daemon [_thread_blocked, id=32476, stack(0x000000e602300000,0x000000e602400000)]
  0x000001f5a3c9e200 JavaThread "Compiler Source File Reader" daemon [_thread_blocked, id=22300, stack(0x000000e602500000,0x000000e602600000)]
  0x000001f5a3c9d7e0 JavaThread "Cleaner-0" daemon [_thread_blocked, id=29528, stack(0x000000e602700000,0x000000e602800000)]
  0x000001f5a3c9d2d0 JavaThread "Compiler Source File Reader" daemon [_thread_blocked, id=34644, stack(0x000000e601600000,0x000000e601700000)]
  0x000001f5a3c9dcf0 JavaThread "Compiler Source File Reader" daemon [_thread_blocked, id=20340, stack(0x000000e602400000,0x000000e602500000)]
  0x000001f5a5c30d70 JavaThread "Worker-7" [_thread_blocked, id=29256, stack(0x000000e602800000,0x000000e602900000)]
  0x000001f5a5c321b0 JavaThread "Java Debug Server" daemon [_thread_in_native, id=30916, stack(0x000000e602a00000,0x000000e602b00000)]
  0x000001f5a5c31ca0 JavaThread "RxSchedulerPurge-1" daemon [_thread_blocked, id=22212, stack(0x000000e602d00000,0x000000e602e00000)]
  0x000001f5a5c2ef10 JavaThread "RxCachedWorkerPoolEvictor-1" daemon [_thread_blocked, id=29544, stack(0x000000e602e00000,0x000000e602f00000)]
  0x000001f5a5c2f930 JavaThread "ForkJoinPool.commonPool-worker-8" daemon [_thread_blocked, id=33852, stack(0x000000e600400000,0x000000e600500000)]
  0x000001f5a5c33b00 JavaThread "ForkJoinPool.commonPool-worker-9" daemon [_thread_blocked, id=30316, stack(0x000000e600600000,0x000000e600700000)]
  0x000001f5a5c2ea00 JavaThread "Worker-8" [_thread_blocked, id=27552, stack(0x000000e600a00000,0x000000e600b00000)]
  0x000001f5a5c2dfe0 JavaThread "Worker-9" [_thread_blocked, id=26164, stack(0x000000e601a00000,0x000000e601b00000)]
  0x000001f5a5c34010 JavaThread "pool-7-thread-3" [_thread_in_native, id=31684, stack(0x000000e600c00000,0x000000e600d00000)]
  0x000001f5a5c35960 JavaThread "process reaper (pid 19792)" daemon [_thread_in_native, id=30640, stack(0x000000e601d00000,0x000000e601d20000)]
  0x000001f5a5c2fe40 JavaThread "RxNewThreadScheduler-7" daemon [_thread_blocked, id=28260, stack(0x000000e601f00000,0x000000e602000000)]
  0x000001f5a54eaa30 JavaThread "Worker-10" [_thread_blocked, id=14100, stack(0x000000e602600000,0x000000e602700000)]
  0x000001f5a54e90e0 JavaThread "Worker-11: Building" [_thread_blocked, id=31352, stack(0x000000e602900000,0x000000e602a00000)]
  0x000001f5a520f5a0 JavaThread "Worker-12" [_thread_blocked, id=28128, stack(0x000000e602c00000,0x000000e602d00000)]
  0x000001f5a520fab0 JavaThread "Compiler Source File Reader" daemon [_thread_blocked, id=28348, stack(0x000000e602f00000,0x000000e603000000)]
  0x000001f5a52109e0 JavaThread "Compiler Processing Task" daemon [_thread_blocked, id=33492, stack(0x000000e603000000,0x000000e603100000)]
  0x000001f5a5c34520 JavaThread "Compiler Source File Reader" daemon [_thread_blocked, id=31548, stack(0x000000e603100000,0x000000e603200000)]
  0x000001f5a999a050 JavaThread "C2 CompilerThread1" daemon [_thread_in_native, id=8764, stack(0x000000e602b00000,0x000000e602c00000)]
  0x000001f5a3c9b470 JavaThread "ParallelDescriptorResolver-8-0" daemon [_thread_in_native, id=32972, stack(0x000000e603200000,0x000000e603300000)]
  0x000001f5aaf9b3e0 JavaThread "ParallelDescriptorResolver-8-1" daemon [_thread_in_Java, id=10904, stack(0x000000e603300000,0x000000e603400000)]
  0x000001f5aafa1410 JavaThread "ParallelDescriptorResolver-8-2" daemon [_thread_in_Java, id=28576, stack(0x000000e603400000,0x000000e603500000)]
  0x000001f5aaf9a9c0 JavaThread "ParallelDescriptorResolver-8-3" daemon [_thread_in_native, id=26468, stack(0x000000e603640000,0x000000e603740000)]
  0x000001f5aafa04e0 JavaThread "ParallelDescriptorResolver-8-4" daemon [_thread_in_native, id=30356, stack(0x000000e603740000,0x000000e603840000)]

Other Threads:
  0x000001f5a3bf14b0 VMThread "VM Thread" [stack: 0x000000e67e900000,0x000000e67ea00000] [id=32016]
  0x000001f5a4e30980 WatcherThread [stack: 0x000000e67f500000,0x000000e67f600000] [id=3724]
  0x000001f58ac98240 GCTaskThread "GC Thread#0" [stack: 0x000000e67e800000,0x000000e67e900000] [id=1684]
  0x000001f5a517d910 GCTaskThread "GC Thread#1" [stack: 0x000000e67f600000,0x000000e67f700000] [id=26580]
  0x000001f5a5487040 GCTaskThread "GC Thread#2" [stack: 0x000000e67f700000,0x000000e67f800000] [id=16888]
  0x000001f5a5487300 GCTaskThread "GC Thread#3" [stack: 0x000000e67f800000,0x000000e67f900000] [id=31220]
  0x000001f5a52b98b0 GCTaskThread "GC Thread#4" [stack: 0x000000e67f900000,0x000000e67fa00000] [id=27520]
  0x000001f5a52b9b70 GCTaskThread "GC Thread#5" [stack: 0x000000e67fa00000,0x000000e67fb00000] [id=33164]
  0x000001f5a5181040 GCTaskThread "GC Thread#6" [stack: 0x000000e67fb00000,0x000000e67fc00000] [id=34480]
  0x000001f5a59ac030 GCTaskThread "GC Thread#7" [stack: 0x000000e600100000,0x000000e600200000] [id=9508]

Threads with active compile tasks:
C2 CompilerThread0   441298 16198       4       org.codehaus.plexus.util.xml.Xpp3Dom::mergeIntoXpp3Dom (518 bytes)
C2 CompilerThread1   441298 16199   !   4       org.apache.maven.model.Model::clone (502 bytes)

VM state: not at safepoint (normal execution)

VM Mutex/Monitor currently owned by a thread: None

Heap address: 0x00000000c0000000, size: 1024 MB, Compressed Oops mode: 32-bit

CDS archive(s) not mapped
Compressed class space mapped at: 0x0000000100000000-0x0000000140000000, reserved size: 1073741824
Narrow klass base: 0x0000000000000000, Narrow klass shift: 3, Narrow klass range: 0x140000000

GC Precious Log:
 CPUs: 8 total, 8 available
 Memory: 7117M
 Large Page Support: Disabled
 NUMA Support: Disabled
 Compressed Oops: Enabled (32-bit)
 Alignments: Space 512K, Generation 512K, Heap 2M
 Heap Min Capacity: 100M
 Heap Initial Capacity: 100M
 Heap Max Capacity: 1G
 Pre-touch: Disabled
 Parallel Workers: 8

Heap:
 PSYoungGen      total 10752K, used 8952K [0x00000000eab00000, 0x00000000eb900000, 0x0000000100000000)
  eden space 7680K, 81% used [0x00000000eab00000,0x00000000eb132718,0x00000000eb280000)
  from space 3072K, 86% used [0x00000000eb600000,0x00000000eb898020,0x00000000eb900000)
  to   space 3072K, 0% used [0x00000000eb300000,0x00000000eb300000,0x00000000eb600000)
 ParOldGen       total 246784K, used 205491K [0x00000000c0000000, 0x00000000cf100000, 0x00000000eab00000)
  object space 246784K, 83% used [0x00000000c0000000,0x00000000cc8acce8,0x00000000cf100000)
 Metaspace       used 86555K, committed 88128K, reserved 1179648K
  class space    used 9190K, committed 9856K, reserved 1048576K

Card table byte_map: [0x000001f58a640000,0x000001f58a850000] _byte_map_base: 0x000001f58a040000

Marking Bits: (ParMarkBitMap*) 0x00007fffeb0ad820
 Begin Bits: [0x000001f59c910000, 0x000001f59d910000)
 End Bits:   [0x000001f59d910000, 0x000001f59e910000)

Polling page: 0x000001f58a430000

Metaspace:

Usage:
  Non-class:     75.55 MB used.
      Class:      8.98 MB used.
       Both:     84.53 MB used.

Virtual space:
  Non-class space:      128.00 MB reserved,      76.44 MB ( 60%) committed,  2 nodes.
      Class space:        1.00 GB reserved,       9.62 MB ( <1%) committed,  1 nodes.
             Both:        1.12 GB reserved,      86.06 MB (  7%) committed. 

Chunk freelists:
   Non-Class:  3.22 MB
       Class:  6.39 MB
        Both:  9.61 MB

MaxMetaspaceSize: unlimited
CompressedClassSpaceSize: 1.00 GB
Initial GC threshold: 21.00 MB
Current GC threshold: 142.94 MB
CDS: off
MetaspaceReclaimPolicy: balanced
 - commit_granule_bytes: 65536.
 - commit_granule_words: 8192.
 - virtual_space_node_default_size: 8388608.
 - enlarge_chunks_in_place: 1.
 - new_chunks_are_fully_committed: 0.
 - uncommit_free_chunks: 1.
 - use_allocation_guard: 0.
 - handle_deallocations: 1.


Internal statistics:

num_allocs_failed_limit: 9.
num_arena_births: 1162.
num_arena_deaths: 40.
num_vsnodes_births: 3.
num_vsnodes_deaths: 0.
num_space_committed: 1380.
num_space_uncommitted: 3.
num_chunks_returned_to_freelist: 94.
num_chunks_taken_from_freelist: 4835.
num_chunk_merges: 21.
num_chunk_splits: 2927.
num_chunks_enlarged: 1663.
num_inconsistent_stats: 0.

CodeHeap 'non-profiled nmethods': size=120000Kb used=11672Kb max_used=12053Kb free=108327Kb
 bounds [0x000001f5953e0000, 0x000001f595fb0000, 0x000001f59c910000]
CodeHeap 'profiled nmethods': size=120000Kb used=26275Kb max_used=27125Kb free=93725Kb
 bounds [0x000001f58d910000, 0x000001f58f3a0000, 0x000001f594e40000]
CodeHeap 'non-nmethods': size=5760Kb used=1449Kb max_used=1551Kb free=4310Kb
 bounds [0x000001f594e40000, 0x000001f5950b0000, 0x000001f5953e0000]
 total_blobs=13397 nmethods=12587 adapters=718
 compilation: enabled
              stopped_count=0, restarted_count=0
 full_count=0

Compilation events (20 events):
Event: 441.198 Thread 0x000001f5a3c2ba20 nmethod 16248 0x000001f58e08f490 code [0x000001f58e08f680, 0x000001f58e08fe98]
Event: 441.219 Thread 0x000001f5a3c2ba20 16250       1       org.apache.maven.model.ReportSet::setId (6 bytes)
Event: 441.219 Thread 0x000001f5a3c2ba20 nmethod 16250 0x000001f595a57f10 code [0x000001f595a580a0, 0x000001f595a58178]
Event: 441.222 Thread 0x000001f5a3c2ba20 16251       3       org.apache.maven.model.ActivationProperty::<init> (5 bytes)
Event: 441.222 Thread 0x000001f5a3c2ba20 nmethod 16251 0x000001f58e2c0390 code [0x000001f58e2c0520, 0x000001f58e2c0678]
Event: 441.222 Thread 0x000001f5a3c2ba20 16252   !   3       org.apache.maven.model.Extension::clone (73 bytes)
Event: 441.223 Thread 0x000001f5a3c2ba20 nmethod 16252 0x000001f58d985c10 code [0x000001f58d985ec0, 0x000001f58d986a38]
Event: 441.224 Thread 0x000001f5a3c2ba20 16253       3       org.apache.maven.model.merge.ModelMerger::mergeDependency_Type (43 bytes)
Event: 441.224 Thread 0x000001f5a3c2ba20 nmethod 16253 0x000001f58e244090 code [0x000001f58e244260, 0x000001f58e244558]
Event: 441.224 Thread 0x000001f5a3c2ba20 16254       3       org.apache.maven.model.merge.ModelMerger::mergeDependency_Classifier (43 bytes)
Event: 441.225 Thread 0x000001f5a3c2ba20 nmethod 16254 0x000001f58e5b4690 code [0x000001f58e5b4860, 0x000001f58e5b4b58]
Event: 441.225 Thread 0x000001f5a3c2ba20 16255       3       org.apache.maven.model.merge.ModelMerger::mergeDependency_Scope (43 bytes)
Event: 441.225 Thread 0x000001f5a3c2ba20 nmethod 16255 0x000001f58e7b4410 code [0x000001f58e7b45e0, 0x000001f58e7b48d8]
Event: 441.225 Thread 0x000001f5a3c2ba20 16256       3       org.apache.maven.model.merge.ModelMerger::mergeDependency_SystemPath (43 bytes)
Event: 441.225 Thread 0x000001f5a3c2ba20 nmethod 16256 0x000001f58e8d4190 code [0x000001f58e8d4360, 0x000001f58e8d4658]
Event: 441.226 Thread 0x000001f5a3c2ba20 16257       3       java.util.concurrent.AbstractExecutorService::submit (25 bytes)
Event: 441.226 Thread 0x000001f5a3c2ba20 nmethod 16257 0x000001f58e956010 code [0x000001f58e9561e0, 0x000001f58e956568]
Event: 441.229 Thread 0x000001f5a3c2ba20 16258       3       java.util.concurrent.AbstractExecutorService::newTaskFor (9 bytes)
Event: 441.230 Thread 0x000001f5a3c2ba20 nmethod 16258 0x000001f58e996b90 code [0x000001f58e996d40, 0x000001f58e997088]
Event: 441.250 Thread 0x000001f5a3c2ba20 16260       3       org.apache.maven.model.io.xpp3.MavenXpp3Reader::parseParent (262 bytes)

GC Heap History (20 events):
Event: 422.413 GC heap before
{Heap before GC invocations=755 (full 17):
 PSYoungGen      total 8192K, used 505K [0x00000000eab00000, 0x00000000ebc80000, 0x0000000100000000)
  eden space 7680K, 0% used [0x00000000eab00000,0x00000000eab00000,0x00000000eb280000)
  from space 512K, 98% used [0x00000000eb600000,0x00000000eb67e7f8,0x00000000eb680000)
  to   space 5120K, 0% used [0x00000000eb780000,0x00000000eb780000,0x00000000ebc80000)
 ParOldGen       total 256512K, used 256142K [0x00000000c0000000, 0x00000000cfa80000, 0x00000000eab00000)
  object space 256512K, 99% used [0x00000000c0000000,0x00000000cfa239f0,0x00000000cfa80000)
 Metaspace       used 86252K, committed 87872K, reserved 1179648K
  class space    used 9169K, committed 9856K, reserved 1048576K
}
Event: 422.599 GC heap after
{Heap after GC invocations=755 (full 17):
 PSYoungGen      total 12800K, used 0K [0x00000000eab00000, 0x00000000ebc80000, 0x0000000100000000)
  eden space 7680K, 0% used [0x00000000eab00000,0x00000000eab00000,0x00000000eb280000)
  from space 5120K, 0% used [0x00000000eb780000,0x00000000eb780000,0x00000000ebc80000)
  to   space 5120K, 0% used [0x00000000eb280000,0x00000000eb280000,0x00000000eb780000)
 ParOldGen       total 246784K, used 202497K [0x00000000c0000000, 0x00000000cf100000, 0x00000000eab00000)
  object space 246784K, 82% used [0x00000000c0000000,0x00000000cc5c04f8,0x00000000cf100000)
 Metaspace       used 85999K, committed 87808K, reserved 1179648K
  class space    used 9147K, committed 9856K, reserved 1048576K
}
Event: 422.730 GC heap before
{Heap before GC invocations=756 (full 17):
 PSYoungGen      total 12800K, used 7680K [0x00000000eab00000, 0x00000000ebc80000, 0x0000000100000000)
  eden space 7680K, 100% used [0x00000000eab00000,0x00000000eb280000,0x00000000eb280000)
  from space 5120K, 0% used [0x00000000eb780000,0x00000000eb780000,0x00000000ebc80000)
  to   space 5120K, 0% used [0x00000000eb280000,0x00000000eb280000,0x00000000eb780000)
 ParOldGen       total 246784K, used 202497K [0x00000000c0000000, 0x00000000cf100000, 0x00000000eab00000)
  object space 246784K, 82% used [0x00000000c0000000,0x00000000cc5c04f8,0x00000000cf100000)
 Metaspace       used 86006K, committed 87808K, reserved 1179648K
  class space    used 9147K, committed 9856K, reserved 1048576K
}
Event: 422.733 GC heap after
{Heap after GC invocations=756 (full 17):
 PSYoungGen      total 12800K, used 5027K [0x00000000eab00000, 0x00000000ebd80000, 0x0000000100000000)
  eden space 7680K, 0% used [0x00000000eab00000,0x00000000eab00000,0x00000000eb280000)
  from space 5120K, 98% used [0x00000000eb280000,0x00000000eb768ea8,0x00000000eb780000)
  to   space 5632K, 0% used [0x00000000eb800000,0x00000000eb800000,0x00000000ebd80000)
 ParOldGen       total 246784K, used 202497K [0x00000000c0000000, 0x00000000cf100000, 0x00000000eab00000)
  object space 246784K, 82% used [0x00000000c0000000,0x00000000cc5c04f8,0x00000000cf100000)
 Metaspace       used 86006K, committed 87808K, reserved 1179648K
  class space    used 9147K, committed 9856K, reserved 1048576K
}
Event: 422.811 GC heap before
{Heap before GC invocations=757 (full 17):
 PSYoungGen      total 12800K, used 12707K [0x00000000eab00000, 0x00000000ebd80000, 0x0000000100000000)
  eden space 7680K, 100% used [0x00000000eab00000,0x00000000eb280000,0x00000000eb280000)
  from space 5120K, 98% used [0x00000000eb280000,0x00000000eb768ea8,0x00000000eb780000)
  to   space 5632K, 0% used [0x00000000eb800000,0x00000000eb800000,0x00000000ebd80000)
 ParOldGen       total 246784K, used 202497K [0x00000000c0000000, 0x00000000cf100000, 0x00000000eab00000)
  object space 246784K, 82% used [0x00000000c0000000,0x00000000cc5c04f8,0x00000000cf100000)
 Metaspace       used 86022K, committed 87808K, reserved 1179648K
  class space    used 9147K, committed 9856K, reserved 1048576K
}
Event: 422.815 GC heap after
{Heap after GC invocations=757 (full 17):
 PSYoungGen      total 9728K, used 1888K [0x00000000eab00000, 0x00000000eba00000, 0x0000000100000000)
  eden space 7680K, 0% used [0x00000000eab00000,0x00000000eab00000,0x00000000eb280000)
  from space 2048K, 92% used [0x00000000eb800000,0x00000000eb9d8060,0x00000000eba00000)
  to   space 3072K, 0% used [0x00000000eb400000,0x00000000eb400000,0x00000000eb700000)
 ParOldGen       total 246784K, used 202497K [0x00000000c0000000, 0x00000000cf100000, 0x00000000eab00000)
  object space 246784K, 82% used [0x00000000c0000000,0x00000000cc5c04f8,0x00000000cf100000)
 Metaspace       used 86022K, committed 87808K, reserved 1179648K
  class space    used 9147K, committed 9856K, reserved 1048576K
}
Event: 422.921 GC heap before
{Heap before GC invocations=758 (full 17):
 PSYoungGen      total 9728K, used 9531K [0x00000000eab00000, 0x00000000eba00000, 0x0000000100000000)
  eden space 7680K, 99% used [0x00000000eab00000,0x00000000eb276c98,0x00000000eb280000)
  from space 2048K, 92% used [0x00000000eb800000,0x00000000eb9d8060,0x00000000eba00000)
  to   space 3072K, 0% used [0x00000000eb400000,0x00000000eb400000,0x00000000eb700000)
 ParOldGen       total 246784K, used 202497K [0x00000000c0000000, 0x00000000cf100000, 0x00000000eab00000)
  object space 246784K, 82% used [0x00000000c0000000,0x00000000cc5c04f8,0x00000000cf100000)
 Metaspace       used 86367K, committed 88000K, reserved 1179648K
  class space    used 9178K, committed 9856K, reserved 1048576K
}
Event: 422.923 GC heap after
{Heap after GC invocations=758 (full 17):
 PSYoungGen      total 9728K, used 1786K [0x00000000eab00000, 0x00000000eb880000, 0x0000000100000000)
  eden space 7680K, 0% used [0x00000000eab00000,0x00000000eab00000,0x00000000eb280000)
  from space 2048K, 87% used [0x00000000eb400000,0x00000000eb5bea38,0x00000000eb600000)
  to   space 2048K, 0% used [0x00000000eb680000,0x00000000eb680000,0x00000000eb880000)
 ParOldGen       total 246784K, used 202505K [0x00000000c0000000, 0x00000000cf100000, 0x00000000eab00000)
  object space 246784K, 82% used [0x00000000c0000000,0x00000000cc5c24f8,0x00000000cf100000)
 Metaspace       used 86367K, committed 88000K, reserved 1179648K
  class space    used 9178K, committed 9856K, reserved 1048576K
}
Event: 440.749 GC heap before
{Heap before GC invocations=759 (full 17):
 PSYoungGen      total 9728K, used 9466K [0x00000000eab00000, 0x00000000eb880000, 0x0000000100000000)
  eden space 7680K, 100% used [0x00000000eab00000,0x00000000eb280000,0x00000000eb280000)
  from space 2048K, 87% used [0x00000000eb400000,0x00000000eb5bea38,0x00000000eb600000)
  to   space 2048K, 0% used [0x00000000eb680000,0x00000000eb680000,0x00000000eb880000)
 ParOldGen       total 246784K, used 202505K [0x00000000c0000000, 0x00000000cf100000, 0x00000000eab00000)
  object space 246784K, 82% used [0x00000000c0000000,0x00000000cc5c24f8,0x00000000cf100000)
 Metaspace       used 86498K, committed 88064K, reserved 1179648K
  class space    used 9188K, committed 9856K, reserved 1048576K
}
Event: 440.751 GC heap after
{Heap after GC invocations=759 (full 17):
 PSYoungGen      total 9728K, used 1696K [0x00000000eab00000, 0x00000000eb880000, 0x0000000100000000)
  eden space 7680K, 0% used [0x00000000eab00000,0x00000000eab00000,0x00000000eb280000)
  from space 2048K, 82% used [0x00000000eb680000,0x00000000eb828020,0x00000000eb880000)
  to   space 2048K, 0% used [0x00000000eb400000,0x00000000eb400000,0x00000000eb600000)
 ParOldGen       total 246784K, used 202513K [0x00000000c0000000, 0x00000000cf100000, 0x00000000eab00000)
  object space 246784K, 82% used [0x00000000c0000000,0x00000000cc5c44f8,0x00000000cf100000)
 Metaspace       used 86498K, committed 88064K, reserved 1179648K
  class space    used 9188K, committed 9856K, reserved 1048576K
}
Event: 440.821 GC heap before
{Heap before GC invocations=760 (full 17):
 PSYoungGen      total 9728K, used 9376K [0x00000000eab00000, 0x00000000eb880000, 0x0000000100000000)
  eden space 7680K, 100% used [0x00000000eab00000,0x00000000eb280000,0x00000000eb280000)
  from space 2048K, 82% used [0x00000000eb680000,0x00000000eb828020,0x00000000eb880000)
  to   space 2048K, 0% used [0x00000000eb400000,0x00000000eb400000,0x00000000eb600000)
 ParOldGen       total 246784K, used 202513K [0x00000000c0000000, 0x00000000cf100000, 0x00000000eab00000)
  object space 246784K, 82% used [0x00000000c0000000,0x00000000cc5c44f8,0x00000000cf100000)
 Metaspace       used 86503K, committed 88128K, reserved 1179648K
  class space    used 9188K, committed 9856K, reserved 1048576K
}
Event: 440.823 GC heap after
{Heap after GC invocations=760 (full 17):
 PSYoungGen      total 9728K, used 2032K [0x00000000eab00000, 0x00000000eb880000, 0x0000000100000000)
  eden space 7680K, 0% used [0x00000000eab00000,0x00000000eab00000,0x00000000eb280000)
  from space 2048K, 99% used [0x00000000eb400000,0x00000000eb5fc030,0x00000000eb600000)
  to   space 2560K, 0% used [0x00000000eb600000,0x00000000eb600000,0x00000000eb880000)
 ParOldGen       total 246784K, used 203057K [0x00000000c0000000, 0x00000000cf100000, 0x00000000eab00000)
  object space 246784K, 82% used [0x00000000c0000000,0x00000000cc64c4f8,0x00000000cf100000)
 Metaspace       used 86503K, committed 88128K, reserved 1179648K
  class space    used 9188K, committed 9856K, reserved 1048576K
}
Event: 440.950 GC heap before
{Heap before GC invocations=761 (full 17):
 PSYoungGen      total 9728K, used 9712K [0x00000000eab00000, 0x00000000eb880000, 0x0000000100000000)
  eden space 7680K, 100% used [0x00000000eab00000,0x00000000eb280000,0x00000000eb280000)
  from space 2048K, 99% used [0x00000000eb400000,0x00000000eb5fc030,0x00000000eb600000)
  to   space 2560K, 0% used [0x00000000eb600000,0x00000000eb600000,0x00000000eb880000)
 ParOldGen       total 246784K, used 203057K [0x00000000c0000000, 0x00000000cf100000, 0x00000000eab00000)
  object space 246784K, 82% used [0x00000000c0000000,0x00000000cc64c4f8,0x00000000cf100000)
 Metaspace       used 86527K, committed 88128K, reserved 1179648K
  class space    used 9190K, committed 9856K, reserved 1048576K
}
Event: 440.954 GC heap after
{Heap after GC invocations=761 (full 17):
 PSYoungGen      total 9728K, used 1568K [0x00000000eab00000, 0x00000000eb800000, 0x0000000100000000)
  eden space 7680K, 0% used [0x00000000eab00000,0x00000000eab00000,0x00000000eb280000)
  from space 2048K, 76% used [0x00000000eb600000,0x00000000eb788000,0x00000000eb800000)
  to   space 2048K, 0% used [0x00000000eb400000,0x00000000eb400000,0x00000000eb600000)
 ParOldGen       total 246784K, used 203561K [0x00000000c0000000, 0x00000000cf100000, 0x00000000eab00000)
  object space 246784K, 82% used [0x00000000c0000000,0x00000000cc6ca518,0x00000000cf100000)
 Metaspace       used 86527K, committed 88128K, reserved 1179648K
  class space    used 9190K, committed 9856K, reserved 1048576K
}
Event: 441.174 GC heap before
{Heap before GC invocations=762 (full 17):
 PSYoungGen      total 9728K, used 9248K [0x00000000eab00000, 0x00000000eb800000, 0x0000000100000000)
  eden space 7680K, 100% used [0x00000000eab00000,0x00000000eb280000,0x00000000eb280000)
  from space 2048K, 76% used [0x00000000eb600000,0x00000000eb788000,0x00000000eb800000)
  to   space 2048K, 0% used [0x00000000eb400000,0x00000000eb400000,0x00000000eb600000)
 ParOldGen       total 246784K, used 203561K [0x00000000c0000000, 0x00000000cf100000, 0x00000000eab00000)
  object space 246784K, 82% used [0x00000000c0000000,0x00000000cc6ca518,0x00000000cf100000)
 Metaspace       used 86538K, committed 88128K, reserved 1179648K
  class space    used 9190K, committed 9856K, reserved 1048576K
}
Event: 441.178 GC heap after
{Heap after GC invocations=762 (full 17):
 PSYoungGen      total 9728K, used 2032K [0x00000000eab00000, 0x00000000eb880000, 0x0000000100000000)
  eden space 7680K, 0% used [0x00000000eab00000,0x00000000eab00000,0x00000000eb280000)
  from space 2048K, 99% used [0x00000000eb400000,0x00000000eb5fc010,0x00000000eb600000)
  to   space 2560K, 0% used [0x00000000eb600000,0x00000000eb600000,0x00000000eb880000)
 ParOldGen       total 246784K, used 203945K [0x00000000c0000000, 0x00000000cf100000, 0x00000000eab00000)
  object space 246784K, 82% used [0x00000000c0000000,0x00000000cc72a518,0x00000000cf100000)
 Metaspace       used 86538K, committed 88128K, reserved 1179648K
  class space    used 9190K, committed 9856K, reserved 1048576K
}
Event: 441.206 GC heap before
{Heap before GC invocations=763 (full 17):
 PSYoungGen      total 9728K, used 9698K [0x00000000eab00000, 0x00000000eb880000, 0x0000000100000000)
  eden space 7680K, 99% used [0x00000000eab00000,0x00000000eb27cbb0,0x00000000eb280000)
  from space 2048K, 99% used [0x00000000eb400000,0x00000000eb5fc010,0x00000000eb600000)
  to   space 2560K, 0% used [0x00000000eb600000,0x00000000eb600000,0x00000000eb880000)
 ParOldGen       total 246784K, used 203945K [0x00000000c0000000, 0x00000000cf100000, 0x00000000eab00000)
  object space 246784K, 82% used [0x00000000c0000000,0x00000000cc72a518,0x00000000cf100000)
 Metaspace       used 86538K, committed 88128K, reserved 1179648K
  class space    used 9190K, committed 9856K, reserved 1048576K
}
Event: 441.209 GC heap after
{Heap after GC invocations=763 (full 17):
 PSYoungGen      total 10240K, used 2320K [0x00000000eab00000, 0x00000000eb880000, 0x0000000100000000)
  eden space 7680K, 0% used [0x00000000eab00000,0x00000000eab00000,0x00000000eb280000)
  from space 2560K, 90% used [0x00000000eb600000,0x00000000eb844010,0x00000000eb880000)
  to   space 2560K, 0% used [0x00000000eb380000,0x00000000eb380000,0x00000000eb600000)
 ParOldGen       total 246784K, used 204273K [0x00000000c0000000, 0x00000000cf100000, 0x00000000eab00000)
  object space 246784K, 82% used [0x00000000c0000000,0x00000000cc77c518,0x00000000cf100000)
 Metaspace       used 86538K, committed 88128K, reserved 1179648K
  class space    used 9190K, committed 9856K, reserved 1048576K
}
Event: 441.234 GC heap before
{Heap before GC invocations=764 (full 17):
 PSYoungGen      total 10240K, used 10000K [0x00000000eab00000, 0x00000000eb880000, 0x0000000100000000)
  eden space 7680K, 100% used [0x00000000eab00000,0x00000000eb280000,0x00000000eb280000)
  from space 2560K, 90% used [0x00000000eb600000,0x00000000eb844010,0x00000000eb880000)
  to   space 2560K, 0% used [0x00000000eb380000,0x00000000eb380000,0x00000000eb600000)
 ParOldGen       total 246784K, used 204273K [0x00000000c0000000, 0x00000000cf100000, 0x00000000eab00000)
  object space 246784K, 82% used [0x00000000c0000000,0x00000000cc77c518,0x00000000cf100000)
 Metaspace       used 86539K, committed 88128K, reserved 1179648K
  class space    used 9190K, committed 9856K, reserved 1048576K
}
Event: 441.237 GC heap after
{Heap after GC invocations=764 (full 17):
 PSYoungGen      total 10240K, used 2544K [0x00000000eab00000, 0x00000000eb980000, 0x0000000100000000)
  eden space 7680K, 0% used [0x00000000eab00000,0x00000000eab00000,0x00000000eb280000)
  from space 2560K, 99% used [0x00000000eb380000,0x00000000eb5fc030,0x00000000eb600000)
  to   space 3584K, 0% used [0x00000000eb600000,0x00000000eb600000,0x00000000eb980000)
 ParOldGen       total 246784K, used 204785K [0x00000000c0000000, 0x00000000cf100000, 0x00000000eab00000)
  object space 246784K, 82% used [0x00000000c0000000,0x00000000cc7fc528,0x00000000cf100000)
 Metaspace       used 86539K, committed 88128K, reserved 1179648K
  class space    used 9190K, committed 9856K, reserved 1048576K
}

Dll operation events (14 events):
Event: 0.015 Loaded shared library c:\Users\nmene\.vscode\extensions\redhat.java-1.33.0-win32-x64\jre\17.0.11-win32-x86_64\bin\java.dll
Event: 0.200 Loaded shared library c:\Users\nmene\.vscode\extensions\redhat.java-1.33.0-win32-x64\jre\17.0.11-win32-x86_64\bin\zip.dll
Event: 0.204 Loaded shared library C:\Users\nmene\.vscode\extensions\redhat.java-1.33.0-win32-x64\jre\17.0.11-win32-x86_64\bin\instrument.dll
Event: 0.219 Loaded shared library C:\Users\nmene\.vscode\extensions\redhat.java-1.33.0-win32-x64\jre\17.0.11-win32-x86_64\bin\net.dll
Event: 0.222 Loaded shared library C:\Users\nmene\.vscode\extensions\redhat.java-1.33.0-win32-x64\jre\17.0.11-win32-x86_64\bin\nio.dll
Event: 0.230 Loaded shared library C:\Users\nmene\.vscode\extensions\redhat.java-1.33.0-win32-x64\jre\17.0.11-win32-x86_64\bin\zip.dll
Event: 0.264 Loaded shared library C:\Users\nmene\.vscode\extensions\redhat.java-1.33.0-win32-x64\jre\17.0.11-win32-x86_64\bin\jimage.dll
Event: 0.363 Loaded shared library c:\Users\nmene\.vscode\extensions\redhat.java-1.33.0-win32-x64\jre\17.0.11-win32-x86_64\bin\verify.dll
Event: 2.105 Loaded shared library C:\Users\nmene\AppData\Roaming\Code\User\globalStorage\redhat.java\1.33.0\config_win\org.eclipse.equinox.launcher\org.eclipse.equinox.launcher.win32.win32.x86_64_1.2.1100.v20240722-2106\eclipse_11904.dll
Event: 4.355 Loaded shared library C:\Users\nmene\.vscode\extensions\redhat.java-1.33.0-win32-x64\jre\17.0.11-win32-x86_64\bin\management.dll
Event: 4.360 Loaded shared library C:\Users\nmene\.vscode\extensions\redhat.java-1.33.0-win32-x64\jre\17.0.11-win32-x86_64\bin\management_ext.dll
Event: 7.729 Loaded shared library C:\Users\nmene\AppData\Local\Temp\jna-104935101\jna12464102492316375637.dll
Event: 57.479 Loaded shared library C:\Users\nmene\.vscode\extensions\redhat.java-1.33.0-win32-x64\jre\17.0.11-win32-x86_64\bin\extnet.dll
Event: 85.457 Loaded shared library C:\Users\nmene\.vscode\extensions\redhat.java-1.33.0-win32-x64\jre\17.0.11-win32-x86_64\bin\sunmscapi.dll

Deoptimization events (20 events):
Event: 441.110 Thread 0x000001f5a54e90e0 Uncommon trap: trap_request=0xffffffc6 fr.pc=0x000001f595a5f2fc relative=0x000000000000095c
Event: 441.110 Thread 0x000001f5a54e90e0 Uncommon trap: reason=bimorphic_or_optimized_type_check action=maybe_recompile pc=0x000001f595a5f2fc method=java.util.HashMap.computeIfAbsent(Ljava/lang/Object;Ljava/util/function/Function;)Ljava/lang/Object; @ 142 c2
Event: 441.110 Thread 0x000001f5a54e90e0 DEOPT PACKING pc=0x000001f595a5f2fc sp=0x000000e6029fcdd0
Event: 441.110 Thread 0x000001f5a54e90e0 DEOPT UNPACKING pc=0x000001f594e966a3 sp=0x000000e6029fcd78 mode 2
Event: 441.200 Thread 0x000001f5aafa1410 Uncommon trap: trap_request=0xffffffbe fr.pc=0x000001f595a59920 relative=0x0000000000001260
Event: 441.200 Thread 0x000001f5aafa1410 Uncommon trap: reason=profile_predicate action=maybe_recompile pc=0x000001f595a59920 method=java.lang.StringLatin1.replace([BI[BI[BI)Ljava/lang/String; @ 180 c2
Event: 441.200 Thread 0x000001f5aafa1410 DEOPT PACKING pc=0x000001f595a59920 sp=0x000000e6034fe130
Event: 441.200 Thread 0x000001f5aafa1410 DEOPT UNPACKING pc=0x000001f594e966a3 sp=0x000000e6034fe0c0 mode 2
Event: 441.203 Thread 0x000001f5aafa1410 Uncommon trap: trap_request=0xffffffbe fr.pc=0x000001f595a59920 relative=0x0000000000001260
Event: 441.203 Thread 0x000001f5aafa1410 Uncommon trap: reason=profile_predicate action=maybe_recompile pc=0x000001f595a59920 method=java.lang.StringLatin1.replace([BI[BI[BI)Ljava/lang/String; @ 180 c2
Event: 441.203 Thread 0x000001f5aafa1410 DEOPT PACKING pc=0x000001f595a59920 sp=0x000000e6034fe0d0
Event: 441.203 Thread 0x000001f5aafa1410 DEOPT UNPACKING pc=0x000001f594e966a3 sp=0x000000e6034fe060 mode 2
Event: 441.203 Thread 0x000001f5aafa1410 Uncommon trap: trap_request=0xffffffbe fr.pc=0x000001f595a59920 relative=0x0000000000001260
Event: 441.203 Thread 0x000001f5aafa1410 Uncommon trap: reason=profile_predicate action=maybe_recompile pc=0x000001f595a59920 method=java.lang.StringLatin1.replace([BI[BI[BI)Ljava/lang/String; @ 180 c2
Event: 441.203 Thread 0x000001f5aafa1410 DEOPT PACKING pc=0x000001f595a59920 sp=0x000000e6034fe0d0
Event: 441.203 Thread 0x000001f5aafa1410 DEOPT UNPACKING pc=0x000001f594e966a3 sp=0x000000e6034fe060 mode 2
Event: 441.203 Thread 0x000001f5aafa1410 Uncommon trap: trap_request=0xffffffbe fr.pc=0x000001f595a59920 relative=0x0000000000001260
Event: 441.203 Thread 0x000001f5aafa1410 Uncommon trap: reason=profile_predicate action=maybe_recompile pc=0x000001f595a59920 method=java.lang.StringLatin1.replace([BI[BI[BI)Ljava/lang/String; @ 180 c2
Event: 441.203 Thread 0x000001f5aafa1410 DEOPT PACKING pc=0x000001f595a59920 sp=0x000000e6034fe0d0
Event: 441.203 Thread 0x000001f5aafa1410 DEOPT UNPACKING pc=0x000001f594e966a3 sp=0x000000e6034fe060 mode 2

Classes unloaded (20 events):
Event: 422.457 Thread 0x000001f5a3bf14b0 Unloading class 0x000000010098baa0 'org/apache/maven/shared/filtering/MavenReaderFilterRequest'
Event: 422.457 Thread 0x000001f5a3bf14b0 Unloading class 0x000000010098b790 'org/apache/maven/shared/filtering/MavenFileFilterRequest'
Event: 422.457 Thread 0x000001f5a3bf14b0 Unloading class 0x000000010098b598 'org/codehaus/plexus/interpolation/Interpolator'
Event: 422.457 Thread 0x000001f5a3bf14b0 Unloading class 0x000000010098b3a0 'org/codehaus/plexus/interpolation/BasicInterpolator'
Event: 422.457 Thread 0x000001f5a3bf14b0 Unloading class 0x000000010098b1a8 'org/codehaus/plexus/interpolation/ValueSource'
Event: 422.457 Thread 0x000001f5a3bf14b0 Unloading class 0x000000010098ade8 'org/apache/maven/shared/filtering/MavenResourcesExecution'
Event: 422.457 Thread 0x000001f5a3bf14b0 Unloading class 0x000000010098ab18 'org/apache/maven/shared/filtering/AbstractMavenFilteringRequest'
Event: 422.457 Thread 0x000001f5a3bf14b0 Unloading class 0x000000010098a8c0 'org/apache/maven/shared/filtering/MavenFilteringException'
Event: 422.457 Thread 0x000001f5a3bf14b0 Unloading class 0x000000010098a678 'org/apache/maven/shared/filtering/DefaultMavenResourcesFiltering'
Event: 422.457 Thread 0x000001f5a3bf14b0 Unloading class 0x000000010098a480 'org/apache/maven/shared/filtering/MavenResourcesFiltering'
Event: 422.457 Thread 0x000001f5a3bf14b0 Unloading class 0x000000010098a1f8 'org/apache/maven/shared/filtering/DefaultMavenReaderFilter'
Event: 422.457 Thread 0x000001f5a3bf14b0 Unloading class 0x000000010098a000 'org/apache/maven/shared/filtering/MavenReaderFilter'
Event: 422.458 Thread 0x000001f5a3bf14b0 Unloading class 0x0000000100989bc0 'org/apache/maven/shared/filtering/DefaultMavenFileFilter'
Event: 422.458 Thread 0x000001f5a3bf14b0 Unloading class 0x0000000100989978 'org/apache/maven/shared/filtering/BaseFilter'
Event: 422.458 Thread 0x000001f5a3bf14b0 Unloading class 0x0000000100989780 'org/apache/maven/shared/filtering/MavenFileFilter'
Event: 422.458 Thread 0x000001f5a3bf14b0 Unloading class 0x0000000100989588 'org/apache/maven/shared/filtering/DefaultFilterInfo'
Event: 422.458 Thread 0x000001f5a3bf14b0 Unloading class 0x0000000100989280 'org/apache/maven/plugins/resources/TestResourcesMojo'
Event: 422.458 Thread 0x000001f5a3bf14b0 Unloading class 0x0000000100989000 'org/apache/maven/plugins/maven_resources_plugin/HelpMojo'
Event: 422.458 Thread 0x000001f5a3bf14b0 Unloading class 0x0000000100988b08 'org/apache/maven/plugins/resources/CopyResourcesMojo'
Event: 422.458 Thread 0x000001f5a3bf14b0 Unloading class 0x0000000100988800 'org/apache/maven/plugins/resources/ResourcesMojo'

Classes redefined (0 events):
No events

Internal exceptions (20 events):
Event: 421.606 Thread 0x000001f5a520f5a0 Exception <a 'sun/nio/fs/WindowsException'{0x00000000eab1dde0}> (0x00000000eab1dde0) 
thrown [s\src\hotspot\share\prims\jni.cpp, line 516]
Event: 421.610 Thread 0x000001f5a520f5a0 Exception <a 'sun/nio/fs/WindowsException'{0x00000000eab3e418}> (0x00000000eab3e418) 
thrown [s\src\hotspot\share\prims\jni.cpp, line 516]
Event: 421.610 Thread 0x000001f5a520f5a0 Exception <a 'sun/nio/fs/WindowsException'{0x00000000eab3ec60}> (0x00000000eab3ec60) 
thrown [s\src\hotspot\share\prims\jni.cpp, line 516]
Event: 421.792 Thread 0x000001f5a5c2f930 Exception <a 'sun/nio/fs/WindowsException'{0x00000000eaca7b68}> (0x00000000eaca7b68) 
thrown [s\src\hotspot\share\prims\jni.cpp, line 516]
Event: 421.792 Thread 0x000001f5a5c2f930 Exception <a 'sun/nio/fs/WindowsException'{0x00000000eaca8678}> (0x00000000eaca8678) 
thrown [s\src\hotspot\share\prims\jni.cpp, line 516]
Event: 421.793 Thread 0x000001f5a5c2f930 Exception <a 'sun/nio/fs/WindowsException'{0x00000000eaca9928}> (0x00000000eaca9928) 
thrown [s\src\hotspot\share\prims\jni.cpp, line 516]
Event: 421.793 Thread 0x000001f5a5c2f930 Exception <a 'sun/nio/fs/WindowsException'{0x00000000eacaa418}> (0x00000000eacaa418) 
thrown [s\src\hotspot\share\prims\jni.cpp, line 516]
Event: 421.795 Thread 0x000001f5a5c2f930 Exception <a 'sun/nio/fs/WindowsException'{0x00000000eacac170}> (0x00000000eacac170) 
thrown [s\src\hotspot\share\prims\jni.cpp, line 516]
Event: 421.795 Thread 0x000001f5a5c2f930 Exception <a 'sun/nio/fs/WindowsException'{0x00000000eacacc60}> (0x00000000eacacc60) 
thrown [s\src\hotspot\share\prims\jni.cpp, line 516]
Event: 421.803 Thread 0x000001f5a5c2f930 Exception <a 'sun/nio/fs/WindowsException'{0x00000000eacf1be8}> (0x00000000eacf1be8) 
thrown [s\src\hotspot\share\prims\jni.cpp, line 516]
Event: 421.804 Thread 0x000001f5a5c2f930 Exception <a 'sun/nio/fs/WindowsException'{0x00000000eacf26d8}> (0x00000000eacf26d8) 
thrown [s\src\hotspot\share\prims\jni.cpp, line 516]
Event: 422.092 Thread 0x000001f5a520e160 Exception <a 'sun/nio/fs/WindowsException'{0x00000000eb05c608}> (0x00000000eb05c608) 
thrown [s\src\hotspot\share\prims\jni.cpp, line 516]
Event: 422.092 Thread 0x000001f5a520e160 Exception <a 'sun/nio/fs/WindowsException'{0x00000000eb05d120}> (0x00000000eb05d120) 
thrown [s\src\hotspot\share\prims\jni.cpp, line 516]
Event: 422.093 Thread 0x000001f5a520e160 Exception <a 'sun/nio/fs/WindowsException'{0x00000000eb05dc80}> (0x00000000eb05dc80) 
thrown [s\src\hotspot\share\prims\jni.cpp, line 516]
Event: 422.097 Thread 0x000001f5a520e160 Exception <a 'sun/nio/fs/WindowsException'{0x00000000eb063508}> (0x00000000eb063508) 
thrown [s\src\hotspot\share\prims\jni.cpp, line 516]
Event: 422.098 Thread 0x000001f5a520e160 Exception <a 'sun/nio/fs/WindowsException'{0x00000000eb064050}> (0x00000000eb064050) 
thrown [s\src\hotspot\share\prims\jni.cpp, line 516]
Event: 422.098 Thread 0x000001f5a520e160 Exception <a 'sun/nio/fs/WindowsException'{0x00000000eb064be8}> (0x00000000eb064be8) 
thrown [s\src\hotspot\share\prims\jni.cpp, line 516]
Event: 422.764 Thread 0x000001f5a54e90e0 Exception <a 'sun/nio/fs/WindowsException'{0x00000000eace0f80}> (0x00000000eace0f80) 
thrown [s\src\hotspot\share\prims\jni.cpp, line 516]
Event: 422.764 Thread 0x000001f5a54e90e0 Exception <a 'sun/nio/fs/WindowsException'{0x00000000eace17c8}> (0x00000000eace17c8) 
thrown [s\src\hotspot\share\prims\jni.cpp, line 516]
Event: 440.917 Thread 0x000001f5a54e90e0 Implicit null exception at 0x000001f5956fa9b7 to 0x000001f5956faa14

VM Operations (20 events):
Event: 422.729 Executing VM operation: ParallelGCFailedAllocation
Event: 422.733 Executing VM operation: ParallelGCFailedAllocation done
Event: 422.811 Executing VM operation: ParallelGCFailedAllocation
Event: 422.815 Executing VM operation: ParallelGCFailedAllocation done
Event: 422.921 Executing VM operation: ParallelGCFailedAllocation
Event: 422.923 Executing VM operation: ParallelGCFailedAllocation done
Event: 424.923 Executing VM operation: Cleanup
Event: 424.923 Executing VM operation: Cleanup done
Event: 440.749 Executing VM operation: ParallelGCFailedAllocation
Event: 440.751 Executing VM operation: ParallelGCFailedAllocation done
Event: 440.821 Executing VM operation: ParallelGCFailedAllocation
Event: 440.823 Executing VM operation: ParallelGCFailedAllocation done
Event: 440.950 Executing VM operation: ParallelGCFailedAllocation
Event: 440.954 Executing VM operation: ParallelGCFailedAllocation done
Event: 441.174 Executing VM operation: ParallelGCFailedAllocation
Event: 441.178 Executing VM operation: ParallelGCFailedAllocation done
Event: 441.206 Executing VM operation: ParallelGCFailedAllocation
Event: 441.209 Executing VM operation: ParallelGCFailedAllocation done
Event: 441.234 Executing VM operation: ParallelGCFailedAllocation
Event: 441.237 Executing VM operation: ParallelGCFailedAllocation done

Events (20 events):
Event: 422.710 Thread 0x000001f5a3c35ea0 flushing nmethod 0x000001f58f358f90
Event: 422.745 loading class jdk/internal/module/IllegalAccessLogger
Event: 422.745 loading class jdk/internal/module/IllegalAccessLogger done
Event: 422.794 Thread 0x000001f5a3c9b470 Thread added: 0x000001f5a3c9b470
Event: 422.794 Thread 0x000001f5aaf9b3e0 Thread added: 0x000001f5aaf9b3e0
Event: 422.794 Thread 0x000001f5aaf9b8f0 Thread added: 0x000001f5aaf9b8f0
Event: 422.794 Thread 0x000001f5aaf9d750 Thread added: 0x000001f5aaf9d750
Event: 422.794 Thread 0x000001f5aaf9a4b0 Thread added: 0x000001f5aaf9a4b0
Event: 422.821 Thread 0x000001f5aaf9b8f0 Thread exited: 0x000001f5aaf9b8f0
Event: 422.821 Thread 0x000001f5aaf9d750 Thread exited: 0x000001f5aaf9d750
Event: 422.821 Thread 0x000001f5aaf9b3e0 Thread exited: 0x000001f5aaf9b3e0
Event: 422.821 Thread 0x000001f5a3c9b470 Thread exited: 0x000001f5a3c9b470
Event: 422.821 Thread 0x000001f5aaf9a4b0 Thread exited: 0x000001f5aaf9a4b0
Event: 428.072 Thread 0x000001f5ab0c1c90 Thread exited: 0x000001f5ab0c1c90
Event: 440.790 Thread 0x000001f5a999a050 Thread added: 0x000001f5a999a050
Event: 441.153 Thread 0x000001f5a3c9b470 Thread added: 0x000001f5a3c9b470
Event: 441.154 Thread 0x000001f5aaf9b3e0 Thread added: 0x000001f5aaf9b3e0
Event: 441.154 Thread 0x000001f5aafa1410 Thread added: 0x000001f5aafa1410
Event: 441.155 Thread 0x000001f5aaf9a9c0 Thread added: 0x000001f5aaf9a9c0
Event: 441.155 Thread 0x000001f5aafa04e0 Thread added: 0x000001f5aafa04e0


Dynamic libraries:
0x00007ff75bfa0000 - 0x00007ff75bfae000 	c:\Users\nmene\.vscode\extensions\redhat.java-1.33.0-win32-x64\jre\17.0.11-win32-x86_64\bin\java.exe
0x00007ff84f6b0000 - 0x00007ff84f8c7000 	C:\Windows\SYSTEM32\ntdll.dll
0x00007ff84dc30000 - 0x00007ff84dcf4000 	C:\Windows\System32\KERNEL32.DLL
0x00007ff84d030000 - 0x00007ff84d3dd000 	C:\Windows\System32\KERNELBASE.dll
0x00007ff84ceb0000 - 0x00007ff84cfc1000 	C:\Windows\System32\ucrtbase.dll
0x00007ff828820000 - 0x00007ff828837000 	c:\Users\nmene\.vscode\extensions\redhat.java-1.33.0-win32-x64\jre\17.0.11-win32-x86_64\bin\jli.dll
0x00007ff81dea0000 - 0x00007ff81debb000 	c:\Users\nmene\.vscode\extensions\redhat.java-1.33.0-win32-x64\jre\17.0.11-win32-x86_64\bin\VCRUNTIME140.dll
0x00007ff82daf0000 - 0x00007ff82dd83000 	C:\Windows\WinSxS\amd64_microsoft.windows.common-controls_6595b64144ccf1df_6.0.22621.3672_none_2713b9d173822955\COMCTL32.dll
0x00007ff84e760000 - 0x00007ff84e807000 	C:\Windows\System32\msvcrt.dll
0x00007ff84ebe0000 - 0x00007ff84ec09000 	C:\Windows\System32\GDI32.dll
0x00007ff84cfd0000 - 0x00007ff84cff6000 	C:\Windows\System32\win32u.dll
0x00007ff84cd10000 - 0x00007ff84ce29000 	C:\Windows\System32\gdi32full.dll
0x00007ff84ca90000 - 0x00007ff84cb2a000 	C:\Windows\System32\msvcp_win.dll
0x00007ff84efc0000 - 0x00007ff84f16e000 	C:\Windows\System32\USER32.dll
0x00007ff84eb40000 - 0x00007ff84eb71000 	C:\Windows\System32\IMM32.DLL
0x00007ff832a80000 - 0x00007ff832a8c000 	c:\Users\nmene\.vscode\extensions\redhat.java-1.33.0-win32-x64\jre\17.0.11-win32-x86_64\bin\vcruntime140_1.dll
0x00007ff8068e0000 - 0x00007ff80696d000 	c:\Users\nmene\.vscode\extensions\redhat.java-1.33.0-win32-x64\jre\17.0.11-win32-x86_64\bin\msvcp140.dll
0x00007fffea510000 - 0x00007fffeb172000 	c:\Users\nmene\.vscode\extensions\redhat.java-1.33.0-win32-x64\jre\17.0.11-win32-x86_64\bin\server\jvm.dll
0x00007ff84ec10000 - 0x00007ff84ecc2000 	C:\Windows\System32\ADVAPI32.dll
0x00007ff84d770000 - 0x00007ff84d819000 	C:\Windows\System32\sechost.dll
0x00007ff84d000000 - 0x00007ff84d028000 	C:\Windows\System32\bcrypt.dll
0x00007ff84e9e0000 - 0x00007ff84eaf4000 	C:\Windows\System32\RPCRT4.dll
0x00007ff847720000 - 0x00007ff847754000 	C:\Windows\SYSTEM32\WINMM.dll
0x00007ff84c890000 - 0x00007ff84c8dd000 	C:\Windows\SYSTEM32\POWRPROF.dll
0x00007ff8328b0000 - 0x00007ff8328b9000 	C:\Windows\SYSTEM32\WSOCK32.dll
0x00007ff844a80000 - 0x00007ff844a8a000 	C:\Windows\SYSTEM32\VERSION.dll
0x00007ff84e670000 - 0x00007ff84e6e1000 	C:\Windows\System32\WS2_32.dll
0x00007ff84c870000 - 0x00007ff84c883000 	C:\Windows\SYSTEM32\UMPDC.dll
0x00007ff84b9c0000 - 0x00007ff84b9d8000 	C:\Windows\SYSTEM32\kernel.appcore.dll
0x00007ff830ac0000 - 0x00007ff830aca000 	c:\Users\nmene\.vscode\extensions\redhat.java-1.33.0-win32-x64\jre\17.0.11-win32-x86_64\bin\jimage.dll
0x00007ff8397a0000 - 0x00007ff8399d2000 	C:\Windows\SYSTEM32\DBGHELP.DLL
0x00007ff84d3e0000 - 0x00007ff84d76d000 	C:\Windows\System32\combase.dll
0x00007ff84ed30000 - 0x00007ff84ee07000 	C:\Windows\System32\OLEAUT32.dll
0x00007ff838bc0000 - 0x00007ff838bf2000 	C:\Windows\SYSTEM32\dbgcore.DLL
0x00007ff84ce30000 - 0x00007ff84ceab000 	C:\Windows\System32\bcryptPrimitives.dll
0x00007ff830500000 - 0x00007ff83050e000 	c:\Users\nmene\.vscode\extensions\redhat.java-1.33.0-win32-x64\jre\17.0.11-win32-x86_64\bin\instrument.dll
0x00007ff8068b0000 - 0x00007ff8068d5000 	c:\Users\nmene\.vscode\extensions\redhat.java-1.33.0-win32-x64\jre\17.0.11-win32-x86_64\bin\java.dll
0x00007ff8081e0000 - 0x00007ff8081f8000 	c:\Users\nmene\.vscode\extensions\redhat.java-1.33.0-win32-x64\jre\17.0.11-win32-x86_64\bin\zip.dll
0x00007ff84de00000 - 0x00007ff84e668000 	C:\Windows\System32\SHELL32.dll
0x00007ff84a8d0000 - 0x00007ff84b1ce000 	C:\Windows\SYSTEM32\windows.storage.dll
0x00007ff84a790000 - 0x00007ff84a8cf000 	C:\Windows\SYSTEM32\wintypes.dll
0x00007ff84daa0000 - 0x00007ff84db99000 	C:\Windows\System32\SHCORE.dll
0x00007ff84eb80000 - 0x00007ff84ebde000 	C:\Windows\System32\shlwapi.dll
0x00007ff84c900000 - 0x00007ff84c921000 	C:\Windows\SYSTEM32\profapi.dll
0x00007ff808060000 - 0x00007ff808079000 	C:\Users\nmene\.vscode\extensions\redhat.java-1.33.0-win32-x64\jre\17.0.11-win32-x86_64\bin\net.dll
0x00007ff847800000 - 0x00007ff847936000 	C:\Windows\SYSTEM32\WINHTTP.dll
0x00007ff84be30000 - 0x00007ff84be99000 	C:\Windows\system32\mswsock.dll
0x00007ff806890000 - 0x00007ff8068a6000 	C:\Users\nmene\.vscode\extensions\redhat.java-1.33.0-win32-x64\jre\17.0.11-win32-x86_64\bin\nio.dll
0x00007ff8304a0000 - 0x00007ff8304b0000 	c:\Users\nmene\.vscode\extensions\redhat.java-1.33.0-win32-x64\jre\17.0.11-win32-x86_64\bin\verify.dll
0x00007ff806e40000 - 0x00007ff806e85000 	C:\Users\nmene\AppData\Roaming\Code\User\globalStorage\redhat.java\1.33.0\config_win\org.eclipse.equinox.launcher\org.eclipse.equinox.launcher.win32.win32.x86_64_1.2.1100.v20240722-2106\eclipse_11904.dll
0x00007ff84ee10000 - 0x00007ff84efb5000 	C:\Windows\System32\ole32.dll
0x00007ff848400000 - 0x00007ff848409000 	C:\Users\nmene\.vscode\extensions\redhat.java-1.33.0-win32-x64\jre\17.0.11-win32-x86_64\bin\management.dll
0x00007ff844a30000 - 0x00007ff844a3b000 	C:\Users\nmene\.vscode\extensions\redhat.java-1.33.0-win32-x64\jre\17.0.11-win32-x86_64\bin\management_ext.dll
0x00007ff84e6f0000 - 0x00007ff84e6f8000 	C:\Windows\System32\PSAPI.DLL
0x00007ff84c0b0000 - 0x00007ff84c0cb000 	C:\Windows\SYSTEM32\CRYPTSP.dll
0x00007ff84b920000 - 0x00007ff84b955000 	C:\Windows\system32\rsaenh.dll
0x00007ff84bf10000 - 0x00007ff84bf38000 	C:\Windows\SYSTEM32\USERENV.dll
0x00007ff84c0d0000 - 0x00007ff84c0dc000 	C:\Windows\SYSTEM32\CRYPTBASE.dll
0x00007ff84b430000 - 0x00007ff84b45d000 	C:\Windows\SYSTEM32\IPHLPAPI.DLL
0x00007ff84eb00000 - 0x00007ff84eb09000 	C:\Windows\System32\NSI.dll
0x00007ff847ce0000 - 0x00007ff847cf9000 	C:\Windows\SYSTEM32\dhcpcsvc6.DLL
0x00007ff847270000 - 0x00007ff84728f000 	C:\Windows\SYSTEM32\dhcpcsvc.DLL
0x00007ff84b4a0000 - 0x00007ff84b598000 	C:\Windows\SYSTEM32\DNSAPI.dll
0x00007ff82cb90000 - 0x00007ff82cbd5000 	C:\Users\nmene\AppData\Local\Temp\jna-104935101\jna12464102492316375637.dll
0x00007ff84b9e0000 - 0x00007ff84ba14000 	C:\Windows\SYSTEM32\ntmarta.dll
0x00007ff832ea0000 - 0x00007ff832ea9000 	C:\Users\nmene\.vscode\extensions\redhat.java-1.33.0-win32-x64\jre\17.0.11-win32-x86_64\bin\extnet.dll
0x00007ff847450000 - 0x00007ff84745e000 	C:\Users\nmene\.vscode\extensions\redhat.java-1.33.0-win32-x64\jre\17.0.11-win32-x86_64\bin\sunmscapi.dll
0x00007ff84cb30000 - 0x00007ff84cc97000 	C:\Windows\System32\CRYPT32.dll
0x00007ff84c290000 - 0x00007ff84c2be000 	C:\Windows\SYSTEM32\ncrypt.dll
0x00007ff84c250000 - 0x00007ff84c287000 	C:\Windows\SYSTEM32\NTASN1.dll
0x00007ff847cd0000 - 0x00007ff847cda000 	C:\Windows\System32\rasadhlp.dll
0x00007ff844b00000 - 0x00007ff844b83000 	C:\Windows\System32\fwpuclnt.dll

dbghelp: loaded successfully - version: 4.0.5 - missing functions: none
symbol engine: initialized successfully - sym options: 0x614 - pdb path: .;c:\Users\nmene\.vscode\extensions\redhat.java-1.33.0-win32-x64\jre\17.0.11-win32-x86_64\bin;C:\Windows\SYSTEM32;C:\Windows\WinSxS\amd64_microsoft.windows.common-controls_6595b64144ccf1df_6.0.22621.3672_none_2713b9d173822955;c:\Users\nmene\.vscode\extensions\redhat.java-1.33.0-win32-x64\jre\17.0.11-win32-x86_64\bin\server;C:\Users\nmene\AppData\Roaming\Code\User\globalStorage\redhat.java\1.33.0\config_win\org.eclipse.equinox.launcher\org.eclipse.equinox.launcher.win32.win32.x86_64_1.2.1100.v20240722-2106;C:\Users\nmene\AppData\Local\Temp\jna-104935101

VM Arguments:
jvm_args: --add-modules=ALL-SYSTEM --add-opens=java.base/java.util=ALL-UNNAMED --add-opens=java.base/java.lang=ALL-UNNAMED --add-opens=java.base/sun.nio.fs=ALL-UNNAMED -Declipse.application=org.eclipse.jdt.ls.core.id1 -Dosgi.bundles.defaultStartLevel=4 -Declipse.product=org.eclipse.jdt.ls.core.product -Djava.import.generatesMetadataFilesAtProjectRoot=false -DDetectVMInstallationsJob.disabled=true -Dfile.encoding=utf8 -XX:+UseParallelGC -XX:GCTimeRatio=4 -XX:AdaptiveSizePolicyWeight=90 -Dsun.zip.disableMemoryMapping=true -Xmx1G -Xms100m -Xlog:disable -javaagent:c:\Users\nmene\.vscode\extensions\redhat.java-1.33.0-win32-x64\lombok\lombok-1.18.33.jar -XX:+HeapDumpOnOutOfMemoryError -XX:HeapDumpPath=c:\Users\nmene\AppData\Roaming\Code\User\workspaceStorage\0b17c0107c2e625a2752672e5ec378a0\redhat.java -Daether.dependencyCollector.impl=bf 
java_command: c:\Users\nmene\.vscode\extensions\redhat.java-1.33.0-win32-x64\server\plugins\org.eclipse.equinox.launcher_1.6.900.v20240613-2009.jar -configuration c:\Users\nmene\AppData\Roaming\Code\User\globalStorage\redhat.java\1.33.0\config_win -data c:\Users\nmene\AppData\Roaming\Code\User\workspaceStorage\0b17c0107c2e625a2752672e5ec378a0\redhat.java\jdt_ws --pipe=\\.\pipe\lsp-abb43ab850c947c63bf7f312a2a5909a-sock
java_class_path (initial): c:\Users\nmene\.vscode\extensions\redhat.java-1.33.0-win32-x64\server\plugins\org.eclipse.equinox.launcher_1.6.900.v20240613-2009.jar
Launcher Type: SUN_STANDARD

[Global flags]
    uintx AdaptiveSizePolicyWeight                 = 90                                        {product} {command line}
     intx CICompilerCount                          = 4                                         {product} {ergonomic}
    uintx GCTimeRatio                              = 4                                         {product} {command line}
     bool HeapDumpOnOutOfMemoryError               = true                                   {manageable} {command line}
    ccstr HeapDumpPath                             = c:\Users\nmene\AppData\Roaming\Code\User\workspaceStorage\0b17c0107c2e625a2752672e5ec378a0\redhat.java         {manageable} {command line}
   size_t InitialHeapSize                          = 104857600                                 {product} {command line}
   size_t MaxHeapSize                              = 1073741824                                {product} {command line}
   size_t MaxNewSize                               = 357564416                                 {product} {ergonomic}
   size_t MinHeapDeltaBytes                        = 524288                                    {product} {ergonomic}
   size_t MinHeapSize                              = 104857600                                 {product} {command line}
   size_t NewSize                                  = 34603008                                  {product} {ergonomic}
    uintx NonNMethodCodeHeapSize                   = 5839372                                {pd product} {ergonomic}
    uintx NonProfiledCodeHeapSize                  = 122909434                              {pd product} {ergonomic}
   size_t OldSize                                  = 70254592                                  {product} {ergonomic}
    uintx ProfiledCodeHeapSize                     = 122909434                              {pd product} {ergonomic}
    uintx ReservedCodeCacheSize                    = 251658240                              {pd product} {ergonomic}
     bool SegmentedCodeCache                       = true                                      {product} {ergonomic}
   size_t SoftMaxHeapSize                          = 1073741824                             {manageable} {ergonomic}
     bool UseCompressedClassPointers               = true                           {product lp64_product} {ergonomic}
     bool UseCompressedOops                        = true                           {product lp64_product} {ergonomic}
     bool UseLargePagesIndividualAllocation        = false                                  {pd product} {ergonomic}
     bool UseParallelGC                            = true                                      {product} {command line}

Logging:
Log output configuration:
 #0: stdout all=off uptime,level,tags
 #1: stderr all=off uptime,level,tags

Environment Variables:
JAVA_HOME=C:\Program Files\Java\jdk-23
PATH=C:\Windows\system32;C:\Windows;C:\Windows\System32\Wbem;C:\Windows\System32\WindowsPowerShell\v1.0\;C:\Windows\System32\OpenSSH\;C:\Program Files\Git\cmd;C:\Program Files\nodejs\;C:\Program Files\Docker\Docker\resources\bin;C:\Program Files\Java\maven\apache-maven-3.9.8\bin;C:\Program Files\MySQL\MySQL Shell 8.0\bin\;C:\Users\nmene\AppData\Local\Microsoft\WindowsApps;C:\Users\nmene\AppData\Local\Programs\Microsoft VS Code\bin;C:\Program Files\Java\jdk-23\bin;C:\Users\nmene\AppData\Roaming\npm
USERNAME=nmene
OS=Windows_NT
PROCESSOR_IDENTIFIER=AMD64 Family 23 Model 17 Stepping 0, AuthenticAMD
TMP=C:\Users\nmene\AppData\Local\Temp
TEMP=C:\Users\nmene\AppData\Local\Temp



Periodic native trim disabled


---------------  S Y S T E M  ---------------

OS:
 Windows 11 , 64 bit Build 22621 (10.0.22621.3958)
OS uptime: 2 days 21:05 hours
Hyper-V role detected

CPU: total 8 (initial active 8) (8 cores per cpu, 2 threads per core) family 23 model 17 stepping 0 microcode 0x0, cx8, cmov, fxsr, ht, mmx, 3dnowpref, sse, sse2, sse3, ssse3, sse4a, sse4.1, sse4.2, popcnt, lzcnt, tsc, tscinvbit, avx, avx2, aes, clmul, bmi1, bmi2, adx, sha, fma, vzeroupper, clflush, clflushopt, hv
Processor Information for all 8 processors :
  Max Mhz: 2000, Current Mhz: 2000, Mhz Limit: 2000

Memory: 4k page, system-wide physical 7117M (397M free)
TotalPageFile size 21313M (AvailPageFile size 8M)
current process WorkingSet (physical memory assigned to process): 487M, peak: 595M
current process commit charge ("private bytes"): 549M, peak: 704M

vm_info: OpenJDK 64-Bit Server VM (17.0.11+9) for windows-amd64 JRE (17.0.11+9), built on Apr 17 2024 06:07:48 by "admin" with MS VC++ 16.10 / 16.11 (VS2019)

END.
