#
# There is insufficient memory for the Java Runtime Environment to continue.
# Native memory allocation (malloc) failed to allocate 894976 bytes. Error detail: Chunk::new
# Possible reasons:
#   The system is out of physical RAM or swap space
#   This process is running with CompressedOops enabled, and the Java Heap may be blocking the growth of the native heap
# Possible solutions:
#   Reduce memory load on the system
#   Increase physical memory or swap space
#   Check if swap backing store is full
#   Decrease Java heap size (-Xmx/-Xms)
#   Decrease number of Java threads
#   Decrease Java thread stack sizes (-Xss)
#   Set larger code cache with -XX:ReservedCodeCacheSize=
#   JVM is running with Unscaled Compressed Oops mode in which the Java heap is
#     placed in the first 4GB address space. The Java Heap base address is the
#     maximum limit for the native heap growth. Please use -XX:HeapBaseMinAddress
#     to set the Java Heap base and to place the Java Heap above 4GB virtual address.
# This output file may be truncated or incomplete.
#
#  Out of Memory Error (arena.cpp:149), pid=13468, tid=24980
#
# JRE version: OpenJDK Runtime Environment (23.0+27) (build 23-ea+27-2275)
# Java VM: OpenJDK 64-Bit Server VM (23-ea+27-2275, mixed mode, sharing, tiered, compressed oops, compressed class ptrs, g1 gc, windows-amd64)
# No core dump will be written. Minidumps are not enabled by default on client versions of Windows
#

---------------  S U M M A R Y ------------

Command Line: -Dclassworlds.conf=C:\Program Files\Java\maven\apache-maven-3.9.8\bin\m2.conf -Dmaven.home=C:\Program Files\Java\maven\apache-maven-3.9.8 -Dlibrary.jansi.path=C:\Program Files\Java\maven\apache-maven-3.9.8\lib\jansi-native -Dmaven.multiModuleProjectDirectory=c:\Users\nmene\Desktop\Inventarios\inventario org.codehaus.plexus.classworlds.launcher.Launcher -q help:effective-pom -Doutput=c:\Users\nmene\Desktop\Inventarios\inventario\effective-pom.xml -f c:/Users/nmene/Desktop/Inventarios/inventario/pom.xml

Host: AMD Ryzen 5 2500U with Radeon Vega Mobile Gfx  , 8 cores, 6G,  Windows 11 , 64 bit Build 22621 (10.0.22621.3958)
Time: Fri Aug 23 14:50:25 2024 Hora estándar central (México) elapsed time: 4.376232 seconds (0d 0h 0m 4s)

---------------  T H R E A D  ---------------

Current thread (0x000001eb3eabb090):  JavaThread "C2 CompilerThread1" daemon [_thread_in_native, id=24980, stack(0x000000530d100000,0x000000530d200000) (1024K)]


Current CompileTask:
C2:4376 3751       4       org.codehaus.plexus.util.xml.Xpp3Dom::<init> (125 bytes)

Stack: [0x000000530d100000,0x000000530d200000]
Native frames: (J=compiled Java code, j=interpreted, Vv=VM code, C=native code)
V  [jvm.dll+0x6e0959]  (no source info available)
V  [jvm.dll+0x87d843]  (no source info available)
V  [jvm.dll+0x87fcce]  (no source info available)
V  [jvm.dll+0x8803a3]  (no source info available)
V  [jvm.dll+0x27af76]  (no source info available)
V  [jvm.dll+0xbc07f]  (no source info available)
V  [jvm.dll+0xbc2db]  (no source info available)
V  [jvm.dll+0x3b3a5c]  (no source info available)
V  [jvm.dll+0x38a4eb]  (no source info available)
V  [jvm.dll+0x38995a]  (no source info available)
V  [jvm.dll+0x244bc1]  (no source info available)
V  [jvm.dll+0x243f1f]  (no source info available)
V  [jvm.dll+0x1c3420]  (no source info available)
V  [jvm.dll+0x253e11]  (no source info available)
V  [jvm.dll+0x2520ca]  (no source info available)
V  [jvm.dll+0x3ee276]  (no source info available)
V  [jvm.dll+0x824d4b]  (no source info available)
V  [jvm.dll+0x6df105]  (no source info available)
C  [ucrtbase.dll+0x29333]  (no source info available)
C  [KERNEL32.DLL+0x1257d]  (no source info available)
C  [ntdll.dll+0x5af28]  (no source info available)

Lock stack of current Java thread (top to bottom):


---------------  P R O C E S S  ---------------

Threads class SMR info:
_java_thread_list=0x000001eb84df01b0, length=12, elements={
0x000001eb1ffb0710, 0x000001eb3ea9dfd0, 0x000001eb3eaa1d50, 0x000001eb3eaa4c60,
0x000001eb3eaa56c0, 0x000001eb3eaa8130, 0x000001eb3eab14f0, 0x000001eb3eab8580,
0x000001eb3eabe040, 0x000001eb3ec0a9a0, 0x000001eb3ec0d8c0, 0x000001eb3eabb090
}

Java Threads: ( => current thread )
  0x000001eb1ffb0710 JavaThread "main"                              [_thread_in_native, id=25956, stack(0x000000530b800000,0x000000530b900000) (1024K)]
  0x000001eb3ea9dfd0 JavaThread "Reference Handler"          daemon [_thread_blocked, id=29424, stack(0x000000530c000000,0x000000530c100000) (1024K)]
  0x000001eb3eaa1d50 JavaThread "Finalizer"                  daemon [_thread_blocked, id=30040, stack(0x000000530c100000,0x000000530c200000) (1024K)]
  0x000001eb3eaa4c60 JavaThread "Signal Dispatcher"          daemon [_thread_blocked, id=28220, stack(0x000000530c200000,0x000000530c300000) (1024K)]
  0x000001eb3eaa56c0 JavaThread "Attach Listener"            daemon [_thread_blocked, id=32840, stack(0x000000530c300000,0x000000530c400000) (1024K)]
  0x000001eb3eaa8130 JavaThread "Service Thread"             daemon [_thread_blocked, id=33828, stack(0x000000530c400000,0x000000530c500000) (1024K)]
  0x000001eb3eab14f0 JavaThread "Monitor Deflation Thread"   daemon [_thread_blocked, id=34256, stack(0x000000530c500000,0x000000530c600000) (1024K)]
  0x000001eb3eab8580 JavaThread "C2 CompilerThread0"         daemon [_thread_in_native, id=34356, stack(0x000000530c600000,0x000000530c700000) (1024K)]
  0x000001eb3eabe040 JavaThread "C1 CompilerThread0"         daemon [_thread_in_native, id=23904, stack(0x000000530c700000,0x000000530c800000) (1024K)]
  0x000001eb3ec0a9a0 JavaThread "Notification Thread"        daemon [_thread_blocked, id=23952, stack(0x000000530c800000,0x000000530c900000) (1024K)]
  0x000001eb3ec0d8c0 JavaThread "Common-Cleaner"             daemon [_thread_blocked, id=18132, stack(0x000000530c900000,0x000000530ca00000) (1024K)]
=>0x000001eb3eabb090 JavaThread "C2 CompilerThread1"         daemon [_thread_in_native, id=24980, stack(0x000000530d100000,0x000000530d200000) (1024K)]
Total: 12

Other Threads:
  0x000001eb3ea85240 VMThread "VM Thread"                           [id=34192, stack(0x000000530bf00000,0x000000530c000000) (1024K)]
  0x000001eb3ea6f850 WatcherThread "VM Periodic Task Thread"        [id=11200, stack(0x000000530be00000,0x000000530bf00000) (1024K)]
  0x000001eb223adcc0 WorkerThread "GC Thread#0"                     [id=27168, stack(0x000000530b900000,0x000000530ba00000) (1024K)]
  0x000001eb84ba88e0 WorkerThread "GC Thread#1"                     [id=4672, stack(0x000000530ca00000,0x000000530cb00000) (1024K)]
  0x000001eb84c94b80 WorkerThread "GC Thread#2"                     [id=29652, stack(0x000000530cb00000,0x000000530cc00000) (1024K)]
  0x000001eb84c94f30 WorkerThread "GC Thread#3"                     [id=32688, stack(0x000000530cc00000,0x000000530cd00000) (1024K)]
  0x000001eb84c952e0 WorkerThread "GC Thread#4"                     [id=27444, stack(0x000000530cd00000,0x000000530ce00000) (1024K)]
  0x000001eb84c95690 WorkerThread "GC Thread#5"                     [id=16896, stack(0x000000530ce00000,0x000000530cf00000) (1024K)]
  0x000001eb84c95a40 WorkerThread "GC Thread#6"                     [id=26820, stack(0x000000530cf00000,0x000000530d000000) (1024K)]
  0x000001eb84c95df0 WorkerThread "GC Thread#7"                     [id=15352, stack(0x000000530d000000,0x000000530d100000) (1024K)]
  0x000001eb223c1340 ConcurrentGCThread "G1 Main Marker"            [id=34208, stack(0x000000530ba00000,0x000000530bb00000) (1024K)]
  0x000001eb223c1e50 WorkerThread "G1 Conc#0"                       [id=32880, stack(0x000000530bb00000,0x000000530bc00000) (1024K)]
  0x000001eb3e942170 ConcurrentGCThread "G1 Refine#0"               [id=34032, stack(0x000000530bc00000,0x000000530bd00000) (1024K)]
  0x000001eb3e942cf0 ConcurrentGCThread "G1 Service"                [id=22760, stack(0x000000530bd00000,0x000000530be00000) (1024K)]
Total: 14

Threads with active compile tasks:
C2 CompilerThread0  4476 3832       4       org.codehaus.plexus.util.xml.pull.MXParser::parseAttribute (1429 bytes)
C2 CompilerThread1  4477 3751       4       org.codehaus.plexus.util.xml.Xpp3Dom::<init> (125 bytes)
Total: 2

VM state: not at safepoint (normal execution)

VM Mutex/Monitor currently owned by a thread: None

Heap address: 0x0000000090c00000, size: 1780 MB, Compressed Oops mode: 32-bit

CDS archive(s) mapped at: [0x000001eb3f000000-0x000001eb3fd70000-0x000001eb3fd70000), size 14090240, SharedBaseAddress: 0x000001eb3f000000, ArchiveRelocationMode: 1.
Compressed class space mapped at: 0x000001eb40000000-0x000001eb80000000, reserved size: 1073741824
Narrow klass base: 0x000001eb3f000000, Narrow klass shift: 0, Narrow klass range: 0x41000000

GC Precious Log:
 CardTable entry size: 512
 Card Set container configuration: InlinePtr #cards 5 size 8 Array Of Cards #cards 10 size 36 Howl #buckets 4 coarsen threshold 1843 Howl Bitmap #cards 512 size 80 coarsen threshold 460 Card regions per heap region 1 cards per card region 2048
 CPUs: 8 total, 8 available
 Memory: 7117M
 Large Page Support: Disabled
 NUMA Support: Disabled
 Compressed Oops: Enabled (32-bit)
 Heap Region Size: 1M
 Heap Min Capacity: 8M
 Heap Initial Capacity: 112M
 Heap Max Capacity: 1780M
 Pre-touch: Disabled
 Parallel Workers: 8
 Concurrent Workers: 2
 Concurrent Refinement Workers: 8
 Periodic GC: Disabled

Heap:
 garbage-first heap   total reserved 1822720K, committed 114688K, used 22335K [0x0000000090c00000, 0x0000000100000000)
  region size 1024K, 19 young (19456K), 7 survivors (7168K)
 Metaspace       used 15689K, committed 15936K, reserved 1114112K
  class space    used 1938K, committed 2048K, reserved 1048576K

Heap Regions: E=young(eden), S=young(survivor), O=old, HS=humongous(starts), HC=humongous(continues), CS=collection set, F=free, TAMS=top-at-mark-start, PB=parsable bottom
|   0|0x0000000090c00000, 0x0000000090d00000, 0x0000000090d00000|100%| O|  |TAMS 0x0000000090c00000| PB 0x0000000090c00000| Untracked |  0
|   1|0x0000000090d00000, 0x0000000090e00000, 0x0000000090e00000|100%| O|  |TAMS 0x0000000090d00000| PB 0x0000000090d00000| Untracked |  0
|   2|0x0000000090e00000, 0x0000000090f00000, 0x0000000090f00000|100%| O|  |TAMS 0x0000000090e00000| PB 0x0000000090e00000| Untracked |  0
|   3|0x0000000090f00000, 0x0000000090fcfea0, 0x0000000091000000| 81%| O|  |TAMS 0x0000000090f00000| PB 0x0000000090f00000| Untracked |  0
|   4|0x0000000091000000, 0x0000000091000000, 0x0000000091100000|  0%| F|  |TAMS 0x0000000091000000| PB 0x0000000091000000| Untracked |  0
|   5|0x0000000091100000, 0x0000000091100000, 0x0000000091200000|  0%| F|  |TAMS 0x0000000091100000| PB 0x0000000091100000| Untracked |  0
|   6|0x0000000091200000, 0x0000000091200000, 0x0000000091300000|  0%| F|  |TAMS 0x0000000091200000| PB 0x0000000091200000| Untracked |  0
|   7|0x0000000091300000, 0x0000000091300000, 0x0000000091400000|  0%| F|  |TAMS 0x0000000091300000| PB 0x0000000091300000| Untracked |  0
|   8|0x0000000091400000, 0x0000000091400000, 0x0000000091500000|  0%| F|  |TAMS 0x0000000091400000| PB 0x0000000091400000| Untracked |  0
|   9|0x0000000091500000, 0x0000000091500000, 0x0000000091600000|  0%| F|  |TAMS 0x0000000091500000| PB 0x0000000091500000| Untracked |  0
|  10|0x0000000091600000, 0x0000000091600000, 0x0000000091700000|  0%| F|  |TAMS 0x0000000091600000| PB 0x0000000091600000| Untracked |  0
|  11|0x0000000091700000, 0x0000000091700000, 0x0000000091800000|  0%| F|  |TAMS 0x0000000091700000| PB 0x0000000091700000| Untracked |  0
|  12|0x0000000091800000, 0x0000000091800000, 0x0000000091900000|  0%| F|  |TAMS 0x0000000091800000| PB 0x0000000091800000| Untracked |  0
|  13|0x0000000091900000, 0x0000000091900000, 0x0000000091a00000|  0%| F|  |TAMS 0x0000000091900000| PB 0x0000000091900000| Untracked |  0
|  14|0x0000000091a00000, 0x0000000091a00000, 0x0000000091b00000|  0%| F|  |TAMS 0x0000000091a00000| PB 0x0000000091a00000| Untracked |  0
|  15|0x0000000091b00000, 0x0000000091b00000, 0x0000000091c00000|  0%| F|  |TAMS 0x0000000091b00000| PB 0x0000000091b00000| Untracked |  0
|  16|0x0000000091c00000, 0x0000000091c00000, 0x0000000091d00000|  0%| F|  |TAMS 0x0000000091c00000| PB 0x0000000091c00000| Untracked |  0
|  17|0x0000000091d00000, 0x0000000091d00000, 0x0000000091e00000|  0%| F|  |TAMS 0x0000000091d00000| PB 0x0000000091d00000| Untracked |  0
|  18|0x0000000091e00000, 0x0000000091e00000, 0x0000000091f00000|  0%| F|  |TAMS 0x0000000091e00000| PB 0x0000000091e00000| Untracked |  0
|  19|0x0000000091f00000, 0x0000000091f00000, 0x0000000092000000|  0%| F|  |TAMS 0x0000000091f00000| PB 0x0000000091f00000| Untracked |  0
|  20|0x0000000092000000, 0x0000000092000000, 0x0000000092100000|  0%| F|  |TAMS 0x0000000092000000| PB 0x0000000092000000| Untracked |  0
|  21|0x0000000092100000, 0x0000000092100000, 0x0000000092200000|  0%| F|  |TAMS 0x0000000092100000| PB 0x0000000092100000| Untracked |  0
|  22|0x0000000092200000, 0x0000000092200000, 0x0000000092300000|  0%| F|  |TAMS 0x0000000092200000| PB 0x0000000092200000| Untracked |  0
|  23|0x0000000092300000, 0x0000000092300000, 0x0000000092400000|  0%| F|  |TAMS 0x0000000092300000| PB 0x0000000092300000| Untracked |  0
|  24|0x0000000092400000, 0x0000000092400000, 0x0000000092500000|  0%| F|  |TAMS 0x0000000092400000| PB 0x0000000092400000| Untracked |  0
|  25|0x0000000092500000, 0x0000000092500000, 0x0000000092600000|  0%| F|  |TAMS 0x0000000092500000| PB 0x0000000092500000| Untracked |  0
|  26|0x0000000092600000, 0x0000000092600000, 0x0000000092700000|  0%| F|  |TAMS 0x0000000092600000| PB 0x0000000092600000| Untracked |  0
|  27|0x0000000092700000, 0x0000000092700000, 0x0000000092800000|  0%| F|  |TAMS 0x0000000092700000| PB 0x0000000092700000| Untracked |  0
|  28|0x0000000092800000, 0x0000000092800000, 0x0000000092900000|  0%| F|  |TAMS 0x0000000092800000| PB 0x0000000092800000| Untracked |  0
|  29|0x0000000092900000, 0x0000000092900000, 0x0000000092a00000|  0%| F|  |TAMS 0x0000000092900000| PB 0x0000000092900000| Untracked |  0
|  30|0x0000000092a00000, 0x0000000092a00000, 0x0000000092b00000|  0%| F|  |TAMS 0x0000000092a00000| PB 0x0000000092a00000| Untracked |  0
|  31|0x0000000092b00000, 0x0000000092b00000, 0x0000000092c00000|  0%| F|  |TAMS 0x0000000092b00000| PB 0x0000000092b00000| Untracked |  0
|  32|0x0000000092c00000, 0x0000000092c00000, 0x0000000092d00000|  0%| F|  |TAMS 0x0000000092c00000| PB 0x0000000092c00000| Untracked |  0
|  33|0x0000000092d00000, 0x0000000092d00000, 0x0000000092e00000|  0%| F|  |TAMS 0x0000000092d00000| PB 0x0000000092d00000| Untracked |  0
|  34|0x0000000092e00000, 0x0000000092e00000, 0x0000000092f00000|  0%| F|  |TAMS 0x0000000092e00000| PB 0x0000000092e00000| Untracked |  0
|  35|0x0000000092f00000, 0x0000000092f00000, 0x0000000093000000|  0%| F|  |TAMS 0x0000000092f00000| PB 0x0000000092f00000| Untracked |  0
|  36|0x0000000093000000, 0x0000000093000000, 0x0000000093100000|  0%| F|  |TAMS 0x0000000093000000| PB 0x0000000093000000| Untracked |  0
|  37|0x0000000093100000, 0x0000000093100000, 0x0000000093200000|  0%| F|  |TAMS 0x0000000093100000| PB 0x0000000093100000| Untracked |  0
|  38|0x0000000093200000, 0x0000000093200000, 0x0000000093300000|  0%| F|  |TAMS 0x0000000093200000| PB 0x0000000093200000| Untracked |  0
|  39|0x0000000093300000, 0x0000000093300000, 0x0000000093400000|  0%| F|  |TAMS 0x0000000093300000| PB 0x0000000093300000| Untracked |  0
|  40|0x0000000093400000, 0x0000000093400000, 0x0000000093500000|  0%| F|  |TAMS 0x0000000093400000| PB 0x0000000093400000| Untracked |  0
|  41|0x0000000093500000, 0x0000000093500000, 0x0000000093600000|  0%| F|  |TAMS 0x0000000093500000| PB 0x0000000093500000| Untracked |  0
|  42|0x0000000093600000, 0x0000000093600000, 0x0000000093700000|  0%| F|  |TAMS 0x0000000093600000| PB 0x0000000093600000| Untracked |  0
|  43|0x0000000093700000, 0x0000000093700000, 0x0000000093800000|  0%| F|  |TAMS 0x0000000093700000| PB 0x0000000093700000| Untracked |  0
|  44|0x0000000093800000, 0x0000000093800000, 0x0000000093900000|  0%| F|  |TAMS 0x0000000093800000| PB 0x0000000093800000| Untracked |  0
|  45|0x0000000093900000, 0x0000000093900000, 0x0000000093a00000|  0%| F|  |TAMS 0x0000000093900000| PB 0x0000000093900000| Untracked |  0
|  46|0x0000000093a00000, 0x0000000093a00000, 0x0000000093b00000|  0%| F|  |TAMS 0x0000000093a00000| PB 0x0000000093a00000| Untracked |  0
|  47|0x0000000093b00000, 0x0000000093b00000, 0x0000000093c00000|  0%| F|  |TAMS 0x0000000093b00000| PB 0x0000000093b00000| Untracked |  0
|  48|0x0000000093c00000, 0x0000000093c00000, 0x0000000093d00000|  0%| F|  |TAMS 0x0000000093c00000| PB 0x0000000093c00000| Untracked |  0
|  49|0x0000000093d00000, 0x0000000093d00000, 0x0000000093e00000|  0%| F|  |TAMS 0x0000000093d00000| PB 0x0000000093d00000| Untracked |  0
|  50|0x0000000093e00000, 0x0000000093e00000, 0x0000000093f00000|  0%| F|  |TAMS 0x0000000093e00000| PB 0x0000000093e00000| Untracked |  0
|  51|0x0000000093f00000, 0x0000000093f00000, 0x0000000094000000|  0%| F|  |TAMS 0x0000000093f00000| PB 0x0000000093f00000| Untracked |  0
|  52|0x0000000094000000, 0x0000000094000000, 0x0000000094100000|  0%| F|  |TAMS 0x0000000094000000| PB 0x0000000094000000| Untracked |  0
|  53|0x0000000094100000, 0x0000000094200000, 0x0000000094200000|100%| S|CS|TAMS 0x0000000094100000| PB 0x0000000094100000| Complete |  0
|  54|0x0000000094200000, 0x0000000094300000, 0x0000000094300000|100%| S|CS|TAMS 0x0000000094200000| PB 0x0000000094200000| Complete |  0
|  55|0x0000000094300000, 0x0000000094400000, 0x0000000094400000|100%| S|CS|TAMS 0x0000000094300000| PB 0x0000000094300000| Complete |  0
|  56|0x0000000094400000, 0x0000000094500000, 0x0000000094500000|100%| S|CS|TAMS 0x0000000094400000| PB 0x0000000094400000| Complete |  0
|  57|0x0000000094500000, 0x0000000094600000, 0x0000000094600000|100%| S|CS|TAMS 0x0000000094500000| PB 0x0000000094500000| Complete |  0
|  58|0x0000000094600000, 0x0000000094700000, 0x0000000094700000|100%| S|CS|TAMS 0x0000000094600000| PB 0x0000000094600000| Complete |  0
|  59|0x0000000094700000, 0x0000000094800000, 0x0000000094800000|100%| S|CS|TAMS 0x0000000094700000| PB 0x0000000094700000| Complete |  0
|  60|0x0000000094800000, 0x0000000094800000, 0x0000000094900000|  0%| F|  |TAMS 0x0000000094800000| PB 0x0000000094800000| Untracked |  0
|  61|0x0000000094900000, 0x0000000094900000, 0x0000000094a00000|  0%| F|  |TAMS 0x0000000094900000| PB 0x0000000094900000| Untracked |  0
|  62|0x0000000094a00000, 0x0000000094a00000, 0x0000000094b00000|  0%| F|  |TAMS 0x0000000094a00000| PB 0x0000000094a00000| Untracked |  0
|  63|0x0000000094b00000, 0x0000000094b00000, 0x0000000094c00000|  0%| F|  |TAMS 0x0000000094b00000| PB 0x0000000094b00000| Untracked |  0
|  64|0x0000000094c00000, 0x0000000094c00000, 0x0000000094d00000|  0%| F|  |TAMS 0x0000000094c00000| PB 0x0000000094c00000| Untracked |  0
|  65|0x0000000094d00000, 0x0000000094d00000, 0x0000000094e00000|  0%| F|  |TAMS 0x0000000094d00000| PB 0x0000000094d00000| Untracked |  0
|  66|0x0000000094e00000, 0x0000000094e00000, 0x0000000094f00000|  0%| F|  |TAMS 0x0000000094e00000| PB 0x0000000094e00000| Untracked |  0
|  67|0x0000000094f00000, 0x0000000094f00000, 0x0000000095000000|  0%| F|  |TAMS 0x0000000094f00000| PB 0x0000000094f00000| Untracked |  0
|  68|0x0000000095000000, 0x0000000095000000, 0x0000000095100000|  0%| F|  |TAMS 0x0000000095000000| PB 0x0000000095000000| Untracked |  0
|  69|0x0000000095100000, 0x0000000095100000, 0x0000000095200000|  0%| F|  |TAMS 0x0000000095100000| PB 0x0000000095100000| Untracked |  0
|  70|0x0000000095200000, 0x0000000095200000, 0x0000000095300000|  0%| F|  |TAMS 0x0000000095200000| PB 0x0000000095200000| Untracked |  0
|  71|0x0000000095300000, 0x0000000095300000, 0x0000000095400000|  0%| F|  |TAMS 0x0000000095300000| PB 0x0000000095300000| Untracked |  0
|  72|0x0000000095400000, 0x0000000095400000, 0x0000000095500000|  0%| F|  |TAMS 0x0000000095400000| PB 0x0000000095400000| Untracked |  0
|  73|0x0000000095500000, 0x0000000095500000, 0x0000000095600000|  0%| F|  |TAMS 0x0000000095500000| PB 0x0000000095500000| Untracked |  0
|  74|0x0000000095600000, 0x0000000095600000, 0x0000000095700000|  0%| F|  |TAMS 0x0000000095600000| PB 0x0000000095600000| Untracked |  0
|  75|0x0000000095700000, 0x0000000095700000, 0x0000000095800000|  0%| F|  |TAMS 0x0000000095700000| PB 0x0000000095700000| Untracked |  0
|  76|0x0000000095800000, 0x0000000095800000, 0x0000000095900000|  0%| F|  |TAMS 0x0000000095800000| PB 0x0000000095800000| Untracked |  0
|  77|0x0000000095900000, 0x0000000095900000, 0x0000000095a00000|  0%| F|  |TAMS 0x0000000095900000| PB 0x0000000095900000| Untracked |  0
|  78|0x0000000095a00000, 0x0000000095a00000, 0x0000000095b00000|  0%| F|  |TAMS 0x0000000095a00000| PB 0x0000000095a00000| Untracked |  0
|  79|0x0000000095b00000, 0x0000000095b00000, 0x0000000095c00000|  0%| F|  |TAMS 0x0000000095b00000| PB 0x0000000095b00000| Untracked |  0
|  80|0x0000000095c00000, 0x0000000095c00000, 0x0000000095d00000|  0%| F|  |TAMS 0x0000000095c00000| PB 0x0000000095c00000| Untracked |  0
|  81|0x0000000095d00000, 0x0000000095d00000, 0x0000000095e00000|  0%| F|  |TAMS 0x0000000095d00000| PB 0x0000000095d00000| Untracked |  0
|  82|0x0000000095e00000, 0x0000000095e00000, 0x0000000095f00000|  0%| F|  |TAMS 0x0000000095e00000| PB 0x0000000095e00000| Untracked |  0
|  83|0x0000000095f00000, 0x0000000095f00000, 0x0000000096000000|  0%| F|  |TAMS 0x0000000095f00000| PB 0x0000000095f00000| Untracked |  0
|  84|0x0000000096000000, 0x0000000096000000, 0x0000000096100000|  0%| F|  |TAMS 0x0000000096000000| PB 0x0000000096000000| Untracked |  0
|  85|0x0000000096100000, 0x0000000096100000, 0x0000000096200000|  0%| F|  |TAMS 0x0000000096100000| PB 0x0000000096100000| Untracked |  0
|  86|0x0000000096200000, 0x0000000096200000, 0x0000000096300000|  0%| F|  |TAMS 0x0000000096200000| PB 0x0000000096200000| Untracked |  0
|  87|0x0000000096300000, 0x0000000096300000, 0x0000000096400000|  0%| F|  |TAMS 0x0000000096300000| PB 0x0000000096300000| Untracked |  0
|  88|0x0000000096400000, 0x0000000096400000, 0x0000000096500000|  0%| F|  |TAMS 0x0000000096400000| PB 0x0000000096400000| Untracked |  0
|  89|0x0000000096500000, 0x0000000096500000, 0x0000000096600000|  0%| F|  |TAMS 0x0000000096500000| PB 0x0000000096500000| Untracked |  0
|  90|0x0000000096600000, 0x0000000096600000, 0x0000000096700000|  0%| F|  |TAMS 0x0000000096600000| PB 0x0000000096600000| Untracked |  0
|  91|0x0000000096700000, 0x0000000096700000, 0x0000000096800000|  0%| F|  |TAMS 0x0000000096700000| PB 0x0000000096700000| Untracked |  0
|  92|0x0000000096800000, 0x0000000096800000, 0x0000000096900000|  0%| F|  |TAMS 0x0000000096800000| PB 0x0000000096800000| Untracked |  0
|  93|0x0000000096900000, 0x0000000096900000, 0x0000000096a00000|  0%| F|  |TAMS 0x0000000096900000| PB 0x0000000096900000| Untracked |  0
|  94|0x0000000096a00000, 0x0000000096a00000, 0x0000000096b00000|  0%| F|  |TAMS 0x0000000096a00000| PB 0x0000000096a00000| Untracked |  0
|  95|0x0000000096b00000, 0x0000000096b00000, 0x0000000096c00000|  0%| F|  |TAMS 0x0000000096b00000| PB 0x0000000096b00000| Untracked |  0
|  96|0x0000000096c00000, 0x0000000096c00000, 0x0000000096d00000|  0%| F|  |TAMS 0x0000000096c00000| PB 0x0000000096c00000| Untracked |  0
|  97|0x0000000096d00000, 0x0000000096d00000, 0x0000000096e00000|  0%| F|  |TAMS 0x0000000096d00000| PB 0x0000000096d00000| Untracked |  0
|  98|0x0000000096e00000, 0x0000000096e00000, 0x0000000096f00000|  0%| F|  |TAMS 0x0000000096e00000| PB 0x0000000096e00000| Untracked |  0
|  99|0x0000000096f00000, 0x0000000096f00000, 0x0000000097000000|  0%| F|  |TAMS 0x0000000096f00000| PB 0x0000000096f00000| Untracked |  0
| 100|0x0000000097000000, 0x0000000097100000, 0x0000000097100000|100%| E|  |TAMS 0x0000000097000000| PB 0x0000000097000000| Complete |  0
| 101|0x0000000097100000, 0x0000000097200000, 0x0000000097200000|100%| E|CS|TAMS 0x0000000097100000| PB 0x0000000097100000| Complete |  0
| 102|0x0000000097200000, 0x0000000097300000, 0x0000000097300000|100%| E|CS|TAMS 0x0000000097200000| PB 0x0000000097200000| Complete |  0
| 103|0x0000000097300000, 0x0000000097400000, 0x0000000097400000|100%| E|CS|TAMS 0x0000000097300000| PB 0x0000000097300000| Complete |  0
| 104|0x0000000097400000, 0x0000000097500000, 0x0000000097500000|100%| E|CS|TAMS 0x0000000097400000| PB 0x0000000097400000| Complete |  0
| 105|0x0000000097500000, 0x0000000097600000, 0x0000000097600000|100%| E|CS|TAMS 0x0000000097500000| PB 0x0000000097500000| Complete |  0
| 106|0x0000000097600000, 0x0000000097700000, 0x0000000097700000|100%| E|CS|TAMS 0x0000000097600000| PB 0x0000000097600000| Complete |  0
| 107|0x0000000097700000, 0x0000000097800000, 0x0000000097800000|100%| E|CS|TAMS 0x0000000097700000| PB 0x0000000097700000| Complete |  0
| 108|0x0000000097800000, 0x0000000097900000, 0x0000000097900000|100%| E|CS|TAMS 0x0000000097800000| PB 0x0000000097800000| Complete |  0
| 109|0x0000000097900000, 0x0000000097a00000, 0x0000000097a00000|100%| E|CS|TAMS 0x0000000097900000| PB 0x0000000097900000| Complete |  0
| 110|0x0000000097a00000, 0x0000000097b00000, 0x0000000097b00000|100%| E|CS|TAMS 0x0000000097a00000| PB 0x0000000097a00000| Complete |  0
| 111|0x0000000097b00000, 0x0000000097c00000, 0x0000000097c00000|100%| E|CS|TAMS 0x0000000097b00000| PB 0x0000000097b00000| Complete |  0

Card table byte_map: [0x000001eb3a130000,0x000001eb3a4b0000] _byte_map_base: 0x000001eb39caa000

Marking Bits: (CMBitMap*) 0x000001eb223ae3d0
 Bits: [0x000001eb3a4b0000, 0x000001eb3c080000)

Polling page: 0x000001eb201c0000

Metaspace:

Usage:
  Non-class:     13.43 MB used.
      Class:      1.89 MB used.
       Both:     15.32 MB used.

Virtual space:
  Non-class space:       64.00 MB reserved,      13.56 MB ( 21%) committed,  1 nodes.
      Class space:        1.00 GB reserved,       2.00 MB ( <1%) committed,  1 nodes.
             Both:        1.06 GB reserved,      15.56 MB (  1%) committed. 

Chunk freelists:
   Non-Class:  2.25 MB
       Class:  13.91 MB
        Both:  16.16 MB

MaxMetaspaceSize: unlimited
CompressedClassSpaceSize: 1.00 GB
Initial GC threshold: 21.00 MB
Current GC threshold: 21.00 MB
CDS: on
 - commit_granule_bytes: 65536.
 - commit_granule_words: 8192.
 - virtual_space_node_default_size: 8388608.
 - enlarge_chunks_in_place: 1.
 - use_allocation_guard: 0.


Internal statistics:

num_allocs_failed_limit: 0.
num_arena_births: 166.
num_arena_deaths: 0.
num_vsnodes_births: 2.
num_vsnodes_deaths: 0.
num_space_committed: 249.
num_space_uncommitted: 0.
num_chunks_returned_to_freelist: 0.
num_chunks_taken_from_freelist: 676.
num_chunk_merges: 0.
num_chunk_splits: 474.
num_chunks_enlarged: 388.
num_inconsistent_stats: 0.

CodeHeap 'non-profiled nmethods': size=120064Kb used=1286Kb max_used=1286Kb free=118777Kb
 bounds [0x000001eb32540000, 0x000001eb327b0000, 0x000001eb39a80000]
CodeHeap 'profiled nmethods': size=120000Kb used=5745Kb max_used=5745Kb free=114254Kb
 bounds [0x000001eb2aa80000, 0x000001eb2b020000, 0x000001eb31fb0000]
CodeHeap 'non-nmethods': size=5696Kb used=1400Kb max_used=1448Kb free=4295Kb
 bounds [0x000001eb31fb0000, 0x000001eb32220000, 0x000001eb32540000]
CodeCache: size=245760Kb, used=8431Kb, max_used=8479Kb, free=237326Kb
 total_blobs=4375, nmethods=3873, adapters=406, full_count=0
Compilation: enabled, stopped_count=0, restarted_count=0

Compilation events (20 events):
Event: 4.361 Thread 0x000001eb3eabe040 3798       3       java.lang.String::valueOf (14 bytes)
Event: 4.361 Thread 0x000001eb3eabe040 nmethod 3798 0x000001eb2aff4d88 code [0x000001eb2aff4ea0, 0x000001eb2aff5008]
Event: 4.361 Thread 0x000001eb3eabe040 3796       1       org.apache.maven.model.building.ModelData::getActiveProfiles (5 bytes)
Event: 4.361 Thread 0x000001eb3eabe040 nmethod 3796 0x000001eb3267c988 code [0x000001eb3267caa0, 0x000001eb3267cb68]
Event: 4.363 Thread 0x000001eb3eabe040 3799       3       java.util.concurrent.ConcurrentHashMap::remove (8 bytes)
Event: 4.363 Thread 0x000001eb3eabe040 nmethod 3799 0x000001eb2aff5088 code [0x000001eb2aff51a0, 0x000001eb2aff52f0]
Event: 4.364 Thread 0x000001eb3eabe040 3801       3       java.util.zip.ZipFile$Source::getMetaVersion (221 bytes)
Event: 4.365 Thread 0x000001eb3eabe040 nmethod 3801 0x000001eb2aff5388 code [0x000001eb2aff5500, 0x000001eb2aff5bb0]
Event: 4.365 Thread 0x000001eb3eabe040 3800       3       java.util.zip.ZipFile$Source::isSignatureRelated (227 bytes)
Event: 4.366 Thread 0x000001eb3eabe040 nmethod 3800 0x000001eb2aff5c08 code [0x000001eb2aff5d60, 0x000001eb2aff6338]
Event: 4.366 Thread 0x000001eb3eabe040 3803   !   3       org.codehaus.plexus.util.xml.pull.MXParser::parseCharOrPredefinedEntityRef (949 bytes)
Event: 4.368 Thread 0x000001eb3eab8580 nmethod 3797 0x000001eb3267cc88 code [0x000001eb3267cda0, 0x000001eb3267d1c8]
Event: 4.369 Thread 0x000001eb3eab8580 3804       4       java.util.Arrays::copyOf (40 bytes)
Event: 4.371 Thread 0x000001eb3eabe040 nmethod 3803 0x000001eb2aff6388 code [0x000001eb2aff6ac0, 0x000001eb2affa7d8]
Event: 4.371 Thread 0x000001eb3eabe040 3802       3       org.codehaus.plexus.util.xml.pull.MXParser::parseEntityRef (59 bytes)
Event: 4.372 Thread 0x000001eb3eabe040 nmethod 3802 0x000001eb2affa888 code [0x000001eb2affa9e0, 0x000001eb2affad00]
Event: 4.372 Thread 0x000001eb3eabe040 3805       1       org.apache.maven.plugin.descriptor.MojoDescriptor::getPluginDescriptor (5 bytes)
Event: 4.372 Thread 0x000001eb3eabe040 nmethod 3805 0x000001eb3267d208 code [0x000001eb3267d320, 0x000001eb3267d3f0]
Event: 4.372 Thread 0x000001eb3eabe040 3806       1       org.apache.maven.plugin.descriptor.MojoDescriptor::getGoal (5 bytes)
Event: 4.372 Thread 0x000001eb3eabe040 nmethod 3806 0x000001eb3267d508 code [0x000001eb3267d620, 0x000001eb3267d6e8]

GC Heap History (6 events):
Event: 1.220 GC heap before
{Heap before GC invocations=0 (full 0):
 garbage-first heap   total reserved 1822720K, committed 114688K, used 23552K [0x0000000090c00000, 0x0000000100000000)
  region size 1024K, 24 young (24576K), 0 survivors (0K)
 Metaspace       used 6020K, committed 6144K, reserved 1114112K
  class space    used 749K, committed 832K, reserved 1048576K
}
Event: 1.233 GC heap after
{Heap after GC invocations=1 (full 0):
 garbage-first heap   total reserved 1822720K, committed 114688K, used 3840K [0x0000000090c00000, 0x0000000100000000)
  region size 1024K, 3 young (3072K), 3 survivors (3072K)
 Metaspace       used 6020K, committed 6144K, reserved 1114112K
  class space    used 749K, committed 832K, reserved 1048576K
}
Event: 2.017 GC heap before
{Heap before GC invocations=1 (full 0):
 garbage-first heap   total reserved 1822720K, committed 114688K, used 26368K [0x0000000090c00000, 0x0000000100000000)
  region size 1024K, 25 young (25600K), 3 survivors (3072K)
 Metaspace       used 8786K, committed 9024K, reserved 1114112K
  class space    used 1080K, committed 1216K, reserved 1048576K
}
Event: 2.053 GC heap after
{Heap after GC invocations=2 (full 0):
 garbage-first heap   total reserved 1822720K, committed 114688K, used 5198K [0x0000000090c00000, 0x0000000100000000)
  region size 1024K, 2 young (2048K), 2 survivors (2048K)
 Metaspace       used 8786K, committed 9024K, reserved 1114112K
  class space    used 1080K, committed 1216K, reserved 1048576K
}
Event: 4.159 GC heap before
{Heap before GC invocations=2 (full 0):
 garbage-first heap   total reserved 1822720K, committed 114688K, used 56398K [0x0000000090c00000, 0x0000000100000000)
  region size 1024K, 52 young (53248K), 2 survivors (2048K)
 Metaspace       used 15544K, committed 15808K, reserved 1114112K
  class space    used 1929K, committed 2048K, reserved 1048576K
}
Event: 4.177 GC heap after
{Heap after GC invocations=3 (full 0):
 garbage-first heap   total reserved 1822720K, committed 114688K, used 11071K [0x0000000090c00000, 0x0000000100000000)
  region size 1024K, 7 young (7168K), 7 survivors (7168K)
 Metaspace       used 15544K, committed 15808K, reserved 1114112K
  class space    used 1929K, committed 2048K, reserved 1048576K
}

Dll operation events (8 events):
Event: 0.016 Loaded shared library C:\Program Files\Java\jdk-23\bin\java.dll
Event: 0.061 Loaded shared library C:\Program Files\Java\jdk-23\bin\jsvml.dll
Event: 0.092 Loaded shared library C:\Program Files\Java\jdk-23\bin\net.dll
Event: 0.095 Loaded shared library C:\Program Files\Java\jdk-23\bin\nio.dll
Event: 0.100 Loaded shared library C:\Program Files\Java\jdk-23\bin\zip.dll
Event: 0.300 Loaded shared library C:\Program Files\Java\jdk-23\bin\jimage.dll
Event: 0.309 Loaded shared library C:\Program Files\Java\maven\apache-maven-3.9.8\lib\jansi-native\Windows\x86_64\jansi.dll
Event: 0.328 Loaded shared library C:\Program Files\Java\jdk-23\bin\verify.dll

Deoptimization events (20 events):
Event: 3.979 Thread 0x000001eb1ffb0710 DEOPT PACKING pc=0x000001eb2af6be1e sp=0x000000530b8fd870
Event: 3.979 Thread 0x000001eb1ffb0710 DEOPT UNPACKING pc=0x000001eb32004b22 sp=0x000000530b8fcdc8 mode 0
Event: 4.036 Thread 0x000001eb1ffb0710 DEOPT PACKING pc=0x000001eb2af06c75 sp=0x000000530b8fdde0
Event: 4.036 Thread 0x000001eb1ffb0710 DEOPT UNPACKING pc=0x000001eb32004b22 sp=0x000000530b8fd318 mode 0
Event: 4.067 Thread 0x000001eb1ffb0710 Uncommon trap: trap_request=0xffffff6e fr.pc=0x000001eb3265f2e4 relative=0x0000000000000144
Event: 4.067 Thread 0x000001eb1ffb0710 Uncommon trap: reason=loop_limit_check action=maybe_recompile pc=0x000001eb3265f2e4 method=java.util.regex.Pattern$Start.match(Ljava/util/regex/Matcher;ILjava/lang/CharSequence;)Z @ 34 c2
Event: 4.067 Thread 0x000001eb1ffb0710 DEOPT PACKING pc=0x000001eb3265f2e4 sp=0x000000530b8fde40
Event: 4.067 Thread 0x000001eb1ffb0710 DEOPT UNPACKING pc=0x000001eb32004402 sp=0x000000530b8fddd0 mode 2
Event: 4.080 Thread 0x000001eb1ffb0710 Uncommon trap: trap_request=0xffffff45 fr.pc=0x000001eb32643904 relative=0x0000000000000084
Event: 4.080 Thread 0x000001eb1ffb0710 Uncommon trap: reason=unstable_if action=reinterpret pc=0x000001eb32643904 method=org.apache.maven.model.validation.DefaultModelValidator.isValidIdCharacter(C)Z @ 51 c2
Event: 4.080 Thread 0x000001eb1ffb0710 DEOPT PACKING pc=0x000001eb32643904 sp=0x000000530b8fe020
Event: 4.080 Thread 0x000001eb1ffb0710 DEOPT UNPACKING pc=0x000001eb32004402 sp=0x000000530b8fdfb8 mode 2
Event: 4.104 Thread 0x000001eb1ffb0710 DEOPT PACKING pc=0x000001eb2af63c71 sp=0x000000530b8fd4e0
Event: 4.104 Thread 0x000001eb1ffb0710 DEOPT UNPACKING pc=0x000001eb32004b22 sp=0x000000530b8fc950 mode 0
Event: 4.279 Thread 0x000001eb1ffb0710 DEOPT PACKING pc=0x000001eb2af10e84 sp=0x000000530b8fd260
Event: 4.279 Thread 0x000001eb1ffb0710 DEOPT UNPACKING pc=0x000001eb32004b22 sp=0x000000530b8fc7b8 mode 0
Event: 4.351 Thread 0x000001eb1ffb0710 Uncommon trap: trap_request=0xffffffcc fr.pc=0x000001eb32678ab0 relative=0x00000000000001f0
Event: 4.351 Thread 0x000001eb1ffb0710 Uncommon trap: reason=intrinsic_or_type_checked_inlining action=make_not_entrant pc=0x000001eb32678ab0 method=java.util.Arrays.copyOf([Ljava/lang/Object;ILjava/lang/Class;)[Ljava/lang/Object; @ 35 c2
Event: 4.351 Thread 0x000001eb1ffb0710 DEOPT PACKING pc=0x000001eb32678ab0 sp=0x000000530b8fd730
Event: 4.351 Thread 0x000001eb1ffb0710 DEOPT UNPACKING pc=0x000001eb32004402 sp=0x000000530b8fd6c0 mode 2

Classes loaded (20 events):
Event: 3.415 Loading class sun/nio/ch/FileLockTable
Event: 3.415 Loading class sun/nio/ch/FileLockTable done
Event: 3.415 Loading class sun/nio/ch/FileKey
Event: 3.415 Loading class sun/nio/ch/FileKey done
Event: 3.416 Loading class sun/nio/ch/FileLockTable$FileLockReference
Event: 3.416 Loading class sun/nio/ch/FileLockTable$FileLockReference done
Event: 3.417 Loading class java/util/AbstractMap$2
Event: 3.418 Loading class java/util/AbstractMap$2 done
Event: 3.418 Loading class java/util/AbstractMap$ValueIterator
Event: 3.418 Loading class java/util/AbstractMap$ValueIterator done
Event: 3.495 Loading class sun/util/resources/LocaleData$CommonResourceBundleProvider
Event: 3.495 Loading class sun/util/resources/LocaleData$LocaleDataResourceBundleProvider
Event: 3.495 Loading class java/util/spi/ResourceBundleProvider
Event: 3.495 Loading class java/util/spi/ResourceBundleProvider done
Event: 3.495 Loading class sun/util/resources/LocaleData$LocaleDataResourceBundleProvider done
Event: 3.495 Loading class sun/util/resources/LocaleData$CommonResourceBundleProvider done
Event: 3.495 Loading class sun/util/resources/Bundles$2
Event: 3.495 Loading class sun/util/resources/Bundles$2 done
Event: 3.536 Loading class java/util/StringTokenizer
Event: 3.536 Loading class java/util/StringTokenizer done

Classes unloaded (0 events):
No events

Classes redefined (0 events):
No events

Internal exceptions (20 events):
Event: 1.071 Thread 0x000001eb1ffb0710 Exception <a 'java/lang/NoSuchMethodError'{0x0000000096944348}: 'int java.lang.invoke.DirectMethodHandle$Holder.invokeStaticInit(java.lang.Object, java.lang.Object)'> (0x0000000096944348) 
thrown [s\open\src\hotspot\share\interpreter\linkResolver.cpp, line 796]
Event: 1.081 Thread 0x000001eb1ffb0710 Exception <a 'java/lang/NoClassDefFoundError'{0x0000000096979970}: javax/enterprise/inject/Typed> (0x0000000096979970) 
thrown [s\open\src\hotspot\share\classfile\systemDictionary.cpp, line 302]
Event: 2.599 Thread 0x000001eb1ffb0710 Exception <a 'java/lang/NoSuchMethodError'{0x0000000097140638}: 'void java.lang.invoke.DirectMethodHandle$Holder.invokeStaticInit(java.lang.Object, java.lang.Object, java.lang.Object)'> (0x0000000097140638) 
thrown [s\open\src\hotspot\share\interpreter\linkResolver.cpp, line 796]
Event: 2.607 Thread 0x000001eb1ffb0710 Exception <a 'java/lang/ExceptionInInitializerError'{0x0000000097169aa8}> (0x0000000097169aa8) 
thrown [s\open\src\hotspot\share\oops\instanceKlass.cpp, line 1247]
Event: 2.641 Thread 0x000001eb1ffb0710 Exception <a 'java/lang/NoSuchMethodError'{0x000000009707ffa8}: 'long java.lang.invoke.DirectMethodHandle$Holder.invokeStatic(java.lang.Object, java.lang.Object, int)'> (0x000000009707ffa8) 
thrown [s\open\src\hotspot\share\interpreter\linkResolver.cpp, line 796]
Event: 2.643 Thread 0x000001eb1ffb0710 Exception <a 'java/lang/NoSuchMethodError'{0x0000000097093538}: 'java.lang.Object java.lang.invoke.DirectMethodHandle$Holder.invokeStatic(java.lang.Object, java.lang.Object, java.lang.Object, java.lang.Object, int)'> (0x0000000097093538) 
thrown [s\open\src\hotspot\share\interpreter\linkResolver.cpp, line 796]
Event: 2.644 Thread 0x000001eb1ffb0710 Exception <a 'java/lang/NoSuchMethodError'{0x000000009709b700}: 'java.lang.Object java.lang.invoke.DirectMethodHandle$Holder.invokeSpecial(java.lang.Object, java.lang.Object, java.lang.Object, java.lang.Object, long)'> (0x000000009709b700) 
thrown [s\open\src\hotspot\share\interpreter\linkResolver.cpp, line 796]
Event: 2.645 Thread 0x000001eb1ffb0710 Exception <a 'java/lang/NoSuchMethodError'{0x00000000970a7260}: 'java.lang.Object java.lang.invoke.DirectMethodHandle$Holder.invokeSpecial(java.lang.Object, java.lang.Object, java.lang.Object, int, java.lang.Object)'> (0x00000000970a7260) 
thrown [s\open\src\hotspot\share\interpreter\linkResolver.cpp, line 796]
Event: 2.650 Thread 0x000001eb1ffb0710 Implicit null exception at 0x000001eb325c7cbd to 0x000001eb325c7e50
Event: 2.652 Thread 0x000001eb1ffb0710 Exception <a 'java/lang/NoSuchMethodError'{0x00000000970d0058}: 'java.lang.Object java.lang.invoke.Invokers$Holder.invokeExact_MT(java.lang.Object, int, java.lang.Object)'> (0x00000000970d0058) 
thrown [s\open\src\hotspot\share\interpreter\linkResolver.cpp, line 796]
Event: 2.923 Thread 0x000001eb1ffb0710 Exception <a 'java/lang/NoSuchMethodError'{0x0000000096738dc0}: 'void java.lang.invoke.Invokers$Holder.invokeExact_MT(java.lang.Object, java.lang.Object, java.lang.Object, java.lang.Object)'> (0x0000000096738dc0) 
thrown [s\open\src\hotspot\share\interpreter\linkResolver.cpp, line 796]
Event: 2.943 Thread 0x000001eb1ffb0710 Exception <a 'java/lang/NoClassDefFoundError'{0x00000000967c4198}: com/google/inject/servlet/ServletModuleTargetVisitor> (0x00000000967c4198) 
thrown [s\open\src\hotspot\share\classfile\systemDictionary.cpp, line 302]
Event: 3.024 Thread 0x000001eb1ffb0710 Exception <a 'java/lang/NoSuchMethodError'{0x0000000096388e58}: 'void java.lang.invoke.DirectMethodHandle$Holder.invokeVirtual(java.lang.Object, java.lang.Object)'> (0x0000000096388e58) 
thrown [s\open\src\hotspot\share\interpreter\linkResolver.cpp, line 796]
Event: 3.076 Thread 0x000001eb1ffb0710 Exception <a 'java/lang/NoSuchMethodError'{0x0000000096208c10}: 'java.lang.Object java.lang.invoke.DirectMethodHandle$Holder.invokeStaticInit(java.lang.Object, int, int, int, int)'> (0x0000000096208c10) 
thrown [s\open\src\hotspot\share\interpreter\linkResolver.cpp, line 796]
Event: 3.362 Thread 0x000001eb1ffb0710 Implicit null exception at 0x000001eb3256ad94 to 0x000001eb3256b3e8
Event: 3.363 Thread 0x000001eb1ffb0710 Implicit null exception at 0x000001eb32575810 to 0x000001eb32575e4c
Event: 3.430 Thread 0x000001eb1ffb0710 Exception <a 'java/lang/NoSuchMethodError'{0x0000000095eecfa0}: 'void java.lang.invoke.DirectMethodHandle$Holder.invokeSpecial(java.lang.Object, java.lang.Object, java.lang.Object, java.lang.Object, java.lang.Object)'> (0x0000000095eecfa0) 
thrown [s\open\src\hotspot\share\interpreter\linkResolver.cpp, line 796]
Event: 3.462 Thread 0x000001eb1ffb0710 Exception <a 'java/lang/NoSuchMethodError'{0x0000000095df7e78}: 'java.lang.Object java.lang.invoke.DirectMethodHandle$Holder.invokeVirtual(java.lang.Object, java.lang.Object, java.lang.Object)'> (0x0000000095df7e78) 
thrown [s\open\src\hotspot\share\interpreter\linkResolver.cpp, line 796]
Event: 3.548 Thread 0x000001eb1ffb0710 Exception <a 'java/lang/NoSuchMethodError'{0x0000000095bec400}: 'void java.lang.invoke.DirectMethodHandle$Holder.invokeVirtual(java.lang.Object, java.lang.Object, int)'> (0x0000000095bec400) 
thrown [s\open\src\hotspot\share\interpreter\linkResolver.cpp, line 796]
Event: 3.549 Thread 0x000001eb1ffb0710 Exception <a 'java/lang/NoSuchMethodError'{0x0000000095bf34b0}: 'void java.lang.invoke.DelegatingMethodHandle$Holder.reinvoke_L(java.lang.Object, java.lang.Object, int)'> (0x0000000095bf34b0) 
thrown [s\open\src\hotspot\share\interpreter\linkResolver.cpp, line 796]

VM Operations (20 events):
Event: 2.690 Executing VM operation: HandshakeAllThreads (Deoptimize)
Event: 2.690 Executing VM operation: HandshakeAllThreads (Deoptimize) done
Event: 2.692 Executing VM operation: HandshakeAllThreads (Deoptimize)
Event: 2.693 Executing VM operation: HandshakeAllThreads (Deoptimize) done
Event: 2.748 Executing VM operation: HandshakeAllThreads (Deoptimize)
Event: 2.748 Executing VM operation: HandshakeAllThreads (Deoptimize) done
Event: 2.918 Executing VM operation: HandshakeAllThreads (Deoptimize)
Event: 2.918 Executing VM operation: HandshakeAllThreads (Deoptimize) done
Event: 3.040 Executing VM operation: HandshakeAllThreads (Deoptimize)
Event: 3.040 Executing VM operation: HandshakeAllThreads (Deoptimize) done
Event: 3.095 Executing VM operation: HandshakeAllThreads (Deoptimize)
Event: 3.095 Executing VM operation: HandshakeAllThreads (Deoptimize) done
Event: 3.168 Executing VM operation: HandshakeAllThreads (Deoptimize)
Event: 3.168 Executing VM operation: HandshakeAllThreads (Deoptimize) done
Event: 3.292 Executing VM operation: HandshakeAllThreads (Deoptimize)
Event: 3.293 Executing VM operation: HandshakeAllThreads (Deoptimize) done
Event: 3.295 Executing VM operation: HandshakeAllThreads (Deoptimize)
Event: 3.295 Executing VM operation: HandshakeAllThreads (Deoptimize) done
Event: 4.159 Executing VM operation: G1CollectForAllocation (G1 Evacuation Pause)
Event: 4.177 Executing VM operation: G1CollectForAllocation (G1 Evacuation Pause) done

Memory protections (0 events):
No events

Nmethod flushes (0 events):
No events

Events (14 events):
Event: 0.039 Thread 0x000001eb1ffb0710 Thread added: 0x000001eb1ffb0710
Event: 0.058 Thread 0x000001eb1ffb0710 Thread added: 0x000001eb3ea9dfd0
Event: 0.058 Thread 0x000001eb1ffb0710 Thread added: 0x000001eb3eaa1d50
Event: 0.058 Thread 0x000001eb1ffb0710 Thread added: 0x000001eb3eaa4c60
Event: 0.058 Thread 0x000001eb1ffb0710 Thread added: 0x000001eb3eaa56c0
Event: 0.058 Thread 0x000001eb1ffb0710 Thread added: 0x000001eb3eaa8130
Event: 0.059 Thread 0x000001eb1ffb0710 Thread added: 0x000001eb3eab14f0
Event: 0.059 Thread 0x000001eb1ffb0710 Thread added: 0x000001eb3eab8580
Event: 0.059 Thread 0x000001eb1ffb0710 Thread added: 0x000001eb3eabe040
Event: 0.083 Thread 0x000001eb1ffb0710 Thread added: 0x000001eb3ec0a9a0
Event: 0.087 Thread 0x000001eb1ffb0710 Thread added: 0x000001eb3ec0d8c0
Event: 0.298 Thread 0x000001eb1ffb0710 Thread added: 0x000001eb3eed8090
Event: 0.313 Thread 0x000001eb3eed8090 Thread exited: 0x000001eb3eed8090
Event: 2.762 Thread 0x000001eb3eabe040 Thread added: 0x000001eb3eabb090


Dynamic libraries:
0x00007ff62fbc0000 - 0x00007ff62fbce000 	C:\Program Files\Java\jdk-23\bin\java.exe
0x00007ff84f6b0000 - 0x00007ff84f8c7000 	C:\Windows\SYSTEM32\ntdll.dll
0x00007ff84dc30000 - 0x00007ff84dcf4000 	C:\Windows\System32\KERNEL32.DLL
0x00007ff84d030000 - 0x00007ff84d3dd000 	C:\Windows\System32\KERNELBASE.dll
0x00007ff84ceb0000 - 0x00007ff84cfc1000 	C:\Windows\System32\ucrtbase.dll
0x00007ff848b80000 - 0x00007ff848b9b000 	C:\Program Files\Java\jdk-23\bin\VCRUNTIME140.dll
0x00007ff848890000 - 0x00007ff8488a7000 	C:\Program Files\Java\jdk-23\bin\jli.dll
0x00007ff84efc0000 - 0x00007ff84f16e000 	C:\Windows\System32\USER32.dll
0x00007ff84cfd0000 - 0x00007ff84cff6000 	C:\Windows\System32\win32u.dll
0x00007ff82daf0000 - 0x00007ff82dd83000 	C:\Windows\WinSxS\amd64_microsoft.windows.common-controls_6595b64144ccf1df_6.0.22621.3672_none_2713b9d173822955\COMCTL32.dll
0x00007ff84e760000 - 0x00007ff84e807000 	C:\Windows\System32\msvcrt.dll
0x00007ff84ebe0000 - 0x00007ff84ec09000 	C:\Windows\System32\GDI32.dll
0x00007ff84cd10000 - 0x00007ff84ce29000 	C:\Windows\System32\gdi32full.dll
0x00007ff84ca90000 - 0x00007ff84cb2a000 	C:\Windows\System32\msvcp_win.dll
0x00007ff84eb40000 - 0x00007ff84eb71000 	C:\Windows\System32\IMM32.DLL
0x00007ff849bb0000 - 0x00007ff849bbc000 	C:\Program Files\Java\jdk-23\bin\vcruntime140_1.dll
0x00007ff843a10000 - 0x00007ff843a9e000 	C:\Program Files\Java\jdk-23\bin\msvcp140.dll
0x00007ff81d150000 - 0x00007ff81de9f000 	C:\Program Files\Java\jdk-23\bin\server\jvm.dll
0x00007ff84ec10000 - 0x00007ff84ecc2000 	C:\Windows\System32\ADVAPI32.dll
0x00007ff84d770000 - 0x00007ff84d819000 	C:\Windows\System32\sechost.dll
0x00007ff84d000000 - 0x00007ff84d028000 	C:\Windows\System32\bcrypt.dll
0x00007ff84e9e0000 - 0x00007ff84eaf4000 	C:\Windows\System32\RPCRT4.dll
0x00007ff84e670000 - 0x00007ff84e6e1000 	C:\Windows\System32\WS2_32.dll
0x00007ff84c890000 - 0x00007ff84c8dd000 	C:\Windows\SYSTEM32\POWRPROF.dll
0x00007ff847720000 - 0x00007ff847754000 	C:\Windows\SYSTEM32\WINMM.dll
0x00007ff844a80000 - 0x00007ff844a8a000 	C:\Windows\SYSTEM32\VERSION.dll
0x00007ff84c870000 - 0x00007ff84c883000 	C:\Windows\SYSTEM32\UMPDC.dll
0x00007ff84b9c0000 - 0x00007ff84b9d8000 	C:\Windows\SYSTEM32\kernel.appcore.dll
0x00007ff848b70000 - 0x00007ff848b7a000 	C:\Program Files\Java\jdk-23\bin\jimage.dll
0x00007ff8397a0000 - 0x00007ff8399d2000 	C:\Windows\SYSTEM32\DBGHELP.DLL
0x00007ff84d3e0000 - 0x00007ff84d76d000 	C:\Windows\System32\combase.dll
0x00007ff84ed30000 - 0x00007ff84ee07000 	C:\Windows\System32\OLEAUT32.dll
0x00007ff838bc0000 - 0x00007ff838bf2000 	C:\Windows\SYSTEM32\dbgcore.DLL
0x00007ff84ce30000 - 0x00007ff84ceab000 	C:\Windows\System32\bcryptPrimitives.dll
0x00007ff848850000 - 0x00007ff84886e000 	C:\Program Files\Java\jdk-23\bin\java.dll
0x00007ff84ee10000 - 0x00007ff84efb5000 	C:\Windows\System32\ole32.dll
0x00007ff84de00000 - 0x00007ff84e668000 	C:\Windows\System32\SHELL32.dll
0x00007ff84a8d0000 - 0x00007ff84b1ce000 	C:\Windows\SYSTEM32\windows.storage.dll
0x00007ff84a790000 - 0x00007ff84a8cf000 	C:\Windows\SYSTEM32\wintypes.dll
0x00007ff84daa0000 - 0x00007ff84db99000 	C:\Windows\System32\SHCORE.dll
0x00007ff84eb80000 - 0x00007ff84ebde000 	C:\Windows\System32\shlwapi.dll
0x00007ff84c900000 - 0x00007ff84c921000 	C:\Windows\SYSTEM32\profapi.dll
0x00007ff83a260000 - 0x00007ff83a337000 	C:\Program Files\Java\jdk-23\bin\jsvml.dll
0x00007ff848880000 - 0x00007ff848890000 	C:\Program Files\Java\jdk-23\bin\net.dll
0x00007ff84be30000 - 0x00007ff84be99000 	C:\Windows\system32\mswsock.dll
0x00007ff848830000 - 0x00007ff848846000 	C:\Program Files\Java\jdk-23\bin\nio.dll
0x00007ff848720000 - 0x00007ff848737000 	C:\Program Files\Java\jdk-23\bin\zip.dll
0x00007ff845100000 - 0x00007ff845124000 	C:\Program Files\Java\maven\apache-maven-3.9.8\lib\jansi-native\Windows\x86_64\jansi.dll
0x00007ff848780000 - 0x00007ff848790000 	C:\Program Files\Java\jdk-23\bin\verify.dll

dbghelp: loaded successfully - version: 4.0.5 - missing functions: none
symbol engine: initialized successfully - sym options: 0x614 - pdb path: .;C:\Program Files\Java\jdk-23\bin;C:\Windows\SYSTEM32;C:\Windows\WinSxS\amd64_microsoft.windows.common-controls_6595b64144ccf1df_6.0.22621.3672_none_2713b9d173822955;C:\Program Files\Java\jdk-23\bin\server;C:\Program Files\Java\maven\apache-maven-3.9.8\lib\jansi-native\Windows\x86_64

VM Arguments:
jvm_args: -Dclassworlds.conf=C:\Program Files\Java\maven\apache-maven-3.9.8\bin\m2.conf -Dmaven.home=C:\Program Files\Java\maven\apache-maven-3.9.8 -Dlibrary.jansi.path=C:\Program Files\Java\maven\apache-maven-3.9.8\lib\jansi-native -Dmaven.multiModuleProjectDirectory=c:\Users\nmene\Desktop\Inventarios\inventario 
java_command: org.codehaus.plexus.classworlds.launcher.Launcher -q help:effective-pom -Doutput=c:\Users\nmene\Desktop\Inventarios\inventario\effective-pom.xml -f c:/Users/nmene/Desktop/Inventarios/inventario/pom.xml
java_class_path (initial): C:\Program Files\Java\maven\apache-maven-3.9.8\boot\plexus-classworlds-2.8.0.jar
Launcher Type: SUN_STANDARD

[Global flags]
     intx CICompilerCount                          = 4                                         {product} {ergonomic}
     uint ConcGCThreads                            = 2                                         {product} {ergonomic}
     uint G1ConcRefinementThreads                  = 8                                         {product} {ergonomic}
   size_t G1HeapRegionSize                         = 1048576                                   {product} {ergonomic}
   size_t InitialHeapSize                          = 117440512                                 {product} {ergonomic}
   size_t MarkStackSize                            = 4194304                                   {product} {ergonomic}
   size_t MarkStackSizeMax                         = 536870912                                 {product} {ergonomic}
   size_t MaxHeapSize                              = 1866465280                                {product} {ergonomic}
   size_t MaxNewSize                               = 1119879168                                {product} {ergonomic}
   size_t MinHeapDeltaBytes                        = 1048576                                   {product} {ergonomic}
   size_t MinHeapSize                              = 8388608                                   {product} {ergonomic}
    uintx NonNMethodCodeHeapSize                   = 5832704                                {pd product} {ergonomic}
    uintx NonProfiledCodeHeapSize                  = 122945536                              {pd product} {ergonomic}
    uintx ProfiledCodeHeapSize                     = 122880000                              {pd product} {ergonomic}
    uintx ReservedCodeCacheSize                    = 251658240                              {pd product} {ergonomic}
     bool SegmentedCodeCache                       = true                                      {product} {ergonomic}
   size_t SoftMaxHeapSize                          = 1866465280                             {manageable} {ergonomic}
     bool UseCompressedOops                        = true                           {product lp64_product} {ergonomic}
     bool UseG1GC                                  = true                                      {product} {ergonomic}
     bool UseLargePagesIndividualAllocation        = false                                  {pd product} {ergonomic}

Logging:
Log output configuration:
 #0: stdout all=warning uptime,level,tags foldmultilines=false
 #1: stderr all=off uptime,level,tags foldmultilines=false

Environment Variables:
JAVA_HOME=C:\Program Files\Java\jdk-23
PATH=C:\Windows\system32;C:\Windows;C:\Windows\System32\Wbem;C:\Windows\System32\WindowsPowerShell\v1.0\;C:\Windows\System32\OpenSSH\;C:\Program Files\Git\cmd;C:\Program Files\nodejs\;C:\Program Files\Docker\Docker\resources\bin;C:\Program Files\Java\maven\apache-maven-3.9.8\bin;C:\Program Files\MySQL\MySQL Shell 8.0\bin\;C:\Users\nmene\AppData\Local\Microsoft\WindowsApps;C:\Users\nmene\AppData\Local\Programs\Microsoft VS Code\bin;C:\Program Files\Java\jdk-23\bin;C:\Users\nmene\AppData\Roaming\npm
USERNAME=nmene
OS=Windows_NT
PROCESSOR_IDENTIFIER=AMD64 Family 23 Model 17 Stepping 0, AuthenticAMD
TMP=C:\Users\nmene\AppData\Local\Temp
TEMP=C:\Users\nmene\AppData\Local\Temp




Periodic native trim disabled

---------------  S Y S T E M  ---------------

OS:
 Windows 11 , 64 bit Build 22621 (10.0.22621.3958)
OS uptime: 2 days 21:04 hours
Hyper-V role detected

CPU: total 8 (initial active 8) (8 cores per cpu, 2 threads per core) family 23 model 17 stepping 0 microcode 0x0, cx8, cmov, fxsr, ht, mmx, 3dnowpref, sse, sse2, sse3, ssse3, sse4a, sse4.1, sse4.2, popcnt, lzcnt, tsc, tscinvbit, avx, avx2, aes, clmul, bmi1, bmi2, adx, sha, fma, vzeroupper, clflush, clflushopt, hv, rdtscp, f16c
Processor Information for the first 8 processors :
  Max Mhz: 2000, Current Mhz: 2000, Mhz Limit: 2000

Memory: 4k page, system-wide physical 7117M (428M free)
TotalPageFile size 21313M (AvailPageFile size 0M)
current process WorkingSet (physical memory assigned to process): 149M, peak: 149M
current process commit charge ("private bytes"): 239M, peak: 240M

vm_info: OpenJDK 64-Bit Server VM (23-ea+27-2275) for windows-amd64 JRE (23-ea+27-2275), built on 2024-06-13T08:24:49Z with MS VC++ 17.6 (VS2022)

END.
